
extDB3: https://bitbucket.org/torndeco/extdb3/wiki/Home
extDB3: Version: 1.022
extDB3: Windows Debug Version

Message: All development for extDB3 is done on a Linux Dedicated Server
Message: If you would like to Donate to extDB3 Development
Message: https://www.paypal.com/cgi-bin/webscr?cmd=_s-xclick&hosted_button_id=2SUEFTGABTAM2
Message: Also leave a message if there is any particular feature you would like to see added.
Message: Thanks for all the people that have donated.
Message: Torndeco: 18/05/15


extDB3: Found extdb3-conf.ini
extDB3: Detected 4 Cores, Setting up 4 Worker Threads
extDB3: ...
extDB3: ...
extDB3: ...
extDB3: ...


[15:11:00:091724 -3:00] [Thread 4728] extDB3: Input from Server: 9:VERSION
[15:11:00:091724 -3:00] [Thread 4728] extDB3: Output to Server: 1.022
[15:11:30:948489 -3:00] [Thread 4728] extDB3: Input from Server: 9:ADD_DATABASE:altislife
[15:11:30:951489 -3:00] [Thread 4728] extDB3: Output to Server: [1]
[15:11:30:951489 -3:00] [Thread 4728] extDB3: Input from Server: 9:ADD_DATABASE_PROTOCOL:altislife:SQL:6211:TEXT2
[15:11:30:951489 -3:00] [Thread 4728] extDB3: SQL: Initialized: Add Quotes around TEXT Datatypes mode: 2
[15:11:30:951489 -3:00] [Thread 4728] extDB3: SQL: Initialized: NULL = ""
[15:11:30:951489 -3:00] [Thread 4728] extDB3: Output to Server: [1]
[15:11:30:951489 -3:00] [Thread 4728] extDB3: Input from Server: 9:LOCK
[15:11:30:951489 -3:00] [Thread 4728] extDB3: Locked
[15:11:30:951489 -3:00] [Thread 4728] extDB3: Output to Server: [1]
[15:11:30:951489 -3:00] [Thread 4728] extDB3: Input from Server: 1:6211:CALL resetLifeVehicles
[15:11:30:951489 -3:00] [Thread 4728] extDB3: Output to Server: 
[15:11:30:951489 -3:00] [Thread 1984] extDB3: SQL: Trace: Input: CALL resetLifeVehicles
[15:11:30:952489 -3:00] [Thread 4728] extDB3: Input from Server: 1:6211:CALL deleteDeadVehicles
[15:11:30:952489 -3:00] [Thread 4728] extDB3: Output to Server: 
[15:11:30:952489 -3:00] [Thread 4016] extDB3: SQL: Trace: Input: CALL deleteDeadVehicles
[15:11:30:952489 -3:00] [Thread 4728] extDB3: Input from Server: 1:6211:CALL deleteOldHouses
[15:11:30:952489 -3:00] [Thread 4728] extDB3: Output to Server: 
[15:11:30:952489 -3:00] [Thread 4728] extDB3: Input from Server: 1:6211:CALL deleteOldGangs
[15:11:30:952489 -3:00] [Thread 4728] extDB3: Output to Server: 
[15:11:30:952489 -3:00] [Thread 5012] extDB3: SQL: Trace: Input: CALL deleteOldHouses
[15:11:30:952489 -3:00] [Thread 1160] extDB3: SQL: Trace: Input: CALL deleteOldGangs
[15:11:30:953489 -3:00] [Thread 1984] extDB3: SQL: Trace: Result: [1,[]]
[15:11:30:955489 -3:00] [Thread 4016] extDB3: SQL: Trace: Result: [1,[]]
[15:11:30:957489 -3:00] [Thread 5012] extDB3: SQL: Trace: Result: [1,[]]
[15:11:30:958489 -3:00] [Thread 1160] extDB3: SQL: Trace: Result: [1,[]]
[15:11:36:503806 -3:00] [Thread 4728] extDB3: Input from Server: 1:6211:UPDATE players SET civ_alive = '0' WHERE civ_alive = '1'
[15:11:36:503806 -3:00] [Thread 4728] extDB3: Output to Server: 
[15:11:36:503806 -3:00] [Thread 1160] extDB3: SQL: Trace: Input: UPDATE players SET civ_alive = '0' WHERE civ_alive = '1'
[15:11:38:118899 -3:00] [Thread 1160] extDB3: SQL: Trace: Result: [1,[]]
[15:13:09:841145 -3:00] [Thread 4728] extDB3: Input from Server: 2:6211:SELECT COUNT(*) FROM houses WHERE owned='1'
[15:13:09:841145 -3:00] [Thread 4728] extDB3: Output to Server: [2,"100"]
[15:13:09:841145 -3:00] [Thread 1160] extDB3: SQL: Trace: Input: SELECT COUNT(*) FROM houses WHERE owned='1'
[15:13:09:841145 -3:00] [Thread 4728] extDB3: Input from Server: 4:100
[15:13:09:841145 -3:00] [Thread 4728] extDB3: Output to Server: [3]
[15:13:09:841145 -3:00] [Thread 4728] extDB3: Input from Server: 4:100
[15:13:09:841145 -3:00] [Thread 4728] extDB3: Output to Server: [3]
[15:13:09:841145 -3:00] [Thread 4728] extDB3: Input from Server: 4:100
[15:13:09:841145 -3:00] [Thread 4728] extDB3: Output to Server: [3]
[15:13:09:841145 -3:00] [Thread 4728] extDB3: Input from Server: 4:100
[15:13:09:841145 -3:00] [Thread 4728] extDB3: Output to Server: [3]
[15:13:09:841145 -3:00] [Thread 4728] extDB3: Input from Server: 4:100
[15:13:09:841145 -3:00] [Thread 4728] extDB3: Output to Server: [3]
[15:13:09:842145 -3:00] [Thread 4728] extDB3: Input from Server: 4:100
[15:13:09:842145 -3:00] [Thread 4728] extDB3: Output to Server: [3]
[15:13:09:842145 -3:00] [Thread 4728] extDB3: Input from Server: 4:100
[15:13:09:842145 -3:00] [Thread 4728] extDB3: Output to Server: [3]
[15:13:09:842145 -3:00] [Thread 4728] extDB3: Input from Server: 4:100
[15:13:09:842145 -3:00] [Thread 4728] extDB3: Output to Server: [3]
[15:13:09:842145 -3:00] [Thread 4728] extDB3: Input from Server: 4:100
[15:13:09:842145 -3:00] [Thread 4728] extDB3: Output to Server: [3]
[15:13:09:842145 -3:00] [Thread 4728] extDB3: Input from Server: 4:100
[15:13:09:842145 -3:00] [Thread 4728] extDB3: Output to Server: [3]
[15:13:09:842145 -3:00] [Thread 4728] extDB3: Input from Server: 4:100
[15:13:09:842145 -3:00] [Thread 4728] extDB3: Output to Server: [3]
[15:13:09:842145 -3:00] [Thread 4728] extDB3: Input from Server: 4:100
[15:13:09:842145 -3:00] [Thread 4728] extDB3: Output to Server: [3]
[15:13:09:842145 -3:00] [Thread 1160] extDB3: SQL: Trace: Result: [1,[[0]]]
[15:13:09:842145 -3:00] [Thread 4728] extDB3: Input from Server: 4:100
[15:13:09:842145 -3:00] [Thread 4728] extDB3: Output to Server: [1,[[0]]]
[15:13:09:842145 -3:00] [Thread 4728] extDB3: Input from Server: 2:6211:SELECT houses.id, houses.pid, houses.pos, players.name, houses.garage FROM houses INNER JOIN players WHERE houses.owned='1' AND houses.pid = players.pid LIMIT 0,10
[15:13:09:842145 -3:00] [Thread 4728] extDB3: Output to Server: [2,"101"]
[15:13:09:842145 -3:00] [Thread 1160] extDB3: SQL: Trace: Input: SELECT houses.id, houses.pid, houses.pos, players.name, houses.garage FROM houses INNER JOIN players WHERE houses.owned='1' AND houses.pid = players.pid LIMIT 0,10
[15:13:09:842145 -3:00] [Thread 4728] extDB3: Input from Server: 4:101
[15:13:09:842145 -3:00] [Thread 4728] extDB3: Output to Server: [3]
[15:13:09:842145 -3:00] [Thread 4728] extDB3: Input from Server: 4:101
[15:13:09:842145 -3:00] [Thread 4728] extDB3: Output to Server: [3]
[15:13:09:842145 -3:00] [Thread 4728] extDB3: Input from Server: 4:101
[15:13:09:842145 -3:00] [Thread 4728] extDB3: Output to Server: [3]
[15:13:09:842145 -3:00] [Thread 4728] extDB3: Input from Server: 4:101
[15:13:09:842145 -3:00] [Thread 4728] extDB3: Output to Server: [3]
[15:13:09:842145 -3:00] [Thread 4728] extDB3: Input from Server: 4:101
[15:13:09:842145 -3:00] [Thread 4728] extDB3: Output to Server: [3]
[15:13:09:842145 -3:00] [Thread 4728] extDB3: Input from Server: 4:101
[15:13:09:843145 -3:00] [Thread 4728] extDB3: Output to Server: [3]
[15:13:09:843145 -3:00] [Thread 4728] extDB3: Input from Server: 4:101
[15:13:09:843145 -3:00] [Thread 4728] extDB3: Output to Server: [3]
[15:13:09:843145 -3:00] [Thread 4728] extDB3: Input from Server: 4:101
[15:13:09:843145 -3:00] [Thread 4728] extDB3: Output to Server: [3]
[15:13:09:843145 -3:00] [Thread 4728] extDB3: Input from Server: 4:101
[15:13:09:843145 -3:00] [Thread 4728] extDB3: Output to Server: [3]
[15:13:09:843145 -3:00] [Thread 1160] extDB3: SQL: Trace: Result: [1,[]]
[15:13:09:843145 -3:00] [Thread 4728] extDB3: Input from Server: 4:101
[15:13:09:843145 -3:00] [Thread 4728] extDB3: Output to Server: [1,[]]
[15:13:13:320344 -3:00] [Thread 4728] extDB3: Input from Server: 2:6211:SELECT pid, name, cash, bankacc, adminlevel, donorlevel, civ_licenses, arrested, civ_gear, civ_stats, civ_alive, civ_position, playtime FROM players WHERE pid='76561198119999473'
[15:13:13:320344 -3:00] [Thread 4728] extDB3: Output to Server: [2,"102"]
[15:13:13:320344 -3:00] [Thread 4728] extDB3: Input from Server: 4:102
[15:13:13:320344 -3:00] [Thread 4728] extDB3: Output to Server: [3]
[15:13:13:320344 -3:00] [Thread 4728] extDB3: Input from Server: 4:102
[15:13:13:320344 -3:00] [Thread 4728] extDB3: Output to Server: [3]
[15:13:13:320344 -3:00] [Thread 4728] extDB3: Input from Server: 4:102
[15:13:13:320344 -3:00] [Thread 4728] extDB3: Output to Server: [3]
[15:13:13:320344 -3:00] [Thread 4728] extDB3: Input from Server: 4:102
[15:13:13:320344 -3:00] [Thread 4728] extDB3: Output to Server: [3]
[15:13:13:320344 -3:00] [Thread 4728] extDB3: Input from Server: 4:102
[15:13:13:320344 -3:00] [Thread 4728] extDB3: Output to Server: [3]
[15:13:13:320344 -3:00] [Thread 4728] extDB3: Input from Server: 4:102
[15:13:13:320344 -3:00] [Thread 4728] extDB3: Output to Server: [3]
[15:13:13:320344 -3:00] [Thread 4728] extDB3: Input from Server: 4:102
[15:13:13:320344 -3:00] [Thread 4728] extDB3: Output to Server: [3]
[15:13:13:320344 -3:00] [Thread 4728] extDB3: Input from Server: 4:102
[15:13:13:320344 -3:00] [Thread 4728] extDB3: Output to Server: [3]
[15:13:13:320344 -3:00] [Thread 4728] extDB3: Input from Server: 4:102
[15:13:13:320344 -3:00] [Thread 4728] extDB3: Output to Server: [3]
[15:13:13:321344 -3:00] [Thread 4728] extDB3: Input from Server: 4:102
[15:13:13:321344 -3:00] [Thread 4728] extDB3: Output to Server: [3]
[15:13:13:321344 -3:00] [Thread 4728] extDB3: Input from Server: 4:102
[15:13:13:321344 -3:00] [Thread 4728] extDB3: Output to Server: [3]
[15:13:13:321344 -3:00] [Thread 4728] extDB3: Input from Server: 4:102
[15:13:13:321344 -3:00] [Thread 4728] extDB3: Output to Server: [3]
[15:13:13:321344 -3:00] [Thread 4728] extDB3: Input from Server: 4:102
[15:13:13:321344 -3:00] [Thread 4728] extDB3: Output to Server: [3]
[15:13:13:321344 -3:00] [Thread 4728] extDB3: Input from Server: 4:102
[15:13:13:321344 -3:00] [Thread 4728] extDB3: Output to Server: [3]
[15:13:13:321344 -3:00] [Thread 4728] extDB3: Input from Server: 4:102
[15:13:13:321344 -3:00] [Thread 4728] extDB3: Output to Server: [3]
[15:13:13:321344 -3:00] [Thread 4728] extDB3: Input from Server: 4:102
[15:13:13:321344 -3:00] [Thread 4728] extDB3: Output to Server: [3]
[15:13:13:321344 -3:00] [Thread 4728] extDB3: Input from Server: 4:102
[15:13:13:321344 -3:00] [Thread 4728] extDB3: Output to Server: [3]
[15:13:13:321344 -3:00] [Thread 4728] extDB3: Input from Server: 4:102
[15:13:13:321344 -3:00] [Thread 4728] extDB3: Output to Server: [3]
[15:13:13:321344 -3:00] [Thread 4728] extDB3: Input from Server: 4:102
[15:13:13:321344 -3:00] [Thread 4728] extDB3: Output to Server: [3]
[15:13:13:321344 -3:00] [Thread 4728] extDB3: Input from Server: 4:102
[15:13:13:321344 -3:00] [Thread 4728] extDB3: Output to Server: [3]
[15:13:13:321344 -3:00] [Thread 4728] extDB3: Input from Server: 4:102
[15:13:13:321344 -3:00] [Thread 4728] extDB3: Output to Server: [3]
[15:13:13:321344 -3:00] [Thread 4728] extDB3: Input from Server: 4:102
[15:13:13:321344 -3:00] [Thread 4728] extDB3: Output to Server: [3]
[15:13:13:321344 -3:00] [Thread 4728] extDB3: Input from Server: 4:102
[15:13:13:321344 -3:00] [Thread 4728] extDB3: Output to Server: [3]
[15:13:13:321344 -3:00] [Thread 4728] extDB3: Input from Server: 4:102
[15:13:13:321344 -3:00] [Thread 4728] extDB3: Output to Server: [3]
[15:13:13:321344 -3:00] [Thread 4728] extDB3: Input from Server: 4:102
[15:13:13:321344 -3:00] [Thread 4728] extDB3: Output to Server: [3]
[15:13:13:321344 -3:00] [Thread 4728] extDB3: Input from Server: 4:102
[15:13:13:321344 -3:00] [Thread 4728] extDB3: Output to Server: [3]
[15:13:13:321344 -3:00] [Thread 4728] extDB3: Input from Server: 4:102
[15:13:13:321344 -3:00] [Thread 4728] extDB3: Output to Server: [3]
[15:13:13:321344 -3:00] [Thread 4728] extDB3: Input from Server: 4:102
[15:13:13:321344 -3:00] [Thread 4728] extDB3: Output to Server: [3]
[15:13:13:321344 -3:00] [Thread 4728] extDB3: Input from Server: 4:102
[15:13:13:321344 -3:00] [Thread 4728] extDB3: Output to Server: [3]
[15:13:13:321344 -3:00] [Thread 4728] extDB3: Input from Server: 4:102
[15:13:13:321344 -3:00] [Thread 4728] extDB3: Output to Server: [3]
[15:13:13:321344 -3:00] [Thread 4728] extDB3: Input from Server: 4:102
[15:13:13:321344 -3:00] [Thread 4728] extDB3: Output to Server: [3]
[15:13:13:321344 -3:00] [Thread 4728] extDB3: Input from Server: 4:102
[15:13:13:321344 -3:00] [Thread 4728] extDB3: Output to Server: [3]
[15:13:13:321344 -3:00] [Thread 4728] extDB3: Input from Server: 4:102
[15:13:13:321344 -3:00] [Thread 4728] extDB3: Output to Server: [3]
[15:13:13:321344 -3:00] [Thread 4728] extDB3: Input from Server: 4:102
[15:13:13:321344 -3:00] [Thread 4728] extDB3: Output to Server: [3]
[15:13:13:321344 -3:00] [Thread 4728] extDB3: Input from Server: 4:102
[15:13:13:321344 -3:00] [Thread 4728] extDB3: Output to Server: [3]
[15:13:13:321344 -3:00] [Thread 4728] extDB3: Input from Server: 4:102
[15:13:13:321344 -3:00] [Thread 4728] extDB3: Output to Server: [3]
[15:13:13:321344 -3:00] [Thread 4728] extDB3: Input from Server: 4:102
[15:13:13:321344 -3:00] [Thread 4728] extDB3: Output to Server: [3]
[15:13:13:321344 -3:00] [Thread 1160] extDB3: SQL: Trace: Input: SELECT pid, name, cash, bankacc, adminlevel, donorlevel, civ_licenses, arrested, civ_gear, civ_stats, civ_alive, civ_position, playtime FROM players WHERE pid='76561198119999473'
[15:13:13:321344 -3:00] [Thread 4728] extDB3: Input from Server: 4:102
[15:13:13:321344 -3:00] [Thread 4728] extDB3: Output to Server: [3]
[15:13:13:321344 -3:00] [Thread 4728] extDB3: Input from Server: 4:102
[15:13:13:321344 -3:00] [Thread 4728] extDB3: Output to Server: [3]
[15:13:13:321344 -3:00] [Thread 4728] extDB3: Input from Server: 4:102
[15:13:13:321344 -3:00] [Thread 4728] extDB3: Output to Server: [3]
[15:13:13:321344 -3:00] [Thread 4728] extDB3: Input from Server: 4:102
[15:13:13:321344 -3:00] [Thread 4728] extDB3: Output to Server: [3]
[15:13:13:321344 -3:00] [Thread 4728] extDB3: Input from Server: 4:102
[15:13:13:321344 -3:00] [Thread 4728] extDB3: Output to Server: [3]
[15:13:13:321344 -3:00] [Thread 4728] extDB3: Input from Server: 4:102
[15:13:13:321344 -3:00] [Thread 4728] extDB3: Output to Server: [3]
[15:13:13:321344 -3:00] [Thread 4728] extDB3: Input from Server: 4:102
[15:13:13:321344 -3:00] [Thread 4728] extDB3: Output to Server: [3]
[15:13:13:321344 -3:00] [Thread 4728] extDB3: Input from Server: 4:102
[15:13:13:321344 -3:00] [Thread 4728] extDB3: Output to Server: [3]
[15:13:13:322344 -3:00] [Thread 4728] extDB3: Input from Server: 4:102
[15:13:13:322344 -3:00] [Thread 4728] extDB3: Output to Server: [3]
[15:13:13:322344 -3:00] [Thread 4728] extDB3: Input from Server: 4:102
[15:13:13:322344 -3:00] [Thread 4728] extDB3: Output to Server: [3]
[15:13:13:322344 -3:00] [Thread 4728] extDB3: Input from Server: 4:102
[15:13:13:322344 -3:00] [Thread 4728] extDB3: Output to Server: [3]
[15:13:13:322344 -3:00] [Thread 4728] extDB3: Input from Server: 4:102
[15:13:13:322344 -3:00] [Thread 4728] extDB3: Output to Server: [3]
[15:13:13:322344 -3:00] [Thread 4728] extDB3: Input from Server: 4:102
[15:13:13:322344 -3:00] [Thread 4728] extDB3: Output to Server: [3]
[15:13:13:322344 -3:00] [Thread 4728] extDB3: Input from Server: 4:102
[15:13:13:322344 -3:00] [Thread 4728] extDB3: Output to Server: [3]
[15:13:13:322344 -3:00] [Thread 4728] extDB3: Input from Server: 4:102
[15:13:13:322344 -3:00] [Thread 4728] extDB3: Output to Server: [3]
[15:13:13:322344 -3:00] [Thread 4728] extDB3: Input from Server: 4:102
[15:13:13:322344 -3:00] [Thread 4728] extDB3: Output to Server: [3]
[15:13:13:322344 -3:00] [Thread 4728] extDB3: Input from Server: 4:102
[15:13:13:322344 -3:00] [Thread 4728] extDB3: Output to Server: [3]
[15:13:13:322344 -3:00] [Thread 4728] extDB3: Input from Server: 4:102
[15:13:13:322344 -3:00] [Thread 4728] extDB3: Output to Server: [3]
[15:13:13:322344 -3:00] [Thread 4728] extDB3: Input from Server: 4:102
[15:13:13:322344 -3:00] [Thread 4728] extDB3: Output to Server: [3]
[15:13:13:322344 -3:00] [Thread 4728] extDB3: Input from Server: 4:102
[15:13:13:322344 -3:00] [Thread 1160] extDB3: SQL: Trace: Result: [1,[['76561198119999473','JasoN',999998016,1000000,5,0,"[[`license_civ_driver`,0],[`license_civ_boat`,0],[`license_civ_pilot`,0],[`license_civ_trucking`,0],[`license_civ_gun`,0],[`license_civ_dive`,1],[`license_civ_home`,0],[`license_civ_oil`,0],[`license_civ_diamond`,0],[`license_civ_salt`,0],[`license_civ_sand`,0],[`license_civ_iron`,0],[`license_civ_copper`,0],[`license_civ_cement`,0],[`license_civ_medmarijuana`,0],[`license_civ_cocaine`,0],[`license_civ_heroin`,0],[`license_civ_marijuana`,0],[`license_civ_metanfetamina`,0],[`license_civ_rebel`,0],[`license_civ_whiskey`,0],[`license_civ_cocacola`,0],[`license_civ_processor`,0],[`license_civ_motherboard`,0],[`license_civ_graphics`,0],[`license_civ_memory`,0],[`license_civ_gamingcomputer`,0],[`license_civ_ritalina`,0],[`license_civ_legalweed`,0],[`license_civ_whiskeyaged`,0]]",0,"[`U_Rangemaster`,``,``,``,``,[`ItemMap`,`ItemCompass`,`ItemWatch`],``,``,[],[],[],[],[],[],[``,``,``,``],[``,``,``,``],[]]",'"[100,100,0]"',0,'"[11449.9,7036.61,0.00227356]"','"[10,2,11]"']]]
[15:13:13:322344 -3:00] [Thread 4728] extDB3: Output to Server: [3]
[15:13:13:322344 -3:00] [Thread 4728] extDB3: Input from Server: 4:102
[15:13:13:322344 -3:00] [Thread 4728] extDB3: Output to Server: [1,[['76561198119999473','JasoN',999998016,1000000,5,0,"[[`license_civ_driver`,0],[`license_civ_boat`,0],[`license_civ_pilot`,0],[`license_civ_trucking`,0],[`license_civ_gun`,0],[`license_civ_dive`,1],[`license_civ_home`,0],[`license_civ_oil`,0],[`license_civ_diamond`,0],[`license_civ_salt`,0],[`license_civ_sand`,0],[`license_civ_iron`,0],[`license_civ_copper`,0],[`license_civ_cement`,0],[`license_civ_medmarijuana`,0],[`license_civ_cocaine`,0],[`license_civ_heroin`,0],[`license_civ_marijuana`,0],[`license_civ_metanfetamina`,0],[`license_civ_rebel`,0],[`license_civ_whiskey`,0],[`license_civ_cocacola`,0],[`license_civ_processor`,0],[`license_civ_motherboard`,0],[`license_civ_graphics`,0],[`license_civ_memory`,0],[`license_civ_gamingcomputer`,0],[`license_civ_ritalina`,0],[`license_civ_legalweed`,0],[`license_civ_whiskeyaged`,0]]",0,"[`U_Rangemaster`,``,``,``,``,[`ItemMap`,`ItemCompass`,`ItemWatch`],``,``,[],[],[],[],[],[],[``,``,``,``],[``,``,``,``],[]]",'"[100,100,0]"',0,'"[11449.9,7036.61,0.00227356]"','"[10,2,11]"']]]
[15:13:13:919378 -3:00] [Thread 4728] extDB3: Input from Server: 2:6211:SELECT pid, pos, classname, inventory, gear, dir, id FROM containers WHERE pid='76561198119999473' AND owned='1'
[15:13:13:919378 -3:00] [Thread 4728] extDB3: Output to Server: [2,"103"]
[15:13:13:919378 -3:00] [Thread 4728] extDB3: Input from Server: 4:103
[15:13:13:919378 -3:00] [Thread 4728] extDB3: Output to Server: [3]
[15:13:13:920378 -3:00] [Thread 4728] extDB3: Input from Server: 4:103
[15:13:13:920378 -3:00] [Thread 4728] extDB3: Output to Server: [3]
[15:13:13:920378 -3:00] [Thread 4728] extDB3: Input from Server: 4:103
[15:13:13:920378 -3:00] [Thread 4728] extDB3: Output to Server: [3]
[15:13:13:920378 -3:00] [Thread 4728] extDB3: Input from Server: 4:103
[15:13:13:920378 -3:00] [Thread 4728] extDB3: Output to Server: [3]
[15:13:13:920378 -3:00] [Thread 4728] extDB3: Input from Server: 4:103
[15:13:13:920378 -3:00] [Thread 4728] extDB3: Output to Server: [3]
[15:13:13:920378 -3:00] [Thread 4728] extDB3: Input from Server: 4:103
[15:13:13:920378 -3:00] [Thread 4728] extDB3: Output to Server: [3]
[15:13:13:920378 -3:00] [Thread 4728] extDB3: Input from Server: 4:103
[15:13:13:920378 -3:00] [Thread 4728] extDB3: Output to Server: [3]
[15:13:13:920378 -3:00] [Thread 4728] extDB3: Input from Server: 4:103
[15:13:13:920378 -3:00] [Thread 4728] extDB3: Output to Server: [3]
[15:13:13:920378 -3:00] [Thread 4728] extDB3: Input from Server: 4:103
[15:13:13:920378 -3:00] [Thread 4728] extDB3: Output to Server: [3]
[15:13:13:920378 -3:00] [Thread 4728] extDB3: Input from Server: 4:103
[15:13:13:920378 -3:00] [Thread 4728] extDB3: Output to Server: [3]
[15:13:13:920378 -3:00] [Thread 4728] extDB3: Input from Server: 4:103
[15:13:13:920378 -3:00] [Thread 4728] extDB3: Output to Server: [3]
[15:13:13:920378 -3:00] [Thread 4728] extDB3: Input from Server: 4:103
[15:13:13:920378 -3:00] [Thread 4728] extDB3: Output to Server: [3]
[15:13:13:920378 -3:00] [Thread 4728] extDB3: Input from Server: 4:103
[15:13:13:920378 -3:00] [Thread 4728] extDB3: Output to Server: [3]
[15:13:13:920378 -3:00] [Thread 4728] extDB3: Input from Server: 4:103
[15:13:13:920378 -3:00] [Thread 4728] extDB3: Output to Server: [3]
[15:13:13:920378 -3:00] [Thread 4728] extDB3: Input from Server: 4:103
[15:13:13:920378 -3:00] [Thread 4728] extDB3: Output to Server: [3]
[15:13:13:920378 -3:00] [Thread 4728] extDB3: Input from Server: 4:103
[15:13:13:920378 -3:00] [Thread 4728] extDB3: Output to Server: [3]
[15:13:13:920378 -3:00] [Thread 4728] extDB3: Input from Server: 4:103
[15:13:13:920378 -3:00] [Thread 4728] extDB3: Output to Server: [3]
[15:13:13:920378 -3:00] [Thread 4728] extDB3: Input from Server: 4:103
[15:13:13:920378 -3:00] [Thread 4728] extDB3: Output to Server: [3]
[15:13:13:920378 -3:00] [Thread 4728] extDB3: Input from Server: 4:103
[15:13:13:920378 -3:00] [Thread 4728] extDB3: Output to Server: [3]
[15:13:13:920378 -3:00] [Thread 4728] extDB3: Input from Server: 4:103
[15:13:13:920378 -3:00] [Thread 4728] extDB3: Output to Server: [3]
[15:13:13:920378 -3:00] [Thread 4728] extDB3: Input from Server: 4:103
[15:13:13:920378 -3:00] [Thread 4728] extDB3: Output to Server: [3]
[15:13:13:920378 -3:00] [Thread 4728] extDB3: Input from Server: 4:103
[15:13:13:920378 -3:00] [Thread 4728] extDB3: Output to Server: [3]
[15:13:13:920378 -3:00] [Thread 4728] extDB3: Input from Server: 4:103
[15:13:13:920378 -3:00] [Thread 4728] extDB3: Output to Server: [3]
[15:13:13:920378 -3:00] [Thread 4728] extDB3: Input from Server: 4:103
[15:13:13:920378 -3:00] [Thread 4728] extDB3: Output to Server: [3]
[15:13:13:920378 -3:00] [Thread 4728] extDB3: Input from Server: 4:103
[15:13:13:920378 -3:00] [Thread 4728] extDB3: Output to Server: [3]
[15:13:13:920378 -3:00] [Thread 4728] extDB3: Input from Server: 4:103
[15:13:13:920378 -3:00] [Thread 4728] extDB3: Output to Server: [3]
[15:13:13:920378 -3:00] [Thread 4728] extDB3: Input from Server: 4:103
[15:13:13:920378 -3:00] [Thread 4728] extDB3: Output to Server: [3]
[15:13:13:920378 -3:00] [Thread 4728] extDB3: Input from Server: 4:103
[15:13:13:920378 -3:00] [Thread 4728] extDB3: Output to Server: [3]
[15:13:13:920378 -3:00] [Thread 4728] extDB3: Input from Server: 4:103
[15:13:13:920378 -3:00] [Thread 4728] extDB3: Output to Server: [3]
[15:13:13:920378 -3:00] [Thread 4728] extDB3: Input from Server: 4:103
[15:13:13:920378 -3:00] [Thread 4728] extDB3: Output to Server: [3]
[15:13:13:920378 -3:00] [Thread 4728] extDB3: Input from Server: 4:103
[15:13:13:920378 -3:00] [Thread 4728] extDB3: Output to Server: [3]
[15:13:13:920378 -3:00] [Thread 4728] extDB3: Input from Server: 4:103
[15:13:13:920378 -3:00] [Thread 4728] extDB3: Output to Server: [3]
[15:13:13:920378 -3:00] [Thread 4728] extDB3: Input from Server: 4:103
[15:13:13:920378 -3:00] [Thread 4728] extDB3: Output to Server: [3]
[15:13:13:920378 -3:00] [Thread 4728] extDB3: Input from Server: 4:103
[15:13:13:920378 -3:00] [Thread 4728] extDB3: Output to Server: [3]
[15:13:13:920378 -3:00] [Thread 4728] extDB3: Input from Server: 4:103
[15:13:13:920378 -3:00] [Thread 4728] extDB3: Output to Server: [3]
[15:13:13:920378 -3:00] [Thread 4728] extDB3: Input from Server: 4:103
[15:13:13:920378 -3:00] [Thread 1160] extDB3: SQL: Trace: Input: SELECT pid, pos, classname, inventory, gear, dir, id FROM containers WHERE pid='76561198119999473' AND owned='1'
[15:13:13:920378 -3:00] [Thread 4728] extDB3: Output to Server: [3]
[15:13:13:921378 -3:00] [Thread 4728] extDB3: Input from Server: 4:103
[15:13:13:921378 -3:00] [Thread 4728] extDB3: Output to Server: [3]
[15:13:13:921378 -3:00] [Thread 4728] extDB3: Input from Server: 4:103
[15:13:13:921378 -3:00] [Thread 4728] extDB3: Output to Server: [3]
[15:13:13:921378 -3:00] [Thread 4728] extDB3: Input from Server: 4:103
[15:13:13:921378 -3:00] [Thread 4728] extDB3: Output to Server: [3]
[15:13:13:921378 -3:00] [Thread 4728] extDB3: Input from Server: 4:103
[15:13:13:921378 -3:00] [Thread 4728] extDB3: Output to Server: [3]
[15:13:13:921378 -3:00] [Thread 4728] extDB3: Input from Server: 4:103
[15:13:13:921378 -3:00] [Thread 4728] extDB3: Output to Server: [3]
[15:13:13:921378 -3:00] [Thread 4728] extDB3: Input from Server: 4:103
[15:13:13:921378 -3:00] [Thread 4728] extDB3: Output to Server: [3]
[15:13:13:921378 -3:00] [Thread 4728] extDB3: Input from Server: 4:103
[15:13:13:921378 -3:00] [Thread 4728] extDB3: Output to Server: [3]
[15:13:13:921378 -3:00] [Thread 4728] extDB3: Input from Server: 4:103
[15:13:13:921378 -3:00] [Thread 4728] extDB3: Output to Server: [3]
[15:13:13:921378 -3:00] [Thread 4728] extDB3: Input from Server: 4:103
[15:13:13:921378 -3:00] [Thread 4728] extDB3: Output to Server: [3]
[15:13:13:921378 -3:00] [Thread 4728] extDB3: Input from Server: 4:103
[15:13:13:921378 -3:00] [Thread 4728] extDB3: Output to Server: [3]
[15:13:13:921378 -3:00] [Thread 4728] extDB3: Input from Server: 4:103
[15:13:13:921378 -3:00] [Thread 4728] extDB3: Output to Server: [3]
[15:13:13:921378 -3:00] [Thread 4728] extDB3: Input from Server: 4:103
[15:13:13:921378 -3:00] [Thread 4728] extDB3: Output to Server: [3]
[15:13:13:921378 -3:00] [Thread 1160] extDB3: SQL: Trace: Result: [1,[]]
[15:13:13:921378 -3:00] [Thread 4728] extDB3: Input from Server: 4:103
[15:13:13:921378 -3:00] [Thread 4728] extDB3: Output to Server: [1,[]]
[15:13:13:921378 -3:00] [Thread 4728] extDB3: Input from Server: 2:6211:SELECT pid, pos FROM houses WHERE pid='76561198119999473' AND owned='1'
[15:13:13:921378 -3:00] [Thread 4728] extDB3: Output to Server: [2,"104"]
[15:13:13:921378 -3:00] [Thread 1160] extDB3: SQL: Trace: Input: SELECT pid, pos FROM houses WHERE pid='76561198119999473' AND owned='1'
[15:13:13:921378 -3:00] [Thread 4728] extDB3: Input from Server: 4:104
[15:13:13:921378 -3:00] [Thread 4728] extDB3: Output to Server: [3]
[15:13:13:921378 -3:00] [Thread 4728] extDB3: Input from Server: 4:104
[15:13:13:921378 -3:00] [Thread 4728] extDB3: Output to Server: [3]
[15:13:13:921378 -3:00] [Thread 4728] extDB3: Input from Server: 4:104
[15:13:13:921378 -3:00] [Thread 4728] extDB3: Output to Server: [3]
[15:13:13:921378 -3:00] [Thread 4728] extDB3: Input from Server: 4:104
[15:13:13:921378 -3:00] [Thread 4728] extDB3: Output to Server: [3]
[15:13:13:921378 -3:00] [Thread 4728] extDB3: Input from Server: 4:104
[15:13:13:921378 -3:00] [Thread 4728] extDB3: Output to Server: [3]
[15:13:13:921378 -3:00] [Thread 4728] extDB3: Input from Server: 4:104
[15:13:13:921378 -3:00] [Thread 4728] extDB3: Output to Server: [3]
[15:13:13:921378 -3:00] [Thread 4728] extDB3: Input from Server: 4:104
[15:13:13:921378 -3:00] [Thread 4728] extDB3: Output to Server: [3]
[15:13:13:921378 -3:00] [Thread 4728] extDB3: Input from Server: 4:104
[15:13:13:921378 -3:00] [Thread 4728] extDB3: Output to Server: [3]
[15:13:13:921378 -3:00] [Thread 1160] extDB3: SQL: Trace: Result: [1,[]]
[15:13:13:921378 -3:00] [Thread 4728] extDB3: Input from Server: 4:104
[15:13:13:922378 -3:00] [Thread 4728] extDB3: Output to Server: [1,[]]
[15:13:14:040385 -3:00] [Thread 4728] extDB3: Input from Server: 2:6211:SELECT id, owner, name, maxmembers, bank, members FROM gangs WHERE active='1' AND members LIKE '%76561198119999473%'
[15:13:14:040385 -3:00] [Thread 4728] extDB3: Output to Server: [2,"105"]
[15:13:14:040385 -3:00] [Thread 4728] extDB3: Input from Server: 4:105
[15:13:14:040385 -3:00] [Thread 4728] extDB3: Output to Server: [3]
[15:13:14:040385 -3:00] [Thread 4728] extDB3: Input from Server: 4:105
[15:13:14:040385 -3:00] [Thread 4728] extDB3: Output to Server: [3]
[15:13:14:040385 -3:00] [Thread 4728] extDB3: Input from Server: 4:105
[15:13:14:040385 -3:00] [Thread 4728] extDB3: Output to Server: [3]
[15:13:14:040385 -3:00] [Thread 4728] extDB3: Input from Server: 4:105
[15:13:14:040385 -3:00] [Thread 4728] extDB3: Output to Server: [3]
[15:13:14:040385 -3:00] [Thread 4728] extDB3: Input from Server: 4:105
[15:13:14:040385 -3:00] [Thread 4728] extDB3: Output to Server: [3]
[15:13:14:040385 -3:00] [Thread 4728] extDB3: Input from Server: 4:105
[15:13:14:040385 -3:00] [Thread 4728] extDB3: Output to Server: [3]
[15:13:14:040385 -3:00] [Thread 4728] extDB3: Input from Server: 4:105
[15:13:14:040385 -3:00] [Thread 4728] extDB3: Output to Server: [3]
[15:13:14:040385 -3:00] [Thread 4728] extDB3: Input from Server: 4:105
[15:13:14:040385 -3:00] [Thread 4728] extDB3: Output to Server: [3]
[15:13:14:040385 -3:00] [Thread 4728] extDB3: Input from Server: 4:105
[15:13:14:040385 -3:00] [Thread 4728] extDB3: Output to Server: [3]
[15:13:14:040385 -3:00] [Thread 4728] extDB3: Input from Server: 4:105
[15:13:14:040385 -3:00] [Thread 4728] extDB3: Output to Server: [3]
[15:13:14:040385 -3:00] [Thread 4728] extDB3: Input from Server: 4:105
[15:13:14:040385 -3:00] [Thread 4728] extDB3: Output to Server: [3]
[15:13:14:040385 -3:00] [Thread 4728] extDB3: Input from Server: 4:105
[15:13:14:040385 -3:00] [Thread 4728] extDB3: Output to Server: [3]
[15:13:14:040385 -3:00] [Thread 4728] extDB3: Input from Server: 4:105
[15:13:14:040385 -3:00] [Thread 4728] extDB3: Output to Server: [3]
[15:13:14:040385 -3:00] [Thread 4728] extDB3: Input from Server: 4:105
[15:13:14:040385 -3:00] [Thread 4728] extDB3: Output to Server: [3]
[15:13:14:040385 -3:00] [Thread 4728] extDB3: Input from Server: 4:105
[15:13:14:040385 -3:00] [Thread 4728] extDB3: Output to Server: [3]
[15:13:14:040385 -3:00] [Thread 4728] extDB3: Input from Server: 4:105
[15:13:14:040385 -3:00] [Thread 4728] extDB3: Output to Server: [3]
[15:13:14:040385 -3:00] [Thread 4728] extDB3: Input from Server: 4:105
[15:13:14:040385 -3:00] [Thread 4728] extDB3: Output to Server: [3]
[15:13:14:040385 -3:00] [Thread 4728] extDB3: Input from Server: 4:105
[15:13:14:040385 -3:00] [Thread 4728] extDB3: Output to Server: [3]
[15:13:14:040385 -3:00] [Thread 4728] extDB3: Input from Server: 4:105
[15:13:14:040385 -3:00] [Thread 4728] extDB3: Output to Server: [3]
[15:13:14:040385 -3:00] [Thread 4728] extDB3: Input from Server: 4:105
[15:13:14:040385 -3:00] [Thread 4728] extDB3: Output to Server: [3]
[15:13:14:040385 -3:00] [Thread 4728] extDB3: Input from Server: 4:105
[15:13:14:040385 -3:00] [Thread 4728] extDB3: Output to Server: [3]
[15:13:14:040385 -3:00] [Thread 4728] extDB3: Input from Server: 4:105
[15:13:14:041385 -3:00] [Thread 4728] extDB3: Output to Server: [3]
[15:13:14:041385 -3:00] [Thread 4728] extDB3: Input from Server: 4:105
[15:13:14:041385 -3:00] [Thread 4728] extDB3: Output to Server: [3]
[15:13:14:041385 -3:00] [Thread 4728] extDB3: Input from Server: 4:105
[15:13:14:041385 -3:00] [Thread 4728] extDB3: Output to Server: [3]
[15:13:14:041385 -3:00] [Thread 4728] extDB3: Input from Server: 4:105
[15:13:14:041385 -3:00] [Thread 4728] extDB3: Output to Server: [3]
[15:13:14:041385 -3:00] [Thread 4728] extDB3: Input from Server: 4:105
[15:13:14:041385 -3:00] [Thread 4728] extDB3: Output to Server: [3]
[15:13:14:041385 -3:00] [Thread 4728] extDB3: Input from Server: 4:105
[15:13:14:041385 -3:00] [Thread 4728] extDB3: Output to Server: [3]
[15:13:14:041385 -3:00] [Thread 4728] extDB3: Input from Server: 4:105
[15:13:14:041385 -3:00] [Thread 4728] extDB3: Output to Server: [3]
[15:13:14:041385 -3:00] [Thread 4728] extDB3: Input from Server: 4:105
[15:13:14:041385 -3:00] [Thread 4728] extDB3: Output to Server: [3]
[15:13:14:041385 -3:00] [Thread 4728] extDB3: Input from Server: 4:105
[15:13:14:041385 -3:00] [Thread 4728] extDB3: Output to Server: [3]
[15:13:14:041385 -3:00] [Thread 4728] extDB3: Input from Server: 4:105
[15:13:14:041385 -3:00] [Thread 4728] extDB3: Output to Server: [3]
[15:13:14:041385 -3:00] [Thread 4728] extDB3: Input from Server: 4:105
[15:13:14:041385 -3:00] [Thread 4728] extDB3: Output to Server: [3]
[15:13:14:041385 -3:00] [Thread 4728] extDB3: Input from Server: 4:105
[15:13:14:041385 -3:00] [Thread 4728] extDB3: Output to Server: [3]
[15:13:14:041385 -3:00] [Thread 4728] extDB3: Input from Server: 4:105
[15:13:14:041385 -3:00] [Thread 4728] extDB3: Output to Server: [3]
[15:13:14:041385 -3:00] [Thread 1160] extDB3: SQL: Trace: Input: SELECT id, owner, name, maxmembers, bank, members FROM gangs WHERE active='1' AND members LIKE '%76561198119999473%'
[15:13:14:041385 -3:00] [Thread 4728] extDB3: Input from Server: 4:105
[15:13:14:041385 -3:00] [Thread 4728] extDB3: Output to Server: [3]
[15:13:14:041385 -3:00] [Thread 4728] extDB3: Input from Server: 4:105
[15:13:14:041385 -3:00] [Thread 4728] extDB3: Output to Server: [3]
[15:13:14:041385 -3:00] [Thread 4728] extDB3: Input from Server: 4:105
[15:13:14:041385 -3:00] [Thread 4728] extDB3: Output to Server: [3]
[15:13:14:041385 -3:00] [Thread 4728] extDB3: Input from Server: 4:105
[15:13:14:041385 -3:00] [Thread 4728] extDB3: Output to Server: [3]
[15:13:14:041385 -3:00] [Thread 4728] extDB3: Input from Server: 4:105
[15:13:14:041385 -3:00] [Thread 4728] extDB3: Output to Server: [3]
[15:13:14:041385 -3:00] [Thread 4728] extDB3: Input from Server: 4:105
[15:13:14:041385 -3:00] [Thread 4728] extDB3: Output to Server: [3]
[15:13:14:041385 -3:00] [Thread 4728] extDB3: Input from Server: 4:105
[15:13:14:041385 -3:00] [Thread 4728] extDB3: Output to Server: [3]
[15:13:14:041385 -3:00] [Thread 4728] extDB3: Input from Server: 4:105
[15:13:14:041385 -3:00] [Thread 4728] extDB3: Output to Server: [3]
[15:13:14:041385 -3:00] [Thread 4728] extDB3: Input from Server: 4:105
[15:13:14:041385 -3:00] [Thread 4728] extDB3: Output to Server: [3]
[15:13:14:041385 -3:00] [Thread 4728] extDB3: Input from Server: 4:105
[15:13:14:041385 -3:00] [Thread 4728] extDB3: Output to Server: [3]
[15:13:14:041385 -3:00] [Thread 4728] extDB3: Input from Server: 4:105
[15:13:14:041385 -3:00] [Thread 1160] extDB3: SQL: Trace: Result: [1,[]]
[15:13:14:041385 -3:00] [Thread 4728] extDB3: Output to Server: [3]
[15:13:14:041385 -3:00] [Thread 4728] extDB3: Input from Server: 4:105
[15:13:14:041385 -3:00] [Thread 4728] extDB3: Output to Server: [1,[]]
[15:13:34:343546 -3:00] [Thread 4728] extDB3: Input from Server: 2:6211:SELECT wantedName FROM wanted WHERE wantedID='76561198119999473'
[15:13:34:343546 -3:00] [Thread 4728] extDB3: Output to Server: [2,"106"]
[15:13:34:343546 -3:00] [Thread 4728] extDB3: Input from Server: 4:106
[15:13:34:343546 -3:00] [Thread 4728] extDB3: Output to Server: [3]
[15:13:34:343546 -3:00] [Thread 4728] extDB3: Input from Server: 4:106
[15:13:34:343546 -3:00] [Thread 4728] extDB3: Output to Server: [3]
[15:13:34:343546 -3:00] [Thread 4728] extDB3: Input from Server: 4:106
[15:13:34:343546 -3:00] [Thread 4728] extDB3: Output to Server: [3]
[15:13:34:343546 -3:00] [Thread 4728] extDB3: Input from Server: 4:106
[15:13:34:343546 -3:00] [Thread 4728] extDB3: Output to Server: [3]
[15:13:34:343546 -3:00] [Thread 4728] extDB3: Input from Server: 4:106
[15:13:34:343546 -3:00] [Thread 4728] extDB3: Output to Server: [3]
[15:13:34:343546 -3:00] [Thread 4728] extDB3: Input from Server: 4:106
[15:13:34:343546 -3:00] [Thread 4728] extDB3: Output to Server: [3]
[15:13:34:343546 -3:00] [Thread 4728] extDB3: Input from Server: 4:106
[15:13:34:343546 -3:00] [Thread 4728] extDB3: Output to Server: [3]
[15:13:34:343546 -3:00] [Thread 4728] extDB3: Input from Server: 4:106
[15:13:34:343546 -3:00] [Thread 4728] extDB3: Output to Server: [3]
[15:13:34:343546 -3:00] [Thread 4728] extDB3: Input from Server: 4:106
[15:13:34:343546 -3:00] [Thread 4728] extDB3: Output to Server: [3]
[15:13:34:343546 -3:00] [Thread 4728] extDB3: Input from Server: 4:106
[15:13:34:343546 -3:00] [Thread 4728] extDB3: Output to Server: [3]
[15:13:34:343546 -3:00] [Thread 4728] extDB3: Input from Server: 4:106
[15:13:34:343546 -3:00] [Thread 4728] extDB3: Output to Server: [3]
[15:13:34:344546 -3:00] [Thread 4728] extDB3: Input from Server: 4:106
[15:13:34:344546 -3:00] [Thread 4728] extDB3: Output to Server: [3]
[15:13:34:344546 -3:00] [Thread 4728] extDB3: Input from Server: 4:106
[15:13:34:344546 -3:00] [Thread 4728] extDB3: Output to Server: [3]
[15:13:34:344546 -3:00] [Thread 4728] extDB3: Input from Server: 4:106
[15:13:34:344546 -3:00] [Thread 4728] extDB3: Output to Server: [3]
[15:13:34:344546 -3:00] [Thread 4728] extDB3: Input from Server: 4:106
[15:13:34:344546 -3:00] [Thread 4728] extDB3: Output to Server: [3]
[15:13:34:344546 -3:00] [Thread 4728] extDB3: Input from Server: 4:106
[15:13:34:344546 -3:00] [Thread 4728] extDB3: Output to Server: [3]
[15:13:34:344546 -3:00] [Thread 4728] extDB3: Input from Server: 4:106
[15:13:34:344546 -3:00] [Thread 4728] extDB3: Output to Server: [3]
[15:13:34:344546 -3:00] [Thread 4728] extDB3: Input from Server: 4:106
[15:13:34:344546 -3:00] [Thread 4728] extDB3: Output to Server: [3]
[15:13:34:344546 -3:00] [Thread 4728] extDB3: Input from Server: 4:106
[15:13:34:344546 -3:00] [Thread 4728] extDB3: Output to Server: [3]
[15:13:34:344546 -3:00] [Thread 4728] extDB3: Input from Server: 4:106
[15:13:34:344546 -3:00] [Thread 4728] extDB3: Output to Server: [3]
[15:13:34:344546 -3:00] [Thread 4728] extDB3: Input from Server: 4:106
[15:13:34:344546 -3:00] [Thread 4728] extDB3: Output to Server: [3]
[15:13:34:344546 -3:00] [Thread 4728] extDB3: Input from Server: 4:106
[15:13:34:344546 -3:00] [Thread 4728] extDB3: Output to Server: [3]
[15:13:34:344546 -3:00] [Thread 1160] extDB3: SQL: Trace: Input: SELECT wantedName FROM wanted WHERE wantedID='76561198119999473'
[15:13:34:344546 -3:00] [Thread 4728] extDB3: Input from Server: 4:106
[15:13:34:344546 -3:00] [Thread 4728] extDB3: Output to Server: [3]
[15:13:34:344546 -3:00] [Thread 4728] extDB3: Input from Server: 4:106
[15:13:34:344546 -3:00] [Thread 4728] extDB3: Output to Server: [3]
[15:13:34:344546 -3:00] [Thread 4728] extDB3: Input from Server: 4:106
[15:13:34:344546 -3:00] [Thread 4728] extDB3: Output to Server: [3]
[15:13:34:344546 -3:00] [Thread 4728] extDB3: Input from Server: 4:106
[15:13:34:344546 -3:00] [Thread 4728] extDB3: Output to Server: [3]
[15:13:34:344546 -3:00] [Thread 4728] extDB3: Input from Server: 4:106
[15:13:34:344546 -3:00] [Thread 4728] extDB3: Output to Server: [3]
[15:13:34:344546 -3:00] [Thread 4728] extDB3: Input from Server: 4:106
[15:13:34:344546 -3:00] [Thread 4728] extDB3: Output to Server: [3]
[15:13:34:344546 -3:00] [Thread 4728] extDB3: Input from Server: 4:106
[15:13:34:344546 -3:00] [Thread 4728] extDB3: Output to Server: [3]
[15:13:34:344546 -3:00] [Thread 4728] extDB3: Input from Server: 4:106
[15:13:34:344546 -3:00] [Thread 4728] extDB3: Output to Server: [3]
[15:13:34:344546 -3:00] [Thread 4728] extDB3: Input from Server: 4:106
[15:13:34:344546 -3:00] [Thread 4728] extDB3: Output to Server: [3]
[15:13:34:344546 -3:00] [Thread 4728] extDB3: Input from Server: 4:106
[15:13:34:344546 -3:00] [Thread 4728] extDB3: Output to Server: [3]
[15:13:34:344546 -3:00] [Thread 4728] extDB3: Input from Server: 4:106
[15:13:34:344546 -3:00] [Thread 4728] extDB3: Output to Server: [3]
[15:13:34:344546 -3:00] [Thread 1160] extDB3: SQL: Trace: Result: [1,[]]
[15:13:34:344546 -3:00] [Thread 4728] extDB3: Input from Server: 4:106
[15:13:34:344546 -3:00] [Thread 4728] extDB3: Output to Server: [1,[]]
[15:15:31:060222 -3:00] [Thread 4728] extDB3: Input from Server: 2:6211:SELECT pid, pos FROM containers WHERE pid='76561198119999473' AND owned='1'
[15:15:31:060222 -3:00] [Thread 4728] extDB3: Output to Server: [2,"107"]
[15:15:31:060222 -3:00] [Thread 4728] extDB3: Input from Server: 4:107
[15:15:31:060222 -3:00] [Thread 4728] extDB3: Output to Server: [3]
[15:15:31:060222 -3:00] [Thread 4728] extDB3: Input from Server: 4:107
[15:15:31:060222 -3:00] [Thread 4728] extDB3: Output to Server: [3]
[15:15:31:060222 -3:00] [Thread 4728] extDB3: Input from Server: 4:107
[15:15:31:060222 -3:00] [Thread 4728] extDB3: Output to Server: [3]
[15:15:31:060222 -3:00] [Thread 4728] extDB3: Input from Server: 4:107
[15:15:31:060222 -3:00] [Thread 4728] extDB3: Output to Server: [3]
[15:15:31:060222 -3:00] [Thread 4728] extDB3: Input from Server: 4:107
[15:15:31:060222 -3:00] [Thread 4728] extDB3: Output to Server: [3]
[15:15:31:060222 -3:00] [Thread 4728] extDB3: Input from Server: 4:107
[15:15:31:060222 -3:00] [Thread 4728] extDB3: Output to Server: [3]
[15:15:31:060222 -3:00] [Thread 4728] extDB3: Input from Server: 4:107
[15:15:31:061222 -3:00] [Thread 4728] extDB3: Output to Server: [3]
[15:15:31:061222 -3:00] [Thread 4728] extDB3: Input from Server: 4:107
[15:15:31:061222 -3:00] [Thread 4728] extDB3: Output to Server: [3]
[15:15:31:061222 -3:00] [Thread 4728] extDB3: Input from Server: 4:107
[15:15:31:061222 -3:00] [Thread 4728] extDB3: Output to Server: [3]
[15:15:31:061222 -3:00] [Thread 4728] extDB3: Input from Server: 4:107
[15:15:31:061222 -3:00] [Thread 4728] extDB3: Output to Server: [3]
[15:15:31:061222 -3:00] [Thread 4728] extDB3: Input from Server: 4:107
[15:15:31:061222 -3:00] [Thread 4728] extDB3: Output to Server: [3]
[15:15:31:061222 -3:00] [Thread 4728] extDB3: Input from Server: 4:107
[15:15:31:061222 -3:00] [Thread 4728] extDB3: Output to Server: [3]
[15:15:31:061222 -3:00] [Thread 4728] extDB3: Input from Server: 4:107
[15:15:31:061222 -3:00] [Thread 4728] extDB3: Output to Server: [3]
[15:15:31:061222 -3:00] [Thread 4728] extDB3: Input from Server: 4:107
[15:15:31:061222 -3:00] [Thread 4728] extDB3: Output to Server: [3]
[15:15:31:061222 -3:00] [Thread 1160] extDB3: SQL: Trace: Input: SELECT pid, pos FROM containers WHERE pid='76561198119999473' AND owned='1'
[15:15:31:061222 -3:00] [Thread 4728] extDB3: Input from Server: 4:107
[15:15:31:061222 -3:00] [Thread 4728] extDB3: Output to Server: [3]
[15:15:31:061222 -3:00] [Thread 4728] extDB3: Input from Server: 4:107
[15:15:31:061222 -3:00] [Thread 4728] extDB3: Output to Server: [3]
[15:15:31:061222 -3:00] [Thread 4728] extDB3: Input from Server: 4:107
[15:15:31:061222 -3:00] [Thread 4728] extDB3: Output to Server: [3]
[15:15:31:061222 -3:00] [Thread 4728] extDB3: Input from Server: 4:107
[15:15:31:061222 -3:00] [Thread 4728] extDB3: Output to Server: [3]
[15:15:31:061222 -3:00] [Thread 4728] extDB3: Input from Server: 4:107
[15:15:31:061222 -3:00] [Thread 4728] extDB3: Output to Server: [3]
[15:15:31:061222 -3:00] [Thread 4728] extDB3: Input from Server: 4:107
[15:15:31:061222 -3:00] [Thread 4728] extDB3: Output to Server: [3]
[15:15:31:061222 -3:00] [Thread 4728] extDB3: Input from Server: 4:107
[15:15:31:061222 -3:00] [Thread 4728] extDB3: Output to Server: [3]
[15:15:31:061222 -3:00] [Thread 4728] extDB3: Input from Server: 4:107
[15:15:31:061222 -3:00] [Thread 4728] extDB3: Output to Server: [3]
[15:15:31:061222 -3:00] [Thread 4728] extDB3: Input from Server: 4:107
[15:15:31:061222 -3:00] [Thread 4728] extDB3: Output to Server: [3]
[15:15:31:061222 -3:00] [Thread 4728] extDB3: Input from Server: 4:107
[15:15:31:061222 -3:00] [Thread 4728] extDB3: Output to Server: [3]
[15:15:31:061222 -3:00] [Thread 4728] extDB3: Input from Server: 4:107
[15:15:31:061222 -3:00] [Thread 4728] extDB3: Output to Server: [3]
[15:15:31:061222 -3:00] [Thread 4728] extDB3: Input from Server: 4:107
[15:15:31:061222 -3:00] [Thread 4728] extDB3: Output to Server: [3]
[15:15:31:061222 -3:00] [Thread 4728] extDB3: Input from Server: 4:107
[15:15:31:061222 -3:00] [Thread 4728] extDB3: Output to Server: [3]
[15:15:31:061222 -3:00] [Thread 4728] extDB3: Input from Server: 4:107
[15:15:31:061222 -3:00] [Thread 4728] extDB3: Output to Server: [3]
[15:15:31:061222 -3:00] [Thread 4728] extDB3: Input from Server: 4:107
[15:15:31:061222 -3:00] [Thread 4728] extDB3: Output to Server: [3]
[15:15:31:061222 -3:00] [Thread 4728] extDB3: Input from Server: 4:107
[15:15:31:061222 -3:00] [Thread 4728] extDB3: Output to Server: [3]
[15:15:31:061222 -3:00] [Thread 4728] extDB3: Input from Server: 4:107
[15:15:31:061222 -3:00] [Thread 4728] extDB3: Output to Server: [3]
[15:15:31:061222 -3:00] [Thread 4728] extDB3: Input from Server: 4:107
[15:15:31:061222 -3:00] [Thread 4728] extDB3: Output to Server: [3]
[15:15:31:061222 -3:00] [Thread 4728] extDB3: Input from Server: 4:107
[15:15:31:061222 -3:00] [Thread 4728] extDB3: Output to Server: [3]
[15:15:31:061222 -3:00] [Thread 4728] extDB3: Input from Server: 4:107
[15:15:31:061222 -3:00] [Thread 4728] extDB3: Output to Server: [3]
[15:15:31:061222 -3:00] [Thread 4728] extDB3: Input from Server: 4:107
[15:15:31:061222 -3:00] [Thread 1160] extDB3: SQL: Trace: Result: [1,[]]
[15:15:31:061222 -3:00] [Thread 4728] extDB3: Output to Server: [3]
[15:15:31:061222 -3:00] [Thread 4728] extDB3: Input from Server: 4:107
[15:15:31:061222 -3:00] [Thread 4728] extDB3: Output to Server: [1,[]]
[15:15:31:062222 -3:00] [Thread 4728] extDB3: Input from Server: 1:6211:UPDATE players SET civ_alive='1', civ_position='"[3633.3,13107.4,0.00143909]"' WHERE pid='76561198119999473'
[15:15:31:062222 -3:00] [Thread 4728] extDB3: Output to Server: 
[15:15:31:062222 -3:00] [Thread 1160] extDB3: SQL: Trace: Input: UPDATE players SET civ_alive='1', civ_position='"[3633.3,13107.4,0.00143909]"' WHERE pid='76561198119999473'
[15:15:31:130226 -3:00] [Thread 1160] extDB3: SQL: Trace: Result: [1,[]]
