
extDB3: https://bitbucket.org/torndeco/extdb3/wiki/Home
extDB3: Version: 1.022
extDB3: Windows Debug Version

Message: All development for extDB3 is done on a Linux Dedicated Server
Message: If you would like to Donate to extDB3 Development
Message: https://www.paypal.com/cgi-bin/webscr?cmd=_s-xclick&hosted_button_id=2SUEFTGABTAM2
Message: Also leave a message if there is any particular feature you would like to see added.
Message: Thanks for all the people that have donated.
Message: Torndeco: 18/05/15


extDB3: Found extdb3-conf.ini
extDB3: Detected 4 Cores, Setting up 4 Worker Threads
extDB3: ...
extDB3: ...
extDB3: ...
extDB3: ...


[02:01:29:488640 -3:00] [Thread 1548] extDB3: Input from Server: 9:VERSION
[02:01:29:488640 -3:00] [Thread 1548] extDB3: Output to Server: 1.022
[02:02:01:872492 -3:00] [Thread 1548] extDB3: Input from Server: 9:ADD_DATABASE:altislife
[02:02:01:875492 -3:00] [Thread 1548] extDB3: Output to Server: [1]
[02:02:01:875492 -3:00] [Thread 1548] extDB3: Input from Server: 9:ADD_DATABASE_PROTOCOL:altislife:SQL:3284:TEXT2
[02:02:01:875492 -3:00] [Thread 1548] extDB3: SQL: Initialized: Add Quotes around TEXT Datatypes mode: 2
[02:02:01:875492 -3:00] [Thread 1548] extDB3: SQL: Initialized: NULL = ""
[02:02:01:875492 -3:00] [Thread 1548] extDB3: Output to Server: [1]
[02:02:01:875492 -3:00] [Thread 1548] extDB3: Input from Server: 9:LOCK
[02:02:01:875492 -3:00] [Thread 1548] extDB3: Locked
[02:02:01:875492 -3:00] [Thread 1548] extDB3: Output to Server: [1]
[02:02:01:875492 -3:00] [Thread 1548] extDB3: Input from Server: 1:3284:CALL resetLifeVehicles
[02:02:01:875492 -3:00] [Thread 1548] extDB3: Output to Server: 
[02:02:01:875492 -3:00] [Thread 1532] extDB3: SQL: Trace: Input: CALL resetLifeVehicles
[02:02:01:875492 -3:00] [Thread 1548] extDB3: Input from Server: 1:3284:CALL deleteDeadVehicles
[02:02:01:875492 -3:00] [Thread 1548] extDB3: Output to Server: 
[02:02:01:875492 -3:00] [Thread 1548] extDB3: Input from Server: 1:3284:CALL deleteOldHouses
[02:02:01:875492 -3:00] [Thread 1548] extDB3: Output to Server: 
[02:02:01:876492 -3:00] [Thread 1548] extDB3: Input from Server: 1:3284:CALL deleteOldGangs
[02:02:01:876492 -3:00] [Thread 1548] extDB3: Output to Server: 
[02:02:01:876492 -3:00] [Thread 2956] extDB3: SQL: Trace: Input: CALL deleteOldGangs
[02:02:01:876492 -3:00] [Thread 3112] extDB3: SQL: Trace: Input: CALL deleteDeadVehicles
[02:02:01:876492 -3:00] [Thread 2448] extDB3: SQL: Trace: Input: CALL deleteOldHouses
[02:02:01:876492 -3:00] [Thread 1532] extDB3: SQL: Trace: Result: [1,[]]
[02:02:01:879492 -3:00] [Thread 2956] extDB3: SQL: Trace: Result: [1,[]]
[02:02:01:880493 -3:00] [Thread 3112] extDB3: SQL: Trace: Result: [1,[]]
[02:02:01:882493 -3:00] [Thread 2448] extDB3: SQL: Trace: Result: [1,[]]
[02:02:07:021787 -3:00] [Thread 1548] extDB3: Input from Server: 1:3284:UPDATE players SET civ_alive = '0' WHERE civ_alive = '1'
[02:02:07:021787 -3:00] [Thread 1548] extDB3: Output to Server: 
[02:02:07:021787 -3:00] [Thread 2448] extDB3: SQL: Trace: Input: UPDATE players SET civ_alive = '0' WHERE civ_alive = '1'
[02:02:07:095791 -3:00] [Thread 2448] extDB3: SQL: Trace: Result: [1,[]]
