
extDB3: https://bitbucket.org/torndeco/extdb3/wiki/Home
extDB3: Version: 1.022
extDB3: Windows Debug Version

Message: All development for extDB3 is done on a Linux Dedicated Server
Message: If you would like to Donate to extDB3 Development
Message: https://www.paypal.com/cgi-bin/webscr?cmd=_s-xclick&hosted_button_id=2SUEFTGABTAM2
Message: Also leave a message if there is any particular feature you would like to see added.
Message: Thanks for all the people that have donated.
Message: Torndeco: 18/05/15


extDB3: Found extdb3-conf.ini
extDB3: Detected 4 Cores, Setting up 4 Worker Threads
extDB3: ...
extDB3: ...
extDB3: ...
extDB3: ...


[23:31:08:559233 -3:00] [Thread 4076] extDB3: Input from Server: 9:VERSION
[23:31:08:559233 -3:00] [Thread 4076] extDB3: Output to Server: 1.022
[23:31:39:102980 -3:00] [Thread 4076] extDB3: Input from Server: 9:ADD_DATABASE:altislife
[23:31:39:104980 -3:00] [Thread 4076] extDB3: Output to Server: [1]
[23:31:39:104980 -3:00] [Thread 4076] extDB3: Input from Server: 9:ADD_DATABASE_PROTOCOL:altislife:SQL:6729:TEXT2
[23:31:39:104980 -3:00] [Thread 4076] extDB3: SQL: Initialized: Add Quotes around TEXT Datatypes mode: 2
[23:31:39:104980 -3:00] [Thread 4076] extDB3: SQL: Initialized: NULL = ""
[23:31:39:104980 -3:00] [Thread 4076] extDB3: Output to Server: [1]
[23:31:39:104980 -3:00] [Thread 4076] extDB3: Input from Server: 9:LOCK
[23:31:39:104980 -3:00] [Thread 4076] extDB3: Locked
[23:31:39:104980 -3:00] [Thread 4076] extDB3: Output to Server: [1]
[23:31:39:105980 -3:00] [Thread 4076] extDB3: Input from Server: 1:6729:CALL resetLifeVehicles
[23:31:39:105980 -3:00] [Thread 4076] extDB3: Output to Server: 
[23:31:39:105980 -3:00] [Thread 3528] extDB3: SQL: Trace: Input: CALL resetLifeVehicles
[23:31:39:105980 -3:00] [Thread 4076] extDB3: Input from Server: 1:6729:CALL deleteDeadVehicles
[23:31:39:105980 -3:00] [Thread 4076] extDB3: Output to Server: 
[23:31:39:105980 -3:00] [Thread 4076] extDB3: Input from Server: 1:6729:CALL deleteOldHouses
[23:31:39:105980 -3:00] [Thread 4076] extDB3: Output to Server: 
[23:31:39:105980 -3:00] [Thread 4076] extDB3: Input from Server: 1:6729:CALL deleteOldGangs
[23:31:39:105980 -3:00] [Thread 4076] extDB3: Output to Server: 
[23:31:39:105980 -3:00] [Thread 2980] extDB3: SQL: Trace: Input: CALL deleteOldGangs
[23:31:39:105980 -3:00] [Thread 4376] extDB3: SQL: Trace: Input: CALL deleteDeadVehicles
[23:31:39:105980 -3:00] [Thread 3156] extDB3: SQL: Trace: Input: CALL deleteOldHouses
[23:31:39:106980 -3:00] [Thread 3528] extDB3: SQL: Trace: Result: [1,[]]
[23:31:39:108980 -3:00] [Thread 2980] extDB3: SQL: Trace: Result: [1,[]]
[23:31:39:110980 -3:00] [Thread 4376] extDB3: SQL: Trace: Result: [1,[]]
[23:31:39:112980 -3:00] [Thread 3156] extDB3: SQL: Trace: Result: [1,[]]
[23:31:44:593294 -3:00] [Thread 4076] extDB3: Input from Server: 1:6729:UPDATE players SET civ_alive = '0' WHERE civ_alive = '1'
[23:31:44:593294 -3:00] [Thread 4076] extDB3: Output to Server: 
[23:31:44:593294 -3:00] [Thread 3156] extDB3: SQL: Trace: Input: UPDATE players SET civ_alive = '0' WHERE civ_alive = '1'
[23:31:44:667298 -3:00] [Thread 3156] extDB3: SQL: Trace: Result: [1,[]]
[23:39:16:918165 -3:00] [Thread 4076] extDB3: Input from Server: 2:6729:SELECT COUNT(*) FROM houses WHERE owned='1'
[23:39:16:918165 -3:00] [Thread 4076] extDB3: Output to Server: [2,"100"]
[23:39:16:918165 -3:00] [Thread 3156] extDB3: SQL: Trace: Input: SELECT COUNT(*) FROM houses WHERE owned='1'
[23:39:16:918165 -3:00] [Thread 4076] extDB3: Input from Server: 4:100
[23:39:16:918165 -3:00] [Thread 4076] extDB3: Output to Server: [3]
[23:39:16:919165 -3:00] [Thread 4076] extDB3: Input from Server: 4:100
[23:39:16:919165 -3:00] [Thread 4076] extDB3: Output to Server: [3]
[23:39:16:919165 -3:00] [Thread 4076] extDB3: Input from Server: 4:100
[23:39:16:919165 -3:00] [Thread 4076] extDB3: Output to Server: [3]
[23:39:16:919165 -3:00] [Thread 4076] extDB3: Input from Server: 4:100
[23:39:16:919165 -3:00] [Thread 4076] extDB3: Output to Server: [3]
[23:39:16:919165 -3:00] [Thread 4076] extDB3: Input from Server: 4:100
[23:39:16:919165 -3:00] [Thread 4076] extDB3: Output to Server: [3]
[23:39:16:919165 -3:00] [Thread 4076] extDB3: Input from Server: 4:100
[23:39:16:919165 -3:00] [Thread 4076] extDB3: Output to Server: [3]
[23:39:16:919165 -3:00] [Thread 4076] extDB3: Input from Server: 4:100
[23:39:16:919165 -3:00] [Thread 4076] extDB3: Output to Server: [3]
[23:39:16:919165 -3:00] [Thread 4076] extDB3: Input from Server: 4:100
[23:39:16:919165 -3:00] [Thread 4076] extDB3: Output to Server: [3]
[23:39:16:919165 -3:00] [Thread 4076] extDB3: Input from Server: 4:100
[23:39:16:919165 -3:00] [Thread 4076] extDB3: Output to Server: [3]
[23:39:16:919165 -3:00] [Thread 4076] extDB3: Input from Server: 4:100
[23:39:16:919165 -3:00] [Thread 4076] extDB3: Output to Server: [3]
[23:39:16:919165 -3:00] [Thread 4076] extDB3: Input from Server: 4:100
[23:39:16:919165 -3:00] [Thread 4076] extDB3: Output to Server: [3]
[23:39:16:919165 -3:00] [Thread 4076] extDB3: Input from Server: 4:100
[23:39:16:919165 -3:00] [Thread 4076] extDB3: Output to Server: [3]
[23:39:16:919165 -3:00] [Thread 4076] extDB3: Input from Server: 4:100
[23:39:16:919165 -3:00] [Thread 4076] extDB3: Output to Server: [3]
[23:39:16:919165 -3:00] [Thread 4076] extDB3: Input from Server: 4:100
[23:39:16:919165 -3:00] [Thread 4076] extDB3: Output to Server: [3]
[23:39:16:919165 -3:00] [Thread 3156] extDB3: SQL: Trace: Result: [1,[[0]]]
[23:39:16:919165 -3:00] [Thread 4076] extDB3: Input from Server: 4:100
[23:39:16:919165 -3:00] [Thread 4076] extDB3: Output to Server: [1,[[0]]]
[23:39:16:920165 -3:00] [Thread 4076] extDB3: Input from Server: 2:6729:SELECT houses.id, houses.pid, houses.pos, players.name, houses.garage FROM houses INNER JOIN players WHERE houses.owned='1' AND houses.pid = players.pid LIMIT 0,10
[23:39:16:920165 -3:00] [Thread 4076] extDB3: Output to Server: [2,"101"]
[23:39:16:920165 -3:00] [Thread 3156] extDB3: SQL: Trace: Input: SELECT houses.id, houses.pid, houses.pos, players.name, houses.garage FROM houses INNER JOIN players WHERE houses.owned='1' AND houses.pid = players.pid LIMIT 0,10
[23:39:16:920165 -3:00] [Thread 4076] extDB3: Input from Server: 4:101
[23:39:16:920165 -3:00] [Thread 4076] extDB3: Output to Server: [3]
[23:39:16:920165 -3:00] [Thread 4076] extDB3: Input from Server: 4:101
[23:39:16:920165 -3:00] [Thread 4076] extDB3: Output to Server: [3]
[23:39:16:920165 -3:00] [Thread 4076] extDB3: Input from Server: 4:101
[23:39:16:920165 -3:00] [Thread 4076] extDB3: Output to Server: [3]
[23:39:16:920165 -3:00] [Thread 4076] extDB3: Input from Server: 4:101
[23:39:16:920165 -3:00] [Thread 4076] extDB3: Output to Server: [3]
[23:39:16:920165 -3:00] [Thread 4076] extDB3: Input from Server: 4:101
[23:39:16:920165 -3:00] [Thread 4076] extDB3: Output to Server: [3]
[23:39:16:920165 -3:00] [Thread 4076] extDB3: Input from Server: 4:101
[23:39:16:920165 -3:00] [Thread 4076] extDB3: Output to Server: [3]
[23:39:16:920165 -3:00] [Thread 4076] extDB3: Input from Server: 4:101
[23:39:16:920165 -3:00] [Thread 4076] extDB3: Output to Server: [3]
[23:39:16:920165 -3:00] [Thread 4076] extDB3: Input from Server: 4:101
[23:39:16:920165 -3:00] [Thread 4076] extDB3: Output to Server: [3]
[23:39:16:920165 -3:00] [Thread 4076] extDB3: Input from Server: 4:101
[23:39:16:920165 -3:00] [Thread 4076] extDB3: Output to Server: [3]
[23:39:16:920165 -3:00] [Thread 4076] extDB3: Input from Server: 4:101
[23:39:16:920165 -3:00] [Thread 3156] extDB3: SQL: Trace: Result: [1,[]]
[23:39:16:920165 -3:00] [Thread 4076] extDB3: Output to Server: [3]
[23:39:16:920165 -3:00] [Thread 4076] extDB3: Input from Server: 4:101
[23:39:16:920165 -3:00] [Thread 4076] extDB3: Output to Server: [1,[]]
[23:39:18:876277 -3:00] [Thread 4076] extDB3: Input from Server: 2:6729:SELECT pid, name, cash, bankacc, adminlevel, donorlevel, civ_licenses, arrested, civ_gear, civ_stats, civ_alive, civ_position, playtime FROM players WHERE pid='76561198119999473'
[23:39:18:876277 -3:00] [Thread 4076] extDB3: Output to Server: [2,"102"]
[23:39:18:877277 -3:00] [Thread 4076] extDB3: Input from Server: 4:102
[23:39:18:877277 -3:00] [Thread 4076] extDB3: Output to Server: [3]
[23:39:18:877277 -3:00] [Thread 4076] extDB3: Input from Server: 4:102
[23:39:18:877277 -3:00] [Thread 4076] extDB3: Output to Server: [3]
[23:39:18:877277 -3:00] [Thread 4076] extDB3: Input from Server: 4:102
[23:39:18:877277 -3:00] [Thread 4076] extDB3: Output to Server: [3]
[23:39:18:877277 -3:00] [Thread 4076] extDB3: Input from Server: 4:102
[23:39:18:877277 -3:00] [Thread 4076] extDB3: Output to Server: [3]
[23:39:18:877277 -3:00] [Thread 4076] extDB3: Input from Server: 4:102
[23:39:18:877277 -3:00] [Thread 4076] extDB3: Output to Server: [3]
[23:39:18:877277 -3:00] [Thread 4076] extDB3: Input from Server: 4:102
[23:39:18:877277 -3:00] [Thread 4076] extDB3: Output to Server: [3]
[23:39:18:877277 -3:00] [Thread 4076] extDB3: Input from Server: 4:102
[23:39:18:877277 -3:00] [Thread 4076] extDB3: Output to Server: [3]
[23:39:18:877277 -3:00] [Thread 4076] extDB3: Input from Server: 4:102
[23:39:18:877277 -3:00] [Thread 4076] extDB3: Output to Server: [3]
[23:39:18:877277 -3:00] [Thread 4076] extDB3: Input from Server: 4:102
[23:39:18:877277 -3:00] [Thread 4076] extDB3: Output to Server: [3]
[23:39:18:877277 -3:00] [Thread 4076] extDB3: Input from Server: 4:102
[23:39:18:877277 -3:00] [Thread 4076] extDB3: Output to Server: [3]
[23:39:18:877277 -3:00] [Thread 4076] extDB3: Input from Server: 4:102
[23:39:18:877277 -3:00] [Thread 4076] extDB3: Output to Server: [3]
[23:39:18:877277 -3:00] [Thread 4076] extDB3: Input from Server: 4:102
[23:39:18:877277 -3:00] [Thread 4076] extDB3: Output to Server: [3]
[23:39:18:877277 -3:00] [Thread 4076] extDB3: Input from Server: 4:102
[23:39:18:877277 -3:00] [Thread 4076] extDB3: Output to Server: [3]
[23:39:18:877277 -3:00] [Thread 4076] extDB3: Input from Server: 4:102
[23:39:18:877277 -3:00] [Thread 4076] extDB3: Output to Server: [3]
[23:39:18:877277 -3:00] [Thread 4076] extDB3: Input from Server: 4:102
[23:39:18:877277 -3:00] [Thread 4076] extDB3: Output to Server: [3]
[23:39:18:877277 -3:00] [Thread 4076] extDB3: Input from Server: 4:102
[23:39:18:877277 -3:00] [Thread 4076] extDB3: Output to Server: [3]
[23:39:18:877277 -3:00] [Thread 4076] extDB3: Input from Server: 4:102
[23:39:18:877277 -3:00] [Thread 4076] extDB3: Output to Server: [3]
[23:39:18:877277 -3:00] [Thread 4076] extDB3: Input from Server: 4:102
[23:39:18:877277 -3:00] [Thread 4076] extDB3: Output to Server: [3]
[23:39:18:877277 -3:00] [Thread 4076] extDB3: Input from Server: 4:102
[23:39:18:877277 -3:00] [Thread 4076] extDB3: Output to Server: [3]
[23:39:18:877277 -3:00] [Thread 4076] extDB3: Input from Server: 4:102
[23:39:18:877277 -3:00] [Thread 4076] extDB3: Output to Server: [3]
[23:39:18:877277 -3:00] [Thread 4076] extDB3: Input from Server: 4:102
[23:39:18:877277 -3:00] [Thread 4076] extDB3: Output to Server: [3]
[23:39:18:877277 -3:00] [Thread 4076] extDB3: Input from Server: 4:102
[23:39:18:877277 -3:00] [Thread 4076] extDB3: Output to Server: [3]
[23:39:18:877277 -3:00] [Thread 4076] extDB3: Input from Server: 4:102
[23:39:18:877277 -3:00] [Thread 4076] extDB3: Output to Server: [3]
[23:39:18:877277 -3:00] [Thread 4076] extDB3: Input from Server: 4:102
[23:39:18:877277 -3:00] [Thread 4076] extDB3: Output to Server: [3]
[23:39:18:877277 -3:00] [Thread 4076] extDB3: Input from Server: 4:102
[23:39:18:877277 -3:00] [Thread 4076] extDB3: Output to Server: [3]
[23:39:18:877277 -3:00] [Thread 4076] extDB3: Input from Server: 4:102
[23:39:18:877277 -3:00] [Thread 4076] extDB3: Output to Server: [3]
[23:39:18:877277 -3:00] [Thread 4076] extDB3: Input from Server: 4:102
[23:39:18:877277 -3:00] [Thread 4076] extDB3: Output to Server: [3]
[23:39:18:877277 -3:00] [Thread 4076] extDB3: Input from Server: 4:102
[23:39:18:877277 -3:00] [Thread 4076] extDB3: Output to Server: [3]
[23:39:18:877277 -3:00] [Thread 4076] extDB3: Input from Server: 4:102
[23:39:18:877277 -3:00] [Thread 4076] extDB3: Output to Server: [3]
[23:39:18:877277 -3:00] [Thread 4076] extDB3: Input from Server: 4:102
[23:39:18:877277 -3:00] [Thread 4076] extDB3: Output to Server: [3]
[23:39:18:877277 -3:00] [Thread 4076] extDB3: Input from Server: 4:102
[23:39:18:877277 -3:00] [Thread 4076] extDB3: Output to Server: [3]
[23:39:18:877277 -3:00] [Thread 4076] extDB3: Input from Server: 4:102
[23:39:18:877277 -3:00] [Thread 4076] extDB3: Output to Server: [3]
[23:39:18:877277 -3:00] [Thread 4076] extDB3: Input from Server: 4:102
[23:39:18:877277 -3:00] [Thread 4076] extDB3: Output to Server: [3]
[23:39:18:877277 -3:00] [Thread 4076] extDB3: Input from Server: 4:102
[23:39:18:877277 -3:00] [Thread 4076] extDB3: Output to Server: [3]
[23:39:18:877277 -3:00] [Thread 4076] extDB3: Input from Server: 4:102
[23:39:18:878277 -3:00] [Thread 4076] extDB3: Output to Server: [3]
[23:39:18:878277 -3:00] [Thread 4076] extDB3: Input from Server: 4:102
[23:39:18:878277 -3:00] [Thread 4076] extDB3: Output to Server: [3]
[23:39:18:878277 -3:00] [Thread 4076] extDB3: Input from Server: 4:102
[23:39:18:878277 -3:00] [Thread 4076] extDB3: Output to Server: [3]
[23:39:18:878277 -3:00] [Thread 4076] extDB3: Input from Server: 4:102
[23:39:18:878277 -3:00] [Thread 4076] extDB3: Output to Server: [3]
[23:39:18:878277 -3:00] [Thread 4076] extDB3: Input from Server: 4:102
[23:39:18:878277 -3:00] [Thread 4076] extDB3: Output to Server: [3]
[23:39:18:878277 -3:00] [Thread 4076] extDB3: Input from Server: 4:102
[23:39:18:878277 -3:00] [Thread 4076] extDB3: Output to Server: [3]
[23:39:18:878277 -3:00] [Thread 4076] extDB3: Input from Server: 4:102
[23:39:18:878277 -3:00] [Thread 4076] extDB3: Output to Server: [3]
[23:39:18:878277 -3:00] [Thread 4076] extDB3: Input from Server: 4:102
[23:39:18:878277 -3:00] [Thread 4076] extDB3: Output to Server: [3]
[23:39:18:878277 -3:00] [Thread 4076] extDB3: Input from Server: 4:102
[23:39:18:878277 -3:00] [Thread 4076] extDB3: Output to Server: [3]
[23:39:18:878277 -3:00] [Thread 4076] extDB3: Input from Server: 4:102
[23:39:18:878277 -3:00] [Thread 4076] extDB3: Output to Server: [3]
[23:39:18:878277 -3:00] [Thread 4076] extDB3: Input from Server: 4:102
[23:39:18:878277 -3:00] [Thread 4076] extDB3: Output to Server: [3]
[23:39:18:878277 -3:00] [Thread 4076] extDB3: Input from Server: 4:102
[23:39:18:878277 -3:00] [Thread 4076] extDB3: Output to Server: [3]
[23:39:18:878277 -3:00] [Thread 4076] extDB3: Input from Server: 4:102
[23:39:18:878277 -3:00] [Thread 4076] extDB3: Output to Server: [3]
[23:39:18:878277 -3:00] [Thread 4076] extDB3: Input from Server: 4:102
[23:39:18:878277 -3:00] [Thread 4076] extDB3: Output to Server: [3]
[23:39:18:878277 -3:00] [Thread 4076] extDB3: Input from Server: 4:102
[23:39:18:878277 -3:00] [Thread 4076] extDB3: Output to Server: [3]
[23:39:18:878277 -3:00] [Thread 4076] extDB3: Input from Server: 4:102
[23:39:18:878277 -3:00] [Thread 4076] extDB3: Output to Server: [3]
[23:39:18:878277 -3:00] [Thread 4076] extDB3: Input from Server: 4:102
[23:39:18:878277 -3:00] [Thread 4076] extDB3: Output to Server: [3]
[23:39:18:878277 -3:00] [Thread 4076] extDB3: Input from Server: 4:102
[23:39:18:878277 -3:00] [Thread 4076] extDB3: Output to Server: [3]
[23:39:18:878277 -3:00] [Thread 4076] extDB3: Input from Server: 4:102
[23:39:18:878277 -3:00] [Thread 4076] extDB3: Output to Server: [3]
[23:39:18:878277 -3:00] [Thread 4076] extDB3: Input from Server: 4:102
[23:39:18:878277 -3:00] [Thread 4076] extDB3: Output to Server: [3]
[23:39:18:878277 -3:00] [Thread 4076] extDB3: Input from Server: 4:102
[23:39:18:878277 -3:00] [Thread 4076] extDB3: Output to Server: [3]
[23:39:18:878277 -3:00] [Thread 3156] extDB3: SQL: Trace: Input: SELECT pid, name, cash, bankacc, adminlevel, donorlevel, civ_licenses, arrested, civ_gear, civ_stats, civ_alive, civ_position, playtime FROM players WHERE pid='76561198119999473'
[23:39:18:878277 -3:00] [Thread 4076] extDB3: Input from Server: 4:102
[23:39:18:878277 -3:00] [Thread 4076] extDB3: Output to Server: [3]
[23:39:18:878277 -3:00] [Thread 4076] extDB3: Input from Server: 4:102
[23:39:18:878277 -3:00] [Thread 4076] extDB3: Output to Server: [3]
[23:39:18:878277 -3:00] [Thread 4076] extDB3: Input from Server: 4:102
[23:39:18:878277 -3:00] [Thread 4076] extDB3: Output to Server: [3]
[23:39:18:878277 -3:00] [Thread 4076] extDB3: Input from Server: 4:102
[23:39:18:878277 -3:00] [Thread 4076] extDB3: Output to Server: [3]
[23:39:18:878277 -3:00] [Thread 4076] extDB3: Input from Server: 4:102
[23:39:18:878277 -3:00] [Thread 4076] extDB3: Output to Server: [3]
[23:39:18:878277 -3:00] [Thread 4076] extDB3: Input from Server: 4:102
[23:39:18:878277 -3:00] [Thread 4076] extDB3: Output to Server: [3]
[23:39:18:878277 -3:00] [Thread 4076] extDB3: Input from Server: 4:102
[23:39:18:878277 -3:00] [Thread 4076] extDB3: Output to Server: [3]
[23:39:18:878277 -3:00] [Thread 4076] extDB3: Input from Server: 4:102
[23:39:18:878277 -3:00] [Thread 4076] extDB3: Output to Server: [3]
[23:39:18:878277 -3:00] [Thread 4076] extDB3: Input from Server: 4:102
[23:39:18:878277 -3:00] [Thread 4076] extDB3: Output to Server: [3]
[23:39:18:878277 -3:00] [Thread 4076] extDB3: Input from Server: 4:102
[23:39:18:878277 -3:00] [Thread 4076] extDB3: Output to Server: [3]
[23:39:18:878277 -3:00] [Thread 4076] extDB3: Input from Server: 4:102
[23:39:18:878277 -3:00] [Thread 4076] extDB3: Output to Server: [3]
[23:39:18:878277 -3:00] [Thread 4076] extDB3: Input from Server: 4:102
[23:39:18:878277 -3:00] [Thread 4076] extDB3: Output to Server: [3]
[23:39:18:879277 -3:00] [Thread 4076] extDB3: Input from Server: 4:102
[23:39:18:879277 -3:00] [Thread 4076] extDB3: Output to Server: [3]
[23:39:18:879277 -3:00] [Thread 3156] extDB3: SQL: Trace: Result: [1,[['76561198119999473','JasoN',0,1000000,0,0,"[[`license_civ_driver`,0],[`license_civ_boat`,0],[`license_civ_pilot`,0],[`license_civ_trucking`,0],[`license_civ_gun`,0],[`license_civ_dive`,0],[`license_civ_home`,0],[`license_civ_oil`,0],[`license_civ_diamond`,0],[`license_civ_salt`,0],[`license_civ_sand`,0],[`license_civ_iron`,0],[`license_civ_copper`,0],[`license_civ_cement`,0],[`license_civ_medmarijuana`,0],[`license_civ_cocaine`,0],[`license_civ_heroin`,0],[`license_civ_marijuana`,0],[`license_civ_metanfetamina`,0],[`license_civ_rebel`,0],[`license_civ_whiskey`,0],[`license_civ_cocacola`,0],[`license_civ_processor`,0],[`license_civ_motherboard`,0],[`license_civ_graphics`,0],[`license_civ_memory`,0],[`license_civ_gamingcomputer`,0],[`license_civ_ritalina`,0],[`license_civ_legalweed`,0],[`license_civ_whiskeyaged`,0]]",0,"[`U_Rangemaster`,``,``,``,``,[`ItemMap`,`ItemCompass`,`ItemWatch`],``,``,[],[],[],[],[],[],[``,``,``,``],[``,``,``,``],[]]",'"[100,100,0]"',0,'"[3658.23,13109.3,0.00141048]"','"[0,0,11]"']]]
[23:39:18:879277 -3:00] [Thread 4076] extDB3: Input from Server: 4:102
[23:39:18:879277 -3:00] [Thread 4076] extDB3: Output to Server: [1,[['76561198119999473','JasoN',0,1000000,0,0,"[[`license_civ_driver`,0],[`license_civ_boat`,0],[`license_civ_pilot`,0],[`license_civ_trucking`,0],[`license_civ_gun`,0],[`license_civ_dive`,0],[`license_civ_home`,0],[`license_civ_oil`,0],[`license_civ_diamond`,0],[`license_civ_salt`,0],[`license_civ_sand`,0],[`license_civ_iron`,0],[`license_civ_copper`,0],[`license_civ_cement`,0],[`license_civ_medmarijuana`,0],[`license_civ_cocaine`,0],[`license_civ_heroin`,0],[`license_civ_marijuana`,0],[`license_civ_metanfetamina`,0],[`license_civ_rebel`,0],[`license_civ_whiskey`,0],[`license_civ_cocacola`,0],[`license_civ_processor`,0],[`license_civ_motherboard`,0],[`license_civ_graphics`,0],[`license_civ_memory`,0],[`license_civ_gamingcomputer`,0],[`license_civ_ritalina`,0],[`license_civ_legalweed`,0],[`license_civ_whiskeyaged`,0]]",0,"[`U_Rangemaster`,``,``,``,``,[`ItemMap`,`ItemCompass`,`ItemWatch`],``,``,[],[],[],[],[],[],[``,``,``,``],[``,``,``,``],[]]",'"[100,100,0]"',0,'"[3658.23,13109.3,0.00141048]"','"[0,0,11]"']]]
[23:39:19:416308 -3:00] [Thread 4076] extDB3: Input from Server: 2:6729:SELECT pid, pos, classname, inventory, gear, dir, id FROM containers WHERE pid='76561198119999473' AND owned='1'
[23:39:19:416308 -3:00] [Thread 4076] extDB3: Output to Server: [2,"103"]
[23:39:19:416308 -3:00] [Thread 4076] extDB3: Input from Server: 4:103
[23:39:19:416308 -3:00] [Thread 4076] extDB3: Output to Server: [3]
[23:39:19:416308 -3:00] [Thread 4076] extDB3: Input from Server: 4:103
[23:39:19:416308 -3:00] [Thread 4076] extDB3: Output to Server: [3]
[23:39:19:416308 -3:00] [Thread 4076] extDB3: Input from Server: 4:103
[23:39:19:416308 -3:00] [Thread 4076] extDB3: Output to Server: [3]
[23:39:19:416308 -3:00] [Thread 4076] extDB3: Input from Server: 4:103
[23:39:19:416308 -3:00] [Thread 4076] extDB3: Output to Server: [3]
[23:39:19:416308 -3:00] [Thread 4076] extDB3: Input from Server: 4:103
[23:39:19:416308 -3:00] [Thread 4076] extDB3: Output to Server: [3]
[23:39:19:416308 -3:00] [Thread 4076] extDB3: Input from Server: 4:103
[23:39:19:416308 -3:00] [Thread 4076] extDB3: Output to Server: [3]
[23:39:19:416308 -3:00] [Thread 4076] extDB3: Input from Server: 4:103
[23:39:19:416308 -3:00] [Thread 4076] extDB3: Output to Server: [3]
[23:39:19:416308 -3:00] [Thread 4076] extDB3: Input from Server: 4:103
[23:39:19:416308 -3:00] [Thread 4076] extDB3: Output to Server: [3]
[23:39:19:416308 -3:00] [Thread 4076] extDB3: Input from Server: 4:103
[23:39:19:416308 -3:00] [Thread 4076] extDB3: Output to Server: [3]
[23:39:19:416308 -3:00] [Thread 4076] extDB3: Input from Server: 4:103
[23:39:19:416308 -3:00] [Thread 4076] extDB3: Output to Server: [3]
[23:39:19:416308 -3:00] [Thread 4076] extDB3: Input from Server: 4:103
[23:39:19:416308 -3:00] [Thread 4076] extDB3: Output to Server: [3]
[23:39:19:417308 -3:00] [Thread 4076] extDB3: Input from Server: 4:103
[23:39:19:417308 -3:00] [Thread 4076] extDB3: Output to Server: [3]
[23:39:19:417308 -3:00] [Thread 4076] extDB3: Input from Server: 4:103
[23:39:19:417308 -3:00] [Thread 4076] extDB3: Output to Server: [3]
[23:39:19:417308 -3:00] [Thread 4076] extDB3: Input from Server: 4:103
[23:39:19:417308 -3:00] [Thread 4076] extDB3: Output to Server: [3]
[23:39:19:417308 -3:00] [Thread 4076] extDB3: Input from Server: 4:103
[23:39:19:417308 -3:00] [Thread 4076] extDB3: Output to Server: [3]
[23:39:19:417308 -3:00] [Thread 4076] extDB3: Input from Server: 4:103
[23:39:19:417308 -3:00] [Thread 4076] extDB3: Output to Server: [3]
[23:39:19:417308 -3:00] [Thread 4076] extDB3: Input from Server: 4:103
[23:39:19:417308 -3:00] [Thread 4076] extDB3: Output to Server: [3]
[23:39:19:417308 -3:00] [Thread 4076] extDB3: Input from Server: 4:103
[23:39:19:417308 -3:00] [Thread 4076] extDB3: Output to Server: [3]
[23:39:19:417308 -3:00] [Thread 4076] extDB3: Input from Server: 4:103
[23:39:19:417308 -3:00] [Thread 4076] extDB3: Output to Server: [3]
[23:39:19:417308 -3:00] [Thread 4076] extDB3: Input from Server: 4:103
[23:39:19:417308 -3:00] [Thread 4076] extDB3: Output to Server: [3]
[23:39:19:417308 -3:00] [Thread 4076] extDB3: Input from Server: 4:103
[23:39:19:417308 -3:00] [Thread 4076] extDB3: Output to Server: [3]
[23:39:19:417308 -3:00] [Thread 4076] extDB3: Input from Server: 4:103
[23:39:19:417308 -3:00] [Thread 4076] extDB3: Output to Server: [3]
[23:39:19:417308 -3:00] [Thread 4076] extDB3: Input from Server: 4:103
[23:39:19:417308 -3:00] [Thread 4076] extDB3: Output to Server: [3]
[23:39:19:417308 -3:00] [Thread 4076] extDB3: Input from Server: 4:103
[23:39:19:417308 -3:00] [Thread 4076] extDB3: Output to Server: [3]
[23:39:19:417308 -3:00] [Thread 4076] extDB3: Input from Server: 4:103
[23:39:19:417308 -3:00] [Thread 4076] extDB3: Output to Server: [3]
[23:39:19:417308 -3:00] [Thread 4076] extDB3: Input from Server: 4:103
[23:39:19:417308 -3:00] [Thread 4076] extDB3: Output to Server: [3]
[23:39:19:417308 -3:00] [Thread 4076] extDB3: Input from Server: 4:103
[23:39:19:417308 -3:00] [Thread 4076] extDB3: Output to Server: [3]
[23:39:19:417308 -3:00] [Thread 4076] extDB3: Input from Server: 4:103
[23:39:19:417308 -3:00] [Thread 4076] extDB3: Output to Server: [3]
[23:39:19:417308 -3:00] [Thread 4076] extDB3: Input from Server: 4:103
[23:39:19:417308 -3:00] [Thread 4076] extDB3: Output to Server: [3]
[23:39:19:417308 -3:00] [Thread 4076] extDB3: Input from Server: 4:103
[23:39:19:417308 -3:00] [Thread 4076] extDB3: Output to Server: [3]
[23:39:19:417308 -3:00] [Thread 4076] extDB3: Input from Server: 4:103
[23:39:19:417308 -3:00] [Thread 4076] extDB3: Output to Server: [3]
[23:39:19:417308 -3:00] [Thread 4076] extDB3: Input from Server: 4:103
[23:39:19:417308 -3:00] [Thread 4076] extDB3: Output to Server: [3]
[23:39:19:417308 -3:00] [Thread 4076] extDB3: Input from Server: 4:103
[23:39:19:417308 -3:00] [Thread 4076] extDB3: Output to Server: [3]
[23:39:19:417308 -3:00] [Thread 4076] extDB3: Input from Server: 4:103
[23:39:19:417308 -3:00] [Thread 4076] extDB3: Output to Server: [3]
[23:39:19:417308 -3:00] [Thread 4076] extDB3: Input from Server: 4:103
[23:39:19:417308 -3:00] [Thread 4076] extDB3: Output to Server: [3]
[23:39:19:417308 -3:00] [Thread 4076] extDB3: Input from Server: 4:103
[23:39:19:417308 -3:00] [Thread 4076] extDB3: Output to Server: [3]
[23:39:19:417308 -3:00] [Thread 4076] extDB3: Input from Server: 4:103
[23:39:19:417308 -3:00] [Thread 4076] extDB3: Output to Server: [3]
[23:39:19:417308 -3:00] [Thread 4076] extDB3: Input from Server: 4:103
[23:39:19:417308 -3:00] [Thread 4076] extDB3: Output to Server: [3]
[23:39:19:417308 -3:00] [Thread 4076] extDB3: Input from Server: 4:103
[23:39:19:417308 -3:00] [Thread 4076] extDB3: Output to Server: [3]
[23:39:19:417308 -3:00] [Thread 4076] extDB3: Input from Server: 4:103
[23:39:19:417308 -3:00] [Thread 4076] extDB3: Output to Server: [3]
[23:39:19:417308 -3:00] [Thread 4076] extDB3: Input from Server: 4:103
[23:39:19:417308 -3:00] [Thread 4076] extDB3: Output to Server: [3]
[23:39:19:417308 -3:00] [Thread 4076] extDB3: Input from Server: 4:103
[23:39:19:417308 -3:00] [Thread 4076] extDB3: Output to Server: [3]
[23:39:19:417308 -3:00] [Thread 4076] extDB3: Input from Server: 4:103
[23:39:19:417308 -3:00] [Thread 4076] extDB3: Output to Server: [3]
[23:39:19:417308 -3:00] [Thread 4076] extDB3: Input from Server: 4:103
[23:39:19:417308 -3:00] [Thread 4076] extDB3: Output to Server: [3]
[23:39:19:417308 -3:00] [Thread 4076] extDB3: Input from Server: 4:103
[23:39:19:417308 -3:00] [Thread 4076] extDB3: Output to Server: [3]
[23:39:19:417308 -3:00] [Thread 4076] extDB3: Input from Server: 4:103
[23:39:19:417308 -3:00] [Thread 4076] extDB3: Output to Server: [3]
[23:39:19:417308 -3:00] [Thread 4076] extDB3: Input from Server: 4:103
[23:39:19:417308 -3:00] [Thread 4076] extDB3: Output to Server: [3]
[23:39:19:418308 -3:00] [Thread 4076] extDB3: Input from Server: 4:103
[23:39:19:418308 -3:00] [Thread 4076] extDB3: Output to Server: [3]
[23:39:19:418308 -3:00] [Thread 4076] extDB3: Input from Server: 4:103
[23:39:19:418308 -3:00] [Thread 4076] extDB3: Output to Server: [3]
[23:39:19:418308 -3:00] [Thread 4076] extDB3: Input from Server: 4:103
[23:39:19:418308 -3:00] [Thread 4076] extDB3: Output to Server: [3]
[23:39:19:418308 -3:00] [Thread 4076] extDB3: Input from Server: 4:103
[23:39:19:418308 -3:00] [Thread 4076] extDB3: Output to Server: [3]
[23:39:19:418308 -3:00] [Thread 4076] extDB3: Input from Server: 4:103
[23:39:19:418308 -3:00] [Thread 4076] extDB3: Output to Server: [3]
[23:39:19:418308 -3:00] [Thread 4076] extDB3: Input from Server: 4:103
[23:39:19:418308 -3:00] [Thread 4076] extDB3: Output to Server: [3]
[23:39:19:418308 -3:00] [Thread 4076] extDB3: Input from Server: 4:103
[23:39:19:418308 -3:00] [Thread 4076] extDB3: Output to Server: [3]
[23:39:19:418308 -3:00] [Thread 4076] extDB3: Input from Server: 4:103
[23:39:19:418308 -3:00] [Thread 4076] extDB3: Output to Server: [3]
[23:39:19:418308 -3:00] [Thread 4076] extDB3: Input from Server: 4:103
[23:39:19:418308 -3:00] [Thread 4076] extDB3: Output to Server: [3]
[23:39:19:418308 -3:00] [Thread 4076] extDB3: Input from Server: 4:103
[23:39:19:418308 -3:00] [Thread 4076] extDB3: Output to Server: [3]
[23:39:19:418308 -3:00] [Thread 4076] extDB3: Input from Server: 4:103
[23:39:19:418308 -3:00] [Thread 3156] extDB3: SQL: Trace: Input: SELECT pid, pos, classname, inventory, gear, dir, id FROM containers WHERE pid='76561198119999473' AND owned='1'
[23:39:19:418308 -3:00] [Thread 4076] extDB3: Output to Server: [3]
[23:39:19:418308 -3:00] [Thread 4076] extDB3: Input from Server: 4:103
[23:39:19:418308 -3:00] [Thread 4076] extDB3: Output to Server: [3]
[23:39:19:418308 -3:00] [Thread 4076] extDB3: Input from Server: 4:103
[23:39:19:418308 -3:00] [Thread 4076] extDB3: Output to Server: [3]
[23:39:19:418308 -3:00] [Thread 4076] extDB3: Input from Server: 4:103
[23:39:19:418308 -3:00] [Thread 4076] extDB3: Output to Server: [3]
[23:39:19:418308 -3:00] [Thread 4076] extDB3: Input from Server: 4:103
[23:39:19:418308 -3:00] [Thread 4076] extDB3: Output to Server: [3]
[23:39:19:418308 -3:00] [Thread 4076] extDB3: Input from Server: 4:103
[23:39:19:418308 -3:00] [Thread 4076] extDB3: Output to Server: [3]
[23:39:19:418308 -3:00] [Thread 4076] extDB3: Input from Server: 4:103
[23:39:19:418308 -3:00] [Thread 4076] extDB3: Output to Server: [3]
[23:39:19:418308 -3:00] [Thread 4076] extDB3: Input from Server: 4:103
[23:39:19:418308 -3:00] [Thread 4076] extDB3: Output to Server: [3]
[23:39:19:418308 -3:00] [Thread 4076] extDB3: Input from Server: 4:103
[23:39:19:418308 -3:00] [Thread 4076] extDB3: Output to Server: [3]
[23:39:19:418308 -3:00] [Thread 4076] extDB3: Input from Server: 4:103
[23:39:19:418308 -3:00] [Thread 4076] extDB3: Output to Server: [3]
[23:39:19:418308 -3:00] [Thread 4076] extDB3: Input from Server: 4:103
[23:39:19:418308 -3:00] [Thread 4076] extDB3: Output to Server: [3]
[23:39:19:418308 -3:00] [Thread 4076] extDB3: Input from Server: 4:103
[23:39:19:418308 -3:00] [Thread 4076] extDB3: Output to Server: [3]
[23:39:19:418308 -3:00] [Thread 4076] extDB3: Input from Server: 4:103
[23:39:19:418308 -3:00] [Thread 4076] extDB3: Output to Server: [3]
[23:39:19:418308 -3:00] [Thread 3156] extDB3: SQL: Trace: Result: [1,[]]
[23:39:19:418308 -3:00] [Thread 4076] extDB3: Input from Server: 4:103
[23:39:19:418308 -3:00] [Thread 4076] extDB3: Output to Server: [1,[]]
[23:39:19:419308 -3:00] [Thread 4076] extDB3: Input from Server: 2:6729:SELECT pid, pos FROM houses WHERE pid='76561198119999473' AND owned='1'
[23:39:19:419308 -3:00] [Thread 4076] extDB3: Output to Server: [2,"104"]
[23:39:19:419308 -3:00] [Thread 3156] extDB3: SQL: Trace: Input: SELECT pid, pos FROM houses WHERE pid='76561198119999473' AND owned='1'
[23:39:19:419308 -3:00] [Thread 4076] extDB3: Input from Server: 4:104
[23:39:19:419308 -3:00] [Thread 4076] extDB3: Output to Server: [3]
[23:39:19:419308 -3:00] [Thread 4076] extDB3: Input from Server: 4:104
[23:39:19:419308 -3:00] [Thread 4076] extDB3: Output to Server: [3]
[23:39:19:419308 -3:00] [Thread 4076] extDB3: Input from Server: 4:104
[23:39:19:419308 -3:00] [Thread 4076] extDB3: Output to Server: [3]
[23:39:19:419308 -3:00] [Thread 4076] extDB3: Input from Server: 4:104
[23:39:19:419308 -3:00] [Thread 4076] extDB3: Output to Server: [3]
[23:39:19:419308 -3:00] [Thread 4076] extDB3: Input from Server: 4:104
[23:39:19:419308 -3:00] [Thread 4076] extDB3: Output to Server: [3]
[23:39:19:419308 -3:00] [Thread 4076] extDB3: Input from Server: 4:104
[23:39:19:419308 -3:00] [Thread 4076] extDB3: Output to Server: [3]
[23:39:19:419308 -3:00] [Thread 3156] extDB3: SQL: Trace: Result: [1,[]]
[23:39:19:537315 -3:00] [Thread 4076] extDB3: Input from Server: 4:104
[23:39:19:537315 -3:00] [Thread 4076] extDB3: Output to Server: [1,[]]
[23:39:19:676323 -3:00] [Thread 4076] extDB3: Input from Server: 2:6729:SELECT id, owner, name, maxmembers, bank, members FROM gangs WHERE active='1' AND members LIKE '%76561198119999473%'
[23:39:19:676323 -3:00] [Thread 4076] extDB3: Output to Server: [2,"105"]
[23:39:19:676323 -3:00] [Thread 4076] extDB3: Input from Server: 4:105
[23:39:19:676323 -3:00] [Thread 4076] extDB3: Output to Server: [3]
[23:39:19:676323 -3:00] [Thread 4076] extDB3: Input from Server: 4:105
[23:39:19:677323 -3:00] [Thread 4076] extDB3: Output to Server: [3]
[23:39:19:677323 -3:00] [Thread 4076] extDB3: Input from Server: 4:105
[23:39:19:677323 -3:00] [Thread 4076] extDB3: Output to Server: [3]
[23:39:19:677323 -3:00] [Thread 4076] extDB3: Input from Server: 4:105
[23:39:19:677323 -3:00] [Thread 4076] extDB3: Output to Server: [3]
[23:39:19:677323 -3:00] [Thread 4076] extDB3: Input from Server: 4:105
[23:39:19:677323 -3:00] [Thread 4076] extDB3: Output to Server: [3]
[23:39:19:677323 -3:00] [Thread 4076] extDB3: Input from Server: 4:105
[23:39:19:677323 -3:00] [Thread 4076] extDB3: Output to Server: [3]
[23:39:19:677323 -3:00] [Thread 4076] extDB3: Input from Server: 4:105
[23:39:19:677323 -3:00] [Thread 4076] extDB3: Output to Server: [3]
[23:39:19:677323 -3:00] [Thread 4076] extDB3: Input from Server: 4:105
[23:39:19:677323 -3:00] [Thread 4076] extDB3: Output to Server: [3]
[23:39:19:677323 -3:00] [Thread 4076] extDB3: Input from Server: 4:105
[23:39:19:677323 -3:00] [Thread 4076] extDB3: Output to Server: [3]
[23:39:19:677323 -3:00] [Thread 4076] extDB3: Input from Server: 4:105
[23:39:19:677323 -3:00] [Thread 4076] extDB3: Output to Server: [3]
[23:39:19:677323 -3:00] [Thread 4076] extDB3: Input from Server: 4:105
[23:39:19:677323 -3:00] [Thread 4076] extDB3: Output to Server: [3]
[23:39:19:677323 -3:00] [Thread 4076] extDB3: Input from Server: 4:105
[23:39:19:677323 -3:00] [Thread 4076] extDB3: Output to Server: [3]
[23:39:19:677323 -3:00] [Thread 4076] extDB3: Input from Server: 4:105
[23:39:19:677323 -3:00] [Thread 4076] extDB3: Output to Server: [3]
[23:39:19:677323 -3:00] [Thread 4076] extDB3: Input from Server: 4:105
[23:39:19:677323 -3:00] [Thread 4076] extDB3: Output to Server: [3]
[23:39:19:677323 -3:00] [Thread 4076] extDB3: Input from Server: 4:105
[23:39:19:677323 -3:00] [Thread 4076] extDB3: Output to Server: [3]
[23:39:19:677323 -3:00] [Thread 4076] extDB3: Input from Server: 4:105
[23:39:19:677323 -3:00] [Thread 4076] extDB3: Output to Server: [3]
[23:39:19:677323 -3:00] [Thread 4076] extDB3: Input from Server: 4:105
[23:39:19:677323 -3:00] [Thread 4076] extDB3: Output to Server: [3]
[23:39:19:677323 -3:00] [Thread 4076] extDB3: Input from Server: 4:105
[23:39:19:677323 -3:00] [Thread 4076] extDB3: Output to Server: [3]
[23:39:19:677323 -3:00] [Thread 4076] extDB3: Input from Server: 4:105
[23:39:19:677323 -3:00] [Thread 4076] extDB3: Output to Server: [3]
[23:39:19:677323 -3:00] [Thread 4076] extDB3: Input from Server: 4:105
[23:39:19:677323 -3:00] [Thread 4076] extDB3: Output to Server: [3]
[23:39:19:677323 -3:00] [Thread 4076] extDB3: Input from Server: 4:105
[23:39:19:677323 -3:00] [Thread 4076] extDB3: Output to Server: [3]
[23:39:19:677323 -3:00] [Thread 4076] extDB3: Input from Server: 4:105
[23:39:19:677323 -3:00] [Thread 4076] extDB3: Output to Server: [3]
[23:39:19:677323 -3:00] [Thread 4076] extDB3: Input from Server: 4:105
[23:39:19:677323 -3:00] [Thread 4076] extDB3: Output to Server: [3]
[23:39:19:677323 -3:00] [Thread 4076] extDB3: Input from Server: 4:105
[23:39:19:677323 -3:00] [Thread 4076] extDB3: Output to Server: [3]
[23:39:19:677323 -3:00] [Thread 4076] extDB3: Input from Server: 4:105
[23:39:19:677323 -3:00] [Thread 4076] extDB3: Output to Server: [3]
[23:39:19:677323 -3:00] [Thread 4076] extDB3: Input from Server: 4:105
[23:39:19:677323 -3:00] [Thread 4076] extDB3: Output to Server: [3]
[23:39:19:677323 -3:00] [Thread 4076] extDB3: Input from Server: 4:105
[23:39:19:677323 -3:00] [Thread 4076] extDB3: Output to Server: [3]
[23:39:19:677323 -3:00] [Thread 4076] extDB3: Input from Server: 4:105
[23:39:19:677323 -3:00] [Thread 4076] extDB3: Output to Server: [3]
[23:39:19:677323 -3:00] [Thread 4076] extDB3: Input from Server: 4:105
[23:39:19:677323 -3:00] [Thread 4076] extDB3: Output to Server: [3]
[23:39:19:677323 -3:00] [Thread 4076] extDB3: Input from Server: 4:105
[23:39:19:677323 -3:00] [Thread 4076] extDB3: Output to Server: [3]
[23:39:19:677323 -3:00] [Thread 4076] extDB3: Input from Server: 4:105
[23:39:19:677323 -3:00] [Thread 4076] extDB3: Output to Server: [3]
[23:39:19:677323 -3:00] [Thread 4076] extDB3: Input from Server: 4:105
[23:39:19:677323 -3:00] [Thread 4076] extDB3: Output to Server: [3]
[23:39:19:677323 -3:00] [Thread 4076] extDB3: Input from Server: 4:105
[23:39:19:677323 -3:00] [Thread 4076] extDB3: Output to Server: [3]
[23:39:19:677323 -3:00] [Thread 4076] extDB3: Input from Server: 4:105
[23:39:19:677323 -3:00] [Thread 4076] extDB3: Output to Server: [3]
[23:39:19:677323 -3:00] [Thread 4076] extDB3: Input from Server: 4:105
[23:39:19:677323 -3:00] [Thread 4076] extDB3: Output to Server: [3]
[23:39:19:677323 -3:00] [Thread 4076] extDB3: Input from Server: 4:105
[23:39:19:678323 -3:00] [Thread 4076] extDB3: Output to Server: [3]
[23:39:19:678323 -3:00] [Thread 4076] extDB3: Input from Server: 4:105
[23:39:19:678323 -3:00] [Thread 4076] extDB3: Output to Server: [3]
[23:39:19:678323 -3:00] [Thread 4076] extDB3: Input from Server: 4:105
[23:39:19:678323 -3:00] [Thread 4076] extDB3: Output to Server: [3]
[23:39:19:678323 -3:00] [Thread 4076] extDB3: Input from Server: 4:105
[23:39:19:678323 -3:00] [Thread 4076] extDB3: Output to Server: [3]
[23:39:19:678323 -3:00] [Thread 4076] extDB3: Input from Server: 4:105
[23:39:19:678323 -3:00] [Thread 4076] extDB3: Output to Server: [3]
[23:39:19:678323 -3:00] [Thread 4076] extDB3: Input from Server: 4:105
[23:39:19:678323 -3:00] [Thread 4076] extDB3: Output to Server: [3]
[23:39:19:678323 -3:00] [Thread 4076] extDB3: Input from Server: 4:105
[23:39:19:678323 -3:00] [Thread 4076] extDB3: Output to Server: [3]
[23:39:19:678323 -3:00] [Thread 4076] extDB3: Input from Server: 4:105
[23:39:19:678323 -3:00] [Thread 4076] extDB3: Output to Server: [3]
[23:39:19:678323 -3:00] [Thread 4076] extDB3: Input from Server: 4:105
[23:39:19:678323 -3:00] [Thread 4076] extDB3: Output to Server: [3]
[23:39:19:678323 -3:00] [Thread 4076] extDB3: Input from Server: 4:105
[23:39:19:678323 -3:00] [Thread 4076] extDB3: Output to Server: [3]
[23:39:19:678323 -3:00] [Thread 4076] extDB3: Input from Server: 4:105
[23:39:19:678323 -3:00] [Thread 4076] extDB3: Output to Server: [3]
[23:39:19:678323 -3:00] [Thread 4076] extDB3: Input from Server: 4:105
[23:39:19:678323 -3:00] [Thread 4076] extDB3: Output to Server: [3]
[23:39:19:678323 -3:00] [Thread 4076] extDB3: Input from Server: 4:105
[23:39:19:678323 -3:00] [Thread 4076] extDB3: Output to Server: [3]
[23:39:19:678323 -3:00] [Thread 4076] extDB3: Input from Server: 4:105
[23:39:19:678323 -3:00] [Thread 4076] extDB3: Output to Server: [3]
[23:39:19:678323 -3:00] [Thread 4076] extDB3: Input from Server: 4:105
[23:39:19:678323 -3:00] [Thread 4076] extDB3: Output to Server: [3]
[23:39:19:678323 -3:00] [Thread 4076] extDB3: Input from Server: 4:105
[23:39:19:678323 -3:00] [Thread 4076] extDB3: Output to Server: [3]
[23:39:19:678323 -3:00] [Thread 4076] extDB3: Input from Server: 4:105
[23:39:19:678323 -3:00] [Thread 4076] extDB3: Output to Server: [3]
[23:39:19:678323 -3:00] [Thread 4076] extDB3: Input from Server: 4:105
[23:39:19:678323 -3:00] [Thread 4076] extDB3: Output to Server: [3]
[23:39:19:678323 -3:00] [Thread 4076] extDB3: Input from Server: 4:105
[23:39:19:678323 -3:00] [Thread 4076] extDB3: Output to Server: [3]
[23:39:19:678323 -3:00] [Thread 4076] extDB3: Input from Server: 4:105
[23:39:19:678323 -3:00] [Thread 4076] extDB3: Output to Server: [3]
[23:39:19:678323 -3:00] [Thread 4076] extDB3: Input from Server: 4:105
[23:39:19:678323 -3:00] [Thread 4076] extDB3: Output to Server: [3]
[23:39:19:678323 -3:00] [Thread 4076] extDB3: Input from Server: 4:105
[23:39:19:678323 -3:00] [Thread 4076] extDB3: Output to Server: [3]
[23:39:19:678323 -3:00] [Thread 4076] extDB3: Input from Server: 4:105
[23:39:19:678323 -3:00] [Thread 4076] extDB3: Output to Server: [3]
[23:39:19:678323 -3:00] [Thread 3156] extDB3: SQL: Trace: Input: SELECT id, owner, name, maxmembers, bank, members FROM gangs WHERE active='1' AND members LIKE '%76561198119999473%'
[23:39:19:678323 -3:00] [Thread 4076] extDB3: Input from Server: 4:105
[23:39:19:678323 -3:00] [Thread 4076] extDB3: Output to Server: [3]
[23:39:19:678323 -3:00] [Thread 4076] extDB3: Input from Server: 4:105
[23:39:19:678323 -3:00] [Thread 4076] extDB3: Output to Server: [3]
[23:39:19:678323 -3:00] [Thread 4076] extDB3: Input from Server: 4:105
[23:39:19:678323 -3:00] [Thread 4076] extDB3: Output to Server: [3]
[23:39:19:678323 -3:00] [Thread 4076] extDB3: Input from Server: 4:105
[23:39:19:678323 -3:00] [Thread 4076] extDB3: Output to Server: [3]
[23:39:19:678323 -3:00] [Thread 4076] extDB3: Input from Server: 4:105
[23:39:19:678323 -3:00] [Thread 4076] extDB3: Output to Server: [3]
[23:39:19:678323 -3:00] [Thread 4076] extDB3: Input from Server: 4:105
[23:39:19:678323 -3:00] [Thread 4076] extDB3: Output to Server: [3]
[23:39:19:678323 -3:00] [Thread 4076] extDB3: Input from Server: 4:105
[23:39:19:678323 -3:00] [Thread 4076] extDB3: Output to Server: [3]
[23:39:19:678323 -3:00] [Thread 4076] extDB3: Input from Server: 4:105
[23:39:19:678323 -3:00] [Thread 4076] extDB3: Output to Server: [3]
[23:39:19:678323 -3:00] [Thread 4076] extDB3: Input from Server: 4:105
[23:39:19:678323 -3:00] [Thread 4076] extDB3: Output to Server: [3]
[23:39:19:678323 -3:00] [Thread 4076] extDB3: Input from Server: 4:105
[23:39:19:678323 -3:00] [Thread 4076] extDB3: Output to Server: [3]
[23:39:19:678323 -3:00] [Thread 4076] extDB3: Input from Server: 4:105
[23:39:19:678323 -3:00] [Thread 4076] extDB3: Output to Server: [3]
[23:39:19:678323 -3:00] [Thread 4076] extDB3: Input from Server: 4:105
[23:39:19:678323 -3:00] [Thread 4076] extDB3: Output to Server: [3]
[23:39:19:678323 -3:00] [Thread 3156] extDB3: SQL: Trace: Result: [1,[]]
[23:39:19:678323 -3:00] [Thread 4076] extDB3: Input from Server: 4:105
[23:39:19:679323 -3:00] [Thread 4076] extDB3: Output to Server: [1,[]]
[23:41:22:526350 -3:00] [Thread 4076] extDB3: Input from Server: 2:6729:SELECT wantedName FROM wanted WHERE wantedID='76561198119999473'
[23:41:22:526350 -3:00] [Thread 4076] extDB3: Output to Server: [2,"106"]
[23:41:22:526350 -3:00] [Thread 4076] extDB3: Input from Server: 4:106
[23:41:22:526350 -3:00] [Thread 4076] extDB3: Output to Server: [3]
[23:41:22:526350 -3:00] [Thread 4076] extDB3: Input from Server: 4:106
[23:41:22:526350 -3:00] [Thread 4076] extDB3: Output to Server: [3]
[23:41:22:526350 -3:00] [Thread 4076] extDB3: Input from Server: 4:106
[23:41:22:526350 -3:00] [Thread 4076] extDB3: Output to Server: [3]
[23:41:22:526350 -3:00] [Thread 4076] extDB3: Input from Server: 4:106
[23:41:22:526350 -3:00] [Thread 4076] extDB3: Output to Server: [3]
[23:41:22:526350 -3:00] [Thread 4076] extDB3: Input from Server: 4:106
[23:41:22:526350 -3:00] [Thread 4076] extDB3: Output to Server: [3]
[23:41:22:526350 -3:00] [Thread 4076] extDB3: Input from Server: 4:106
[23:41:22:526350 -3:00] [Thread 4076] extDB3: Output to Server: [3]
[23:41:22:526350 -3:00] [Thread 4076] extDB3: Input from Server: 4:106
[23:41:22:526350 -3:00] [Thread 4076] extDB3: Output to Server: [3]
[23:41:22:526350 -3:00] [Thread 4076] extDB3: Input from Server: 4:106
[23:41:22:526350 -3:00] [Thread 4076] extDB3: Output to Server: [3]
[23:41:22:526350 -3:00] [Thread 4076] extDB3: Input from Server: 4:106
[23:41:22:526350 -3:00] [Thread 4076] extDB3: Output to Server: [3]
[23:41:22:526350 -3:00] [Thread 4076] extDB3: Input from Server: 4:106
[23:41:22:526350 -3:00] [Thread 4076] extDB3: Output to Server: [3]
[23:41:22:526350 -3:00] [Thread 4076] extDB3: Input from Server: 4:106
[23:41:22:526350 -3:00] [Thread 3156] extDB3: SQL: Trace: Input: SELECT wantedName FROM wanted WHERE wantedID='76561198119999473'
[23:41:22:526350 -3:00] [Thread 4076] extDB3: Output to Server: [3]
[23:41:22:526350 -3:00] [Thread 4076] extDB3: Input from Server: 4:106
[23:41:22:526350 -3:00] [Thread 4076] extDB3: Output to Server: [3]
[23:41:22:526350 -3:00] [Thread 4076] extDB3: Input from Server: 4:106
[23:41:22:526350 -3:00] [Thread 4076] extDB3: Output to Server: [3]
[23:41:22:526350 -3:00] [Thread 4076] extDB3: Input from Server: 4:106
[23:41:22:526350 -3:00] [Thread 4076] extDB3: Output to Server: [3]
[23:41:22:526350 -3:00] [Thread 4076] extDB3: Input from Server: 4:106
[23:41:22:526350 -3:00] [Thread 4076] extDB3: Output to Server: [3]
[23:41:22:527350 -3:00] [Thread 4076] extDB3: Input from Server: 4:106
[23:41:22:527350 -3:00] [Thread 4076] extDB3: Output to Server: [3]
[23:41:22:527350 -3:00] [Thread 4076] extDB3: Input from Server: 4:106
[23:41:22:527350 -3:00] [Thread 4076] extDB3: Output to Server: [3]
[23:41:22:527350 -3:00] [Thread 4076] extDB3: Input from Server: 4:106
[23:41:22:527350 -3:00] [Thread 4076] extDB3: Output to Server: [3]
[23:41:22:527350 -3:00] [Thread 4076] extDB3: Input from Server: 4:106
[23:41:22:527350 -3:00] [Thread 4076] extDB3: Output to Server: [3]
[23:41:22:527350 -3:00] [Thread 4076] extDB3: Input from Server: 4:106
[23:41:22:527350 -3:00] [Thread 4076] extDB3: Output to Server: [3]
[23:41:22:527350 -3:00] [Thread 4076] extDB3: Input from Server: 4:106
[23:41:22:527350 -3:00] [Thread 4076] extDB3: Output to Server: [3]
[23:41:22:527350 -3:00] [Thread 4076] extDB3: Input from Server: 4:106
[23:41:22:527350 -3:00] [Thread 4076] extDB3: Output to Server: [3]
[23:41:22:527350 -3:00] [Thread 4076] extDB3: Input from Server: 4:106
[23:41:22:527350 -3:00] [Thread 4076] extDB3: Output to Server: [3]
[23:41:22:527350 -3:00] [Thread 4076] extDB3: Input from Server: 4:106
[23:41:22:527350 -3:00] [Thread 4076] extDB3: Output to Server: [3]
[23:41:22:527350 -3:00] [Thread 4076] extDB3: Input from Server: 4:106
[23:41:22:527350 -3:00] [Thread 4076] extDB3: Output to Server: [3]
[23:41:22:527350 -3:00] [Thread 4076] extDB3: Input from Server: 4:106
[23:41:22:527350 -3:00] [Thread 4076] extDB3: Output to Server: [3]
[23:41:22:527350 -3:00] [Thread 4076] extDB3: Input from Server: 4:106
[23:41:22:527350 -3:00] [Thread 4076] extDB3: Output to Server: [3]
[23:41:22:527350 -3:00] [Thread 4076] extDB3: Input from Server: 4:106
[23:41:22:527350 -3:00] [Thread 4076] extDB3: Output to Server: [3]
[23:41:22:527350 -3:00] [Thread 4076] extDB3: Input from Server: 4:106
[23:41:22:527350 -3:00] [Thread 4076] extDB3: Output to Server: [3]
[23:41:22:527350 -3:00] [Thread 4076] extDB3: Input from Server: 4:106
[23:41:22:527350 -3:00] [Thread 4076] extDB3: Output to Server: [3]
[23:41:22:527350 -3:00] [Thread 3156] extDB3: SQL: Trace: Result: [1,[]]
[23:41:22:527350 -3:00] [Thread 4076] extDB3: Input from Server: 4:106
[23:41:22:527350 -3:00] [Thread 4076] extDB3: Output to Server: [1,[]]
