
extDB3: https://bitbucket.org/torndeco/extdb3/wiki/Home
extDB3: Version: 1.022
extDB3: Windows Debug Version

Message: All development for extDB3 is done on a Linux Dedicated Server
Message: If you would like to Donate to extDB3 Development
Message: https://www.paypal.com/cgi-bin/webscr?cmd=_s-xclick&hosted_button_id=2SUEFTGABTAM2
Message: Also leave a message if there is any particular feature you would like to see added.
Message: Thanks for all the people that have donated.
Message: Torndeco: 18/05/15


extDB3: Found extdb3-conf.ini
extDB3: Detected 4 Cores, Setting up 4 Worker Threads
extDB3: ...
extDB3: ...
extDB3: ...
extDB3: ...


[01:39:29:352917 -3:00] [Thread 8432] extDB3: Input from Server: 9:VERSION
[01:39:29:369043 -3:00] [Thread 8432] extDB3: Output to Server: 1.022
[01:40:03:360176 -3:00] [Thread 8432] extDB3: Input from Server: 9:ADD_DATABASE:altislife
[01:40:03:363356 -3:00] [Thread 8432] extDB3: Output to Server: [1]
[01:40:03:363471 -3:00] [Thread 8432] extDB3: Input from Server: 9:ADD_DATABASE_PROTOCOL:altislife:SQL:4808:TEXT2
[01:40:03:363519 -3:00] [Thread 8432] extDB3: SQL: Initialized: Add Quotes around TEXT Datatypes mode: 2
[01:40:03:363535 -3:00] [Thread 8432] extDB3: SQL: Initialized: NULL = ""
[01:40:03:363548 -3:00] [Thread 8432] extDB3: Output to Server: [1]
[01:40:03:363575 -3:00] [Thread 8432] extDB3: Input from Server: 9:LOCK
[01:40:03:363592 -3:00] [Thread 8432] extDB3: Locked
[01:40:03:363604 -3:00] [Thread 8432] extDB3: Output to Server: [1]
[01:40:03:363768 -3:00] [Thread 8432] extDB3: Input from Server: 1:4808:CALL resetLifeVehicles
[01:40:03:363790 -3:00] [Thread 8432] extDB3: Output to Server: 
[01:40:03:363806 -3:00] [Thread 15660] extDB3: SQL: Trace: Input: CALL resetLifeVehicles
[01:40:03:363907 -3:00] [Thread 8432] extDB3: Input from Server: 1:4808:CALL deleteDeadVehicles
[01:40:03:363926 -3:00] [Thread 8432] extDB3: Output to Server: 
[01:40:03:363936 -3:00] [Thread 13868] extDB3: SQL: Trace: Input: CALL deleteDeadVehicles
[01:40:03:364043 -3:00] [Thread 8432] extDB3: Input from Server: 1:4808:CALL deleteOldHouses
[01:40:03:364066 -3:00] [Thread 8432] extDB3: Output to Server: 
[01:40:03:364078 -3:00] [Thread 15376] extDB3: SQL: Trace: Input: CALL deleteOldHouses
[01:40:03:364176 -3:00] [Thread 8432] extDB3: Input from Server: 1:4808:CALL deleteOldGangs
[01:40:03:364194 -3:00] [Thread 8432] extDB3: Output to Server: 
[01:40:03:364205 -3:00] [Thread 1436] extDB3: SQL: Trace: Input: CALL deleteOldGangs
[01:40:03:462637 -3:00] [Thread 1436] extDB3: SQL: Trace: Result: [1,[]]
[01:40:03:464458 -3:00] [Thread 15376] extDB3: SQL: Trace: Result: [1,[]]
[01:40:03:465733 -3:00] [Thread 15660] extDB3: SQL: Trace: Result: [1,[]]
[01:40:03:467569 -3:00] [Thread 13868] extDB3: SQL: Trace: Result: [1,[]]
[01:40:09:474937 -3:00] [Thread 8432] extDB3: Input from Server: 1:4808:UPDATE players SET civ_alive = '0' WHERE civ_alive = '1'
[01:40:09:475012 -3:00] [Thread 8432] extDB3: Output to Server: 
[01:40:09:475018 -3:00] [Thread 13868] extDB3: SQL: Trace: Input: UPDATE players SET civ_alive = '0' WHERE civ_alive = '1'
[01:40:09:478221 -3:00] [Thread 13868] extDB3: SQL: Trace: Result: [1,[]]
[01:41:15:908951 -3:00] [Thread 8432] extDB3: Input from Server: 2:4808:SELECT COUNT(*) FROM houses WHERE owned='1'
[01:41:15:909032 -3:00] [Thread 8432] extDB3: Output to Server: [2,"100"]
[01:41:15:909076 -3:00] [Thread 8432] extDB3: Input from Server: 4:100
[01:41:15:909079 -3:00] [Thread 13868] extDB3: SQL: Trace: Input: SELECT COUNT(*) FROM houses WHERE owned='1'
[01:41:15:909102 -3:00] [Thread 8432] extDB3: Output to Server: [3]
[01:41:15:909183 -3:00] [Thread 8432] extDB3: Input from Server: 4:100
[01:41:15:909203 -3:00] [Thread 8432] extDB3: Output to Server: [3]
[01:41:15:909234 -3:00] [Thread 8432] extDB3: Input from Server: 4:100
[01:41:15:909248 -3:00] [Thread 8432] extDB3: Output to Server: [3]
[01:41:15:909267 -3:00] [Thread 8432] extDB3: Input from Server: 4:100
[01:41:15:909281 -3:00] [Thread 8432] extDB3: Output to Server: [3]
[01:41:15:909299 -3:00] [Thread 8432] extDB3: Input from Server: 4:100
[01:41:15:909377 -3:00] [Thread 8432] extDB3: Output to Server: [3]
[01:41:15:909405 -3:00] [Thread 8432] extDB3: Input from Server: 4:100
[01:41:15:909421 -3:00] [Thread 8432] extDB3: Output to Server: [3]
[01:41:15:909440 -3:00] [Thread 8432] extDB3: Input from Server: 4:100
[01:41:15:909454 -3:00] [Thread 8432] extDB3: Output to Server: [3]
[01:41:15:909481 -3:00] [Thread 8432] extDB3: Input from Server: 4:100
[01:41:15:909496 -3:00] [Thread 8432] extDB3: Output to Server: [3]
[01:41:15:909514 -3:00] [Thread 8432] extDB3: Input from Server: 4:100
[01:41:15:909528 -3:00] [Thread 8432] extDB3: Output to Server: [3]
[01:41:15:909550 -3:00] [Thread 8432] extDB3: Input from Server: 4:100
[01:41:15:909564 -3:00] [Thread 8432] extDB3: Output to Server: [3]
[01:41:15:909569 -3:00] [Thread 13868] extDB3: SQL: Trace: Result: [1,[[0]]]
[01:41:15:909583 -3:00] [Thread 8432] extDB3: Input from Server: 4:100
[01:41:15:909619 -3:00] [Thread 8432] extDB3: Output to Server: [1,[[0]]]
[01:41:15:909798 -3:00] [Thread 8432] extDB3: Input from Server: 2:4808:SELECT houses.id, houses.pid, houses.pos, players.name, houses.garage FROM houses INNER JOIN players WHERE houses.owned='1' AND houses.pid = players.pid LIMIT 0,10
[01:41:15:909822 -3:00] [Thread 8432] extDB3: Output to Server: [2,"101"]
[01:41:15:909826 -3:00] [Thread 13868] extDB3: SQL: Trace: Input: SELECT houses.id, houses.pid, houses.pos, players.name, houses.garage FROM houses INNER JOIN players WHERE houses.owned='1' AND houses.pid = players.pid LIMIT 0,10
[01:41:15:909858 -3:00] [Thread 8432] extDB3: Input from Server: 4:101
[01:41:15:909874 -3:00] [Thread 8432] extDB3: Output to Server: [3]
[01:41:15:909898 -3:00] [Thread 8432] extDB3: Input from Server: 4:101
[01:41:15:909912 -3:00] [Thread 8432] extDB3: Output to Server: [3]
[01:41:15:909932 -3:00] [Thread 8432] extDB3: Input from Server: 4:101
[01:41:15:909945 -3:00] [Thread 8432] extDB3: Output to Server: [3]
[01:41:15:909964 -3:00] [Thread 8432] extDB3: Input from Server: 4:101
[01:41:15:909978 -3:00] [Thread 8432] extDB3: Output to Server: [3]
[01:41:15:909996 -3:00] [Thread 8432] extDB3: Input from Server: 4:101
[01:41:15:910010 -3:00] [Thread 8432] extDB3: Output to Server: [3]
[01:41:15:910030 -3:00] [Thread 8432] extDB3: Input from Server: 4:101
[01:41:15:910044 -3:00] [Thread 8432] extDB3: Output to Server: [3]
[01:41:15:910062 -3:00] [Thread 8432] extDB3: Input from Server: 4:101
[01:41:15:910171 -3:00] [Thread 8432] extDB3: Output to Server: [3]
[01:41:15:910194 -3:00] [Thread 8432] extDB3: Input from Server: 4:101
[01:41:15:910233 -3:00] [Thread 8432] extDB3: Output to Server: [3]
[01:41:15:910265 -3:00] [Thread 8432] extDB3: Input from Server: 4:101
[01:41:15:910281 -3:00] [Thread 8432] extDB3: Output to Server: [3]
[01:41:15:910304 -3:00] [Thread 8432] extDB3: Input from Server: 4:101
[01:41:15:910319 -3:00] [Thread 8432] extDB3: Output to Server: [3]
[01:41:15:910338 -3:00] [Thread 8432] extDB3: Input from Server: 4:101
[01:41:15:910352 -3:00] [Thread 8432] extDB3: Output to Server: [3]
[01:41:15:910372 -3:00] [Thread 8432] extDB3: Input from Server: 4:101
[01:41:15:910386 -3:00] [Thread 8432] extDB3: Output to Server: [3]
[01:41:15:910405 -3:00] [Thread 8432] extDB3: Input from Server: 4:101
[01:41:15:910419 -3:00] [Thread 8432] extDB3: Output to Server: [3]
[01:41:15:910440 -3:00] [Thread 8432] extDB3: Input from Server: 4:101
[01:41:15:910453 -3:00] [Thread 8432] extDB3: Output to Server: [3]
[01:41:15:910472 -3:00] [Thread 8432] extDB3: Input from Server: 4:101
[01:41:15:910485 -3:00] [Thread 8432] extDB3: Output to Server: [3]
[01:41:15:910504 -3:00] [Thread 8432] extDB3: Input from Server: 4:101
[01:41:15:910518 -3:00] [Thread 8432] extDB3: Output to Server: [3]
[01:41:15:910536 -3:00] [Thread 8432] extDB3: Input from Server: 4:101
[01:41:15:910550 -3:00] [Thread 8432] extDB3: Output to Server: [3]
[01:41:15:910571 -3:00] [Thread 8432] extDB3: Input from Server: 4:101
[01:41:15:910585 -3:00] [Thread 8432] extDB3: Output to Server: [3]
[01:41:15:910657 -3:00] [Thread 8432] extDB3: Input from Server: 4:101
[01:41:15:910677 -3:00] [Thread 8432] extDB3: Output to Server: [3]
[01:41:15:910697 -3:00] [Thread 8432] extDB3: Input from Server: 4:101
[01:41:15:910711 -3:00] [Thread 8432] extDB3: Output to Server: [3]
[01:41:15:910732 -3:00] [Thread 8432] extDB3: Input from Server: 4:101
[01:41:15:910747 -3:00] [Thread 8432] extDB3: Output to Server: [3]
[01:41:15:910765 -3:00] [Thread 8432] extDB3: Input from Server: 4:101
[01:41:15:910779 -3:00] [Thread 8432] extDB3: Output to Server: [3]
[01:41:15:910798 -3:00] [Thread 8432] extDB3: Input from Server: 4:101
[01:41:15:910812 -3:00] [Thread 8432] extDB3: Output to Server: [3]
[01:41:15:910831 -3:00] [Thread 8432] extDB3: Input from Server: 4:101
[01:41:15:910845 -3:00] [Thread 8432] extDB3: Output to Server: [3]
[01:41:15:910863 -3:00] [Thread 8432] extDB3: Input from Server: 4:101
[01:41:15:910877 -3:00] [Thread 8432] extDB3: Output to Server: [3]
[01:41:15:910896 -3:00] [Thread 8432] extDB3: Input from Server: 4:101
[01:41:15:910910 -3:00] [Thread 8432] extDB3: Output to Server: [3]
[01:41:15:910930 -3:00] [Thread 8432] extDB3: Input from Server: 4:101
[01:41:15:910943 -3:00] [Thread 8432] extDB3: Output to Server: [3]
[01:41:15:910964 -3:00] [Thread 8432] extDB3: Input from Server: 4:101
[01:41:15:910978 -3:00] [Thread 8432] extDB3: Output to Server: [3]
[01:41:15:910996 -3:00] [Thread 8432] extDB3: Input from Server: 4:101
[01:41:15:911009 -3:00] [Thread 8432] extDB3: Output to Server: [3]
[01:41:15:911028 -3:00] [Thread 8432] extDB3: Input from Server: 4:101
[01:41:15:911042 -3:00] [Thread 8432] extDB3: Output to Server: [3]
[01:41:15:911060 -3:00] [Thread 8432] extDB3: Input from Server: 4:101
[01:41:15:911074 -3:00] [Thread 8432] extDB3: Output to Server: [3]
[01:41:15:911096 -3:00] [Thread 8432] extDB3: Input from Server: 4:101
[01:41:15:911110 -3:00] [Thread 8432] extDB3: Output to Server: [3]
[01:41:15:911129 -3:00] [Thread 8432] extDB3: Input from Server: 4:101
[01:41:15:911142 -3:00] [Thread 8432] extDB3: Output to Server: [3]
[01:41:15:911161 -3:00] [Thread 8432] extDB3: Input from Server: 4:101
[01:41:15:911174 -3:00] [Thread 8432] extDB3: Output to Server: [3]
[01:41:15:911193 -3:00] [Thread 8432] extDB3: Input from Server: 4:101
[01:41:15:911207 -3:00] [Thread 8432] extDB3: Output to Server: [3]
[01:41:15:911226 -3:00] [Thread 8432] extDB3: Input from Server: 4:101
[01:41:15:911239 -3:00] [Thread 8432] extDB3: Output to Server: [3]
[01:41:15:911258 -3:00] [Thread 8432] extDB3: Input from Server: 4:101
[01:41:15:911271 -3:00] [Thread 8432] extDB3: Output to Server: [3]
[01:41:15:911290 -3:00] [Thread 8432] extDB3: Input from Server: 4:101
[01:41:15:911304 -3:00] [Thread 8432] extDB3: Output to Server: [3]
[01:41:15:911323 -3:00] [Thread 8432] extDB3: Input from Server: 4:101
[01:41:15:911336 -3:00] [Thread 8432] extDB3: Output to Server: [3]
[01:41:15:911357 -3:00] [Thread 8432] extDB3: Input from Server: 4:101
[01:41:15:911371 -3:00] [Thread 8432] extDB3: Output to Server: [3]
[01:41:15:911389 -3:00] [Thread 8432] extDB3: Input from Server: 4:101
[01:41:15:911403 -3:00] [Thread 8432] extDB3: Output to Server: [3]
[01:41:15:911422 -3:00] [Thread 8432] extDB3: Input from Server: 4:101
[01:41:15:911436 -3:00] [Thread 8432] extDB3: Output to Server: [3]
[01:41:15:911457 -3:00] [Thread 8432] extDB3: Input from Server: 4:101
[01:41:15:911471 -3:00] [Thread 8432] extDB3: Output to Server: [3]
[01:41:15:911489 -3:00] [Thread 8432] extDB3: Input from Server: 4:101
[01:41:15:911503 -3:00] [Thread 8432] extDB3: Output to Server: [3]
[01:41:15:911521 -3:00] [Thread 8432] extDB3: Input from Server: 4:101
[01:41:15:911535 -3:00] [Thread 8432] extDB3: Output to Server: [3]
[01:41:15:911555 -3:00] [Thread 8432] extDB3: Input from Server: 4:101
[01:41:15:911571 -3:00] [Thread 8432] extDB3: Output to Server: [3]
[01:41:15:911594 -3:00] [Thread 8432] extDB3: Input from Server: 4:101
[01:41:15:911609 -3:00] [Thread 8432] extDB3: Output to Server: [3]
[01:41:15:911678 -3:00] [Thread 8432] extDB3: Input from Server: 4:101
[01:41:15:911696 -3:00] [Thread 8432] extDB3: Output to Server: [3]
[01:41:15:911719 -3:00] [Thread 8432] extDB3: Input from Server: 4:101
[01:41:15:911733 -3:00] [Thread 8432] extDB3: Output to Server: [3]
[01:41:15:911752 -3:00] [Thread 8432] extDB3: Input from Server: 4:101
[01:41:15:911768 -3:00] [Thread 8432] extDB3: Output to Server: [3]
[01:41:15:911786 -3:00] [Thread 8432] extDB3: Input from Server: 4:101
[01:41:15:911800 -3:00] [Thread 8432] extDB3: Output to Server: [3]
[01:41:15:911818 -3:00] [Thread 8432] extDB3: Input from Server: 4:101
[01:41:15:911832 -3:00] [Thread 8432] extDB3: Output to Server: [3]
[01:41:15:911851 -3:00] [Thread 8432] extDB3: Input from Server: 4:101
[01:41:15:911867 -3:00] [Thread 8432] extDB3: Output to Server: [3]
[01:41:15:911886 -3:00] [Thread 8432] extDB3: Input from Server: 4:101
[01:41:15:911899 -3:00] [Thread 8432] extDB3: Output to Server: [3]
[01:41:15:911918 -3:00] [Thread 8432] extDB3: Input from Server: 4:101
[01:41:15:911931 -3:00] [Thread 8432] extDB3: Output to Server: [3]
[01:41:15:911950 -3:00] [Thread 8432] extDB3: Input from Server: 4:101
[01:41:15:911964 -3:00] [Thread 8432] extDB3: Output to Server: [3]
[01:41:15:911983 -3:00] [Thread 8432] extDB3: Input from Server: 4:101
[01:41:15:911997 -3:00] [Thread 8432] extDB3: Output to Server: [3]
[01:41:15:912016 -3:00] [Thread 8432] extDB3: Input from Server: 4:101
[01:41:15:912029 -3:00] [Thread 8432] extDB3: Output to Server: [3]
[01:41:15:912048 -3:00] [Thread 8432] extDB3: Input from Server: 4:101
[01:41:15:912062 -3:00] [Thread 8432] extDB3: Output to Server: [3]
[01:41:15:912080 -3:00] [Thread 8432] extDB3: Input from Server: 4:101
[01:41:15:912099 -3:00] [Thread 8432] extDB3: Output to Server: [3]
[01:41:15:912119 -3:00] [Thread 8432] extDB3: Input from Server: 4:101
[01:41:15:912133 -3:00] [Thread 8432] extDB3: Output to Server: [3]
[01:41:15:912151 -3:00] [Thread 8432] extDB3: Input from Server: 4:101
[01:41:15:912165 -3:00] [Thread 8432] extDB3: Output to Server: [3]
[01:41:15:912184 -3:00] [Thread 8432] extDB3: Input from Server: 4:101
[01:41:15:912198 -3:00] [Thread 8432] extDB3: Output to Server: [3]
[01:41:15:912219 -3:00] [Thread 8432] extDB3: Input from Server: 4:101
[01:41:15:912233 -3:00] [Thread 8432] extDB3: Output to Server: [3]
[01:41:15:912251 -3:00] [Thread 8432] extDB3: Input from Server: 4:101
[01:41:15:912265 -3:00] [Thread 8432] extDB3: Output to Server: [3]
[01:41:15:912283 -3:00] [Thread 8432] extDB3: Input from Server: 4:101
[01:41:15:912296 -3:00] [Thread 8432] extDB3: Output to Server: [3]
[01:41:15:912315 -3:00] [Thread 8432] extDB3: Input from Server: 4:101
[01:41:15:912330 -3:00] [Thread 8432] extDB3: Output to Server: [3]
[01:41:15:912349 -3:00] [Thread 8432] extDB3: Input from Server: 4:101
[01:41:15:912362 -3:00] [Thread 8432] extDB3: Output to Server: [3]
[01:41:15:912381 -3:00] [Thread 8432] extDB3: Input from Server: 4:101
[01:41:15:912394 -3:00] [Thread 8432] extDB3: Output to Server: [3]
[01:41:15:912413 -3:00] [Thread 8432] extDB3: Input from Server: 4:101
[01:41:15:912427 -3:00] [Thread 8432] extDB3: Output to Server: [3]
[01:41:15:912447 -3:00] [Thread 8432] extDB3: Input from Server: 4:101
[01:41:15:912461 -3:00] [Thread 8432] extDB3: Output to Server: [3]
[01:41:15:912479 -3:00] [Thread 8432] extDB3: Input from Server: 4:101
[01:41:15:912493 -3:00] [Thread 8432] extDB3: Output to Server: [3]
[01:41:15:912512 -3:00] [Thread 8432] extDB3: Input from Server: 4:101
[01:41:15:912525 -3:00] [Thread 8432] extDB3: Output to Server: [3]
[01:41:15:912544 -3:00] [Thread 8432] extDB3: Input from Server: 4:101
[01:41:15:912557 -3:00] [Thread 8432] extDB3: Output to Server: [3]
[01:41:15:912576 -3:00] [Thread 8432] extDB3: Input from Server: 4:101
[01:41:15:912594 -3:00] [Thread 8432] extDB3: Output to Server: [3]
[01:41:15:912613 -3:00] [Thread 8432] extDB3: Input from Server: 4:101
[01:41:15:912626 -3:00] [Thread 8432] extDB3: Output to Server: [3]
[01:41:15:912647 -3:00] [Thread 8432] extDB3: Input from Server: 4:101
[01:41:15:912663 -3:00] [Thread 8432] extDB3: Output to Server: [3]
[01:41:15:912682 -3:00] [Thread 8432] extDB3: Input from Server: 4:101
[01:41:15:912696 -3:00] [Thread 8432] extDB3: Output to Server: [3]
[01:41:15:912715 -3:00] [Thread 8432] extDB3: Input from Server: 4:101
[01:41:15:912730 -3:00] [Thread 8432] extDB3: Output to Server: [3]
[01:41:15:912751 -3:00] [Thread 8432] extDB3: Input from Server: 4:101
[01:41:15:912765 -3:00] [Thread 8432] extDB3: Output to Server: [3]
[01:41:15:912783 -3:00] [Thread 8432] extDB3: Input from Server: 4:101
[01:41:15:912797 -3:00] [Thread 8432] extDB3: Output to Server: [3]
[01:41:15:912815 -3:00] [Thread 8432] extDB3: Input from Server: 4:101
[01:41:15:912829 -3:00] [Thread 8432] extDB3: Output to Server: [3]
[01:41:15:912848 -3:00] [Thread 8432] extDB3: Input from Server: 4:101
[01:41:15:912863 -3:00] [Thread 8432] extDB3: Output to Server: [3]
[01:41:15:912882 -3:00] [Thread 8432] extDB3: Input from Server: 4:101
[01:41:15:912896 -3:00] [Thread 8432] extDB3: Output to Server: [3]
[01:41:15:912914 -3:00] [Thread 8432] extDB3: Input from Server: 4:101
[01:41:15:912928 -3:00] [Thread 8432] extDB3: Output to Server: [3]
[01:41:15:912947 -3:00] [Thread 8432] extDB3: Input from Server: 4:101
[01:41:15:912961 -3:00] [Thread 8432] extDB3: Output to Server: [3]
[01:41:15:912981 -3:00] [Thread 8432] extDB3: Input from Server: 4:101
[01:41:15:912995 -3:00] [Thread 8432] extDB3: Output to Server: [3]
[01:41:15:913013 -3:00] [Thread 8432] extDB3: Input from Server: 4:101
[01:41:15:913027 -3:00] [Thread 8432] extDB3: Output to Server: [3]
[01:41:15:913045 -3:00] [Thread 8432] extDB3: Input from Server: 4:101
[01:41:15:913059 -3:00] [Thread 8432] extDB3: Output to Server: [3]
[01:41:15:913078 -3:00] [Thread 8432] extDB3: Input from Server: 4:101
[01:41:15:913105 -3:00] [Thread 8432] extDB3: Output to Server: [3]
[01:41:15:913125 -3:00] [Thread 8432] extDB3: Input from Server: 4:101
[01:41:15:913139 -3:00] [Thread 8432] extDB3: Output to Server: [3]
[01:41:15:913158 -3:00] [Thread 8432] extDB3: Input from Server: 4:101
[01:41:15:913171 -3:00] [Thread 8432] extDB3: Output to Server: [3]
[01:41:15:913190 -3:00] [Thread 8432] extDB3: Input from Server: 4:101
[01:41:15:913204 -3:00] [Thread 8432] extDB3: Output to Server: [3]
[01:41:15:913224 -3:00] [Thread 8432] extDB3: Input from Server: 4:101
[01:41:15:913238 -3:00] [Thread 8432] extDB3: Output to Server: [3]
[01:41:15:913257 -3:00] [Thread 8432] extDB3: Input from Server: 4:101
[01:41:15:913270 -3:00] [Thread 8432] extDB3: Output to Server: [3]
[01:41:15:913289 -3:00] [Thread 8432] extDB3: Input from Server: 4:101
[01:41:15:913303 -3:00] [Thread 8432] extDB3: Output to Server: [3]
[01:41:15:913322 -3:00] [Thread 8432] extDB3: Input from Server: 4:101
[01:41:15:913336 -3:00] [Thread 8432] extDB3: Output to Server: [3]
[01:41:15:913354 -3:00] [Thread 8432] extDB3: Input from Server: 4:101
[01:41:15:913368 -3:00] [Thread 8432] extDB3: Output to Server: [3]
[01:41:15:913386 -3:00] [Thread 8432] extDB3: Input from Server: 4:101
[01:41:15:913400 -3:00] [Thread 8432] extDB3: Output to Server: [3]
[01:41:15:913419 -3:00] [Thread 8432] extDB3: Input from Server: 4:101
[01:41:15:913434 -3:00] [Thread 8432] extDB3: Output to Server: [3]
[01:41:15:913454 -3:00] [Thread 8432] extDB3: Input from Server: 4:101
[01:41:15:913467 -3:00] [Thread 8432] extDB3: Output to Server: [3]
[01:41:15:913485 -3:00] [Thread 8432] extDB3: Input from Server: 4:101
[01:41:15:913499 -3:00] [Thread 8432] extDB3: Output to Server: [3]
[01:41:15:913519 -3:00] [Thread 8432] extDB3: Input from Server: 4:101
[01:41:15:913532 -3:00] [Thread 8432] extDB3: Output to Server: [3]
[01:41:15:913551 -3:00] [Thread 8432] extDB3: Input from Server: 4:101
[01:41:15:913565 -3:00] [Thread 8432] extDB3: Output to Server: [3]
[01:41:15:913584 -3:00] [Thread 8432] extDB3: Input from Server: 4:101
[01:41:15:913602 -3:00] [Thread 8432] extDB3: Output to Server: [3]
[01:41:15:913625 -3:00] [Thread 8432] extDB3: Input from Server: 4:101
[01:41:15:913643 -3:00] [Thread 8432] extDB3: Output to Server: [3]
[01:41:15:913663 -3:00] [Thread 8432] extDB3: Input from Server: 4:101
[01:41:15:913677 -3:00] [Thread 8432] extDB3: Output to Server: [3]
[01:41:15:913695 -3:00] [Thread 8432] extDB3: Input from Server: 4:101
[01:41:15:913709 -3:00] [Thread 8432] extDB3: Output to Server: [3]
[01:41:15:913728 -3:00] [Thread 8432] extDB3: Input from Server: 4:101
[01:41:15:913742 -3:00] [Thread 8432] extDB3: Output to Server: [3]
[01:41:15:913761 -3:00] [Thread 8432] extDB3: Input from Server: 4:101
[01:41:15:913775 -3:00] [Thread 8432] extDB3: Output to Server: [3]
[01:41:15:913794 -3:00] [Thread 8432] extDB3: Input from Server: 4:101
[01:41:15:913807 -3:00] [Thread 8432] extDB3: Output to Server: [3]
[01:41:15:913826 -3:00] [Thread 8432] extDB3: Input from Server: 4:101
[01:41:15:913840 -3:00] [Thread 8432] extDB3: Output to Server: [3]
[01:41:15:913861 -3:00] [Thread 8432] extDB3: Input from Server: 4:101
[01:41:15:913874 -3:00] [Thread 8432] extDB3: Output to Server: [3]
[01:41:15:913893 -3:00] [Thread 8432] extDB3: Input from Server: 4:101
[01:41:15:913907 -3:00] [Thread 8432] extDB3: Output to Server: [3]
[01:41:15:913925 -3:00] [Thread 8432] extDB3: Input from Server: 4:101
[01:41:15:913939 -3:00] [Thread 8432] extDB3: Output to Server: [3]
[01:41:15:913958 -3:00] [Thread 8432] extDB3: Input from Server: 4:101
[01:41:15:913974 -3:00] [Thread 8432] extDB3: Output to Server: [3]
[01:41:15:913993 -3:00] [Thread 8432] extDB3: Input from Server: 4:101
[01:41:15:914006 -3:00] [Thread 8432] extDB3: Output to Server: [3]
[01:41:15:914025 -3:00] [Thread 8432] extDB3: Input from Server: 4:101
[01:41:15:914039 -3:00] [Thread 8432] extDB3: Output to Server: [3]
[01:41:15:914057 -3:00] [Thread 8432] extDB3: Input from Server: 4:101
[01:41:15:914073 -3:00] [Thread 8432] extDB3: Output to Server: [3]
[01:41:15:914095 -3:00] [Thread 8432] extDB3: Input from Server: 4:101
[01:41:15:914109 -3:00] [Thread 8432] extDB3: Output to Server: [3]
[01:41:15:914128 -3:00] [Thread 8432] extDB3: Input from Server: 4:101
[01:41:15:914142 -3:00] [Thread 8432] extDB3: Output to Server: [3]
[01:41:15:914161 -3:00] [Thread 8432] extDB3: Input from Server: 4:101
[01:41:15:914175 -3:00] [Thread 8432] extDB3: Output to Server: [3]
[01:41:15:914195 -3:00] [Thread 8432] extDB3: Input from Server: 4:101
[01:41:15:914209 -3:00] [Thread 8432] extDB3: Output to Server: [3]
[01:41:15:914227 -3:00] [Thread 8432] extDB3: Input from Server: 4:101
[01:41:15:914241 -3:00] [Thread 8432] extDB3: Output to Server: [3]
[01:41:15:914260 -3:00] [Thread 8432] extDB3: Input from Server: 4:101
[01:41:15:914274 -3:00] [Thread 8432] extDB3: Output to Server: [3]
[01:41:15:914294 -3:00] [Thread 8432] extDB3: Input from Server: 4:101
[01:41:15:914307 -3:00] [Thread 8432] extDB3: Output to Server: [3]
[01:41:15:914326 -3:00] [Thread 8432] extDB3: Input from Server: 4:101
[01:41:15:914339 -3:00] [Thread 8432] extDB3: Output to Server: [3]
[01:41:15:914358 -3:00] [Thread 8432] extDB3: Input from Server: 4:101
[01:41:15:914371 -3:00] [Thread 8432] extDB3: Output to Server: [3]
[01:41:15:914390 -3:00] [Thread 8432] extDB3: Input from Server: 4:101
[01:41:15:914404 -3:00] [Thread 8432] extDB3: Output to Server: [3]
[01:41:15:914423 -3:00] [Thread 8432] extDB3: Input from Server: 4:101
[01:41:15:914438 -3:00] [Thread 8432] extDB3: Output to Server: [3]
[01:41:15:914456 -3:00] [Thread 8432] extDB3: Input from Server: 4:101
[01:41:15:914470 -3:00] [Thread 8432] extDB3: Output to Server: [3]
[01:41:15:914488 -3:00] [Thread 8432] extDB3: Input from Server: 4:101
[01:41:15:914501 -3:00] [Thread 8432] extDB3: Output to Server: [3]
[01:41:15:914520 -3:00] [Thread 8432] extDB3: Input from Server: 4:101
[01:41:15:914533 -3:00] [Thread 8432] extDB3: Output to Server: [3]
[01:41:15:914552 -3:00] [Thread 8432] extDB3: Input from Server: 4:101
[01:41:15:914565 -3:00] [Thread 8432] extDB3: Output to Server: [3]
[01:41:15:914586 -3:00] [Thread 8432] extDB3: Input from Server: 4:101
[01:41:15:914607 -3:00] [Thread 8432] extDB3: Output to Server: [3]
[01:41:15:914627 -3:00] [Thread 8432] extDB3: Input from Server: 4:101
[01:41:15:914640 -3:00] [Thread 8432] extDB3: Output to Server: [3]
[01:41:15:914659 -3:00] [Thread 8432] extDB3: Input from Server: 4:101
[01:41:15:914672 -3:00] [Thread 8432] extDB3: Output to Server: [3]
[01:41:15:914680 -3:00] [Thread 13868] extDB3: SQL: Trace: Result: [1,[]]
[01:41:15:914720 -3:00] [Thread 8432] extDB3: Input from Server: 4:101
[01:41:15:914741 -3:00] [Thread 8432] extDB3: Output to Server: [1,[]]
[01:41:16:689558 -3:00] [Thread 8432] extDB3: Input from Server: 2:4808:SELECT pid, name, cash, bankacc, adminlevel, donorlevel, civ_licenses, arrested, civ_gear, civ_stats, civ_alive, civ_position, playtime FROM players WHERE pid='76561198091914176'
[01:41:16:689622 -3:00] [Thread 8432] extDB3: Output to Server: [2,"102"]
[01:41:16:689629 -3:00] [Thread 13868] extDB3: SQL: Trace: Input: SELECT pid, name, cash, bankacc, adminlevel, donorlevel, civ_licenses, arrested, civ_gear, civ_stats, civ_alive, civ_position, playtime FROM players WHERE pid='76561198091914176'
[01:41:16:689676 -3:00] [Thread 8432] extDB3: Input from Server: 4:102
[01:41:16:689697 -3:00] [Thread 8432] extDB3: Output to Server: [3]
[01:41:16:689726 -3:00] [Thread 8432] extDB3: Input from Server: 4:102
[01:41:16:689741 -3:00] [Thread 8432] extDB3: Output to Server: [3]
[01:41:16:689761 -3:00] [Thread 8432] extDB3: Input from Server: 4:102
[01:41:16:689775 -3:00] [Thread 8432] extDB3: Output to Server: [3]
[01:41:16:689795 -3:00] [Thread 8432] extDB3: Input from Server: 4:102
[01:41:16:689809 -3:00] [Thread 8432] extDB3: Output to Server: [3]
[01:41:16:689828 -3:00] [Thread 8432] extDB3: Input from Server: 4:102
[01:41:16:689843 -3:00] [Thread 8432] extDB3: Output to Server: [3]
[01:41:16:689862 -3:00] [Thread 8432] extDB3: Input from Server: 4:102
[01:41:16:689878 -3:00] [Thread 8432] extDB3: Output to Server: [3]
[01:41:16:689897 -3:00] [Thread 8432] extDB3: Input from Server: 4:102
[01:41:16:689910 -3:00] [Thread 8432] extDB3: Output to Server: [3]
[01:41:16:689929 -3:00] [Thread 8432] extDB3: Input from Server: 4:102
[01:41:16:689942 -3:00] [Thread 8432] extDB3: Output to Server: [3]
[01:41:16:689960 -3:00] [Thread 8432] extDB3: Input from Server: 4:102
[01:41:16:689973 -3:00] [Thread 8432] extDB3: Output to Server: [3]
[01:41:16:689992 -3:00] [Thread 8432] extDB3: Input from Server: 4:102
[01:41:16:690005 -3:00] [Thread 8432] extDB3: Output to Server: [3]
[01:41:16:690024 -3:00] [Thread 8432] extDB3: Input from Server: 4:102
[01:41:16:690040 -3:00] [Thread 8432] extDB3: Output to Server: [3]
[01:41:16:690059 -3:00] [Thread 8432] extDB3: Input from Server: 4:102
[01:41:16:690072 -3:00] [Thread 8432] extDB3: Output to Server: [3]
[01:41:16:690091 -3:00] [Thread 8432] extDB3: Input from Server: 4:102
[01:41:16:690104 -3:00] [Thread 8432] extDB3: Output to Server: [3]
[01:41:16:690122 -3:00] [Thread 8432] extDB3: Input from Server: 4:102
[01:41:16:690135 -3:00] [Thread 8432] extDB3: Output to Server: [3]
[01:41:16:690161 -3:00] [Thread 8432] extDB3: Input from Server: 4:102
[01:41:16:690177 -3:00] [Thread 8432] extDB3: Output to Server: [3]
[01:41:16:690196 -3:00] [Thread 8432] extDB3: Input from Server: 4:102
[01:41:16:690210 -3:00] [Thread 8432] extDB3: Output to Server: [3]
[01:41:16:690228 -3:00] [Thread 8432] extDB3: Input from Server: 4:102
[01:41:16:690242 -3:00] [Thread 8432] extDB3: Output to Server: [3]
[01:41:16:690260 -3:00] [Thread 8432] extDB3: Input from Server: 4:102
[01:41:16:690274 -3:00] [Thread 8432] extDB3: Output to Server: [3]
[01:41:16:690295 -3:00] [Thread 8432] extDB3: Input from Server: 4:102
[01:41:16:690309 -3:00] [Thread 8432] extDB3: Output to Server: [3]
[01:41:16:690327 -3:00] [Thread 8432] extDB3: Input from Server: 4:102
[01:41:16:690340 -3:00] [Thread 8432] extDB3: Output to Server: [3]
[01:41:16:690358 -3:00] [Thread 8432] extDB3: Input from Server: 4:102
[01:41:16:690377 -3:00] [Thread 8432] extDB3: Output to Server: [3]
[01:41:16:690400 -3:00] [Thread 8432] extDB3: Input from Server: 4:102
[01:41:16:690417 -3:00] [Thread 8432] extDB3: Output to Server: [3]
[01:41:16:690436 -3:00] [Thread 8432] extDB3: Input from Server: 4:102
[01:41:16:690452 -3:00] [Thread 8432] extDB3: Output to Server: [3]
[01:41:16:690471 -3:00] [Thread 8432] extDB3: Input from Server: 4:102
[01:41:16:690484 -3:00] [Thread 8432] extDB3: Output to Server: [3]
[01:41:16:690503 -3:00] [Thread 8432] extDB3: Input from Server: 4:102
[01:41:16:690517 -3:00] [Thread 8432] extDB3: Output to Server: [3]
[01:41:16:690539 -3:00] [Thread 8432] extDB3: Input from Server: 4:102
[01:41:16:690553 -3:00] [Thread 8432] extDB3: Output to Server: [3]
[01:41:16:690571 -3:00] [Thread 8432] extDB3: Input from Server: 4:102
[01:41:16:690585 -3:00] [Thread 8432] extDB3: Output to Server: [3]
[01:41:16:690603 -3:00] [Thread 8432] extDB3: Input from Server: 4:102
[01:41:16:690617 -3:00] [Thread 8432] extDB3: Output to Server: [3]
[01:41:16:690635 -3:00] [Thread 8432] extDB3: Input from Server: 4:102
[01:41:16:690654 -3:00] [Thread 8432] extDB3: Output to Server: [3]
[01:41:16:690673 -3:00] [Thread 8432] extDB3: Input from Server: 4:102
[01:41:16:690687 -3:00] [Thread 8432] extDB3: Output to Server: [3]
[01:41:16:690705 -3:00] [Thread 8432] extDB3: Input from Server: 4:102
[01:41:16:690719 -3:00] [Thread 8432] extDB3: Output to Server: [3]
[01:41:16:690737 -3:00] [Thread 8432] extDB3: Input from Server: 4:102
[01:41:16:690753 -3:00] [Thread 8432] extDB3: Output to Server: [3]
[01:41:16:690772 -3:00] [Thread 8432] extDB3: Input from Server: 4:102
[01:41:16:690785 -3:00] [Thread 8432] extDB3: Output to Server: [3]
[01:41:16:690804 -3:00] [Thread 8432] extDB3: Input from Server: 4:102
[01:41:16:690818 -3:00] [Thread 8432] extDB3: Output to Server: [3]
[01:41:16:690836 -3:00] [Thread 8432] extDB3: Input from Server: 4:102
[01:41:16:690850 -3:00] [Thread 8432] extDB3: Output to Server: [3]
[01:41:16:690869 -3:00] [Thread 8432] extDB3: Input from Server: 4:102
[01:41:16:690882 -3:00] [Thread 8432] extDB3: Output to Server: [3]
[01:41:16:690901 -3:00] [Thread 8432] extDB3: Input from Server: 4:102
[01:41:16:690915 -3:00] [Thread 8432] extDB3: Output to Server: [3]
[01:41:16:690933 -3:00] [Thread 8432] extDB3: Input from Server: 4:102
[01:41:16:690946 -3:00] [Thread 8432] extDB3: Output to Server: [3]
[01:41:16:690965 -3:00] [Thread 8432] extDB3: Input from Server: 4:102
[01:41:16:690979 -3:00] [Thread 8432] extDB3: Output to Server: [3]
[01:41:16:690997 -3:00] [Thread 8432] extDB3: Input from Server: 4:102
[01:41:16:691011 -3:00] [Thread 8432] extDB3: Output to Server: [3]
[01:41:16:691030 -3:00] [Thread 8432] extDB3: Input from Server: 4:102
[01:41:16:691043 -3:00] [Thread 8432] extDB3: Output to Server: [3]
[01:41:16:691062 -3:00] [Thread 8432] extDB3: Input from Server: 4:102
[01:41:16:691075 -3:00] [Thread 8432] extDB3: Output to Server: [3]
[01:41:16:691096 -3:00] [Thread 8432] extDB3: Input from Server: 4:102
[01:41:16:691110 -3:00] [Thread 8432] extDB3: Output to Server: [3]
[01:41:16:691129 -3:00] [Thread 8432] extDB3: Input from Server: 4:102
[01:41:16:691146 -3:00] [Thread 8432] extDB3: Output to Server: [3]
[01:41:16:691165 -3:00] [Thread 8432] extDB3: Input from Server: 4:102
[01:41:16:691179 -3:00] [Thread 8432] extDB3: Output to Server: [3]
[01:41:16:691200 -3:00] [Thread 8432] extDB3: Input from Server: 4:102
[01:41:16:691214 -3:00] [Thread 8432] extDB3: Output to Server: [3]
[01:41:16:691232 -3:00] [Thread 8432] extDB3: Input from Server: 4:102
[01:41:16:691246 -3:00] [Thread 8432] extDB3: Output to Server: [3]
[01:41:16:691265 -3:00] [Thread 8432] extDB3: Input from Server: 4:102
[01:41:16:691278 -3:00] [Thread 8432] extDB3: Output to Server: [3]
[01:41:16:691297 -3:00] [Thread 8432] extDB3: Input from Server: 4:102
[01:41:16:691312 -3:00] [Thread 8432] extDB3: Output to Server: [3]
[01:41:16:691330 -3:00] [Thread 8432] extDB3: Input from Server: 4:102
[01:41:16:691393 -3:00] [Thread 8432] extDB3: Output to Server: [3]
[01:41:16:691420 -3:00] [Thread 8432] extDB3: Input from Server: 4:102
[01:41:16:691437 -3:00] [Thread 8432] extDB3: Output to Server: [3]
[01:41:16:691456 -3:00] [Thread 8432] extDB3: Input from Server: 4:102
[01:41:16:691470 -3:00] [Thread 8432] extDB3: Output to Server: [3]
[01:41:16:691488 -3:00] [Thread 8432] extDB3: Input from Server: 4:102
[01:41:16:691502 -3:00] [Thread 8432] extDB3: Output to Server: [3]
[01:41:16:691520 -3:00] [Thread 8432] extDB3: Input from Server: 4:102
[01:41:16:691534 -3:00] [Thread 8432] extDB3: Output to Server: [3]
[01:41:16:691554 -3:00] [Thread 8432] extDB3: Input from Server: 4:102
[01:41:16:691568 -3:00] [Thread 8432] extDB3: Output to Server: [3]
[01:41:16:691586 -3:00] [Thread 8432] extDB3: Input from Server: 4:102
[01:41:16:691600 -3:00] [Thread 8432] extDB3: Output to Server: [3]
[01:41:16:691618 -3:00] [Thread 8432] extDB3: Input from Server: 4:102
[01:41:16:691632 -3:00] [Thread 8432] extDB3: Output to Server: [3]
[01:41:16:691654 -3:00] [Thread 8432] extDB3: Input from Server: 4:102
[01:41:16:691667 -3:00] [Thread 8432] extDB3: Output to Server: [3]
[01:41:16:691687 -3:00] [Thread 8432] extDB3: Input from Server: 4:102
[01:41:16:691701 -3:00] [Thread 8432] extDB3: Output to Server: [3]
[01:41:16:691719 -3:00] [Thread 8432] extDB3: Input from Server: 4:102
[01:41:16:691733 -3:00] [Thread 8432] extDB3: Output to Server: [3]
[01:41:16:691751 -3:00] [Thread 8432] extDB3: Input from Server: 4:102
[01:41:16:691764 -3:00] [Thread 8432] extDB3: Output to Server: [3]
[01:41:16:691785 -3:00] [Thread 8432] extDB3: Input from Server: 4:102
[01:41:16:691798 -3:00] [Thread 8432] extDB3: Output to Server: [3]
[01:41:16:691817 -3:00] [Thread 8432] extDB3: Input from Server: 4:102
[01:41:16:691830 -3:00] [Thread 8432] extDB3: Output to Server: [3]
[01:41:16:691849 -3:00] [Thread 8432] extDB3: Input from Server: 4:102
[01:41:16:691862 -3:00] [Thread 8432] extDB3: Output to Server: [3]
[01:41:16:691880 -3:00] [Thread 8432] extDB3: Input from Server: 4:102
[01:41:16:691894 -3:00] [Thread 8432] extDB3: Output to Server: [3]
[01:41:16:691912 -3:00] [Thread 8432] extDB3: Input from Server: 4:102
[01:41:16:691927 -3:00] [Thread 8432] extDB3: Output to Server: [3]
[01:41:16:691946 -3:00] [Thread 8432] extDB3: Input from Server: 4:102
[01:41:16:691959 -3:00] [Thread 8432] extDB3: Output to Server: [3]
[01:41:16:691977 -3:00] [Thread 8432] extDB3: Input from Server: 4:102
[01:41:16:691990 -3:00] [Thread 8432] extDB3: Output to Server: [3]
[01:41:16:692008 -3:00] [Thread 8432] extDB3: Input from Server: 4:102
[01:41:16:692022 -3:00] [Thread 8432] extDB3: Output to Server: [3]
[01:41:16:692040 -3:00] [Thread 8432] extDB3: Input from Server: 4:102
[01:41:16:692054 -3:00] [Thread 8432] extDB3: Output to Server: [3]
[01:41:16:692051 -3:00] [Thread 13868] extDB3: SQL: Trace: Result: [1,[]]
[01:41:16:692075 -3:00] [Thread 8432] extDB3: Input from Server: 4:102
[01:41:16:692113 -3:00] [Thread 8432] extDB3: Output to Server: [1,[]]
[01:41:16:847154 -3:00] [Thread 8432] extDB3: Input from Server: 2:4808:SELECT pid, name FROM players WHERE pid='76561198091914176'
[01:41:16:847220 -3:00] [Thread 8432] extDB3: Output to Server: [2,"103"]
[01:41:16:847227 -3:00] [Thread 13868] extDB3: SQL: Trace: Input: SELECT pid, name FROM players WHERE pid='76561198091914176'
[01:41:16:847267 -3:00] [Thread 8432] extDB3: Input from Server: 4:103
[01:41:16:847286 -3:00] [Thread 8432] extDB3: Output to Server: [3]
[01:41:16:847316 -3:00] [Thread 8432] extDB3: Input from Server: 4:103
[01:41:16:847335 -3:00] [Thread 8432] extDB3: Output to Server: [3]
[01:41:16:847355 -3:00] [Thread 8432] extDB3: Input from Server: 4:103
[01:41:16:847368 -3:00] [Thread 8432] extDB3: Output to Server: [3]
[01:41:16:847387 -3:00] [Thread 8432] extDB3: Input from Server: 4:103
[01:41:16:847400 -3:00] [Thread 8432] extDB3: Output to Server: [3]
[01:41:16:847418 -3:00] [Thread 8432] extDB3: Input from Server: 4:103
[01:41:16:847492 -3:00] [Thread 8432] extDB3: Output to Server: [3]
[01:41:16:847520 -3:00] [Thread 8432] extDB3: Input from Server: 4:103
[01:41:16:847535 -3:00] [Thread 8432] extDB3: Output to Server: [3]
[01:41:16:847555 -3:00] [Thread 8432] extDB3: Input from Server: 4:103
[01:41:16:847570 -3:00] [Thread 8432] extDB3: Output to Server: [3]
[01:41:16:847590 -3:00] [Thread 8432] extDB3: Input from Server: 4:103
[01:41:16:847604 -3:00] [Thread 8432] extDB3: Output to Server: [3]
[01:41:16:847622 -3:00] [Thread 8432] extDB3: Input from Server: 4:103
[01:41:16:847636 -3:00] [Thread 8432] extDB3: Output to Server: [3]
[01:41:16:847637 -3:00] [Thread 13868] extDB3: SQL: Trace: Result: [1,[]]
[01:41:16:847657 -3:00] [Thread 8432] extDB3: Input from Server: 4:103
[01:41:16:847691 -3:00] [Thread 8432] extDB3: Output to Server: [1,[]]
[01:41:16:848559 -3:00] [Thread 8432] extDB3: Input from Server: 1:4808:INSERT INTO players (pid, name, cash, bankacc, aliases, cop_licenses, med_licenses, civ_licenses, civ_gear, cop_gear, med_gear) VALUES('76561198091914176', 'Heisemberg', '0', '1000000', '"[`Heisemberg`]"','"[]"','"[]"','"[]"','"[]"','"[]"','"[]"')
[01:41:16:848608 -3:00] [Thread 8432] extDB3: Output to Server: 
[01:41:16:848616 -3:00] [Thread 13868] extDB3: SQL: Trace: Input: INSERT INTO players (pid, name, cash, bankacc, aliases, cop_licenses, med_licenses, civ_licenses, civ_gear, cop_gear, med_gear) VALUES('76561198091914176', 'Heisemberg', '0', '1000000', '"[`Heisemberg`]"','"[]"','"[]"','"[]"','"[]"','"[]"','"[]"')
[01:41:16:946069 -3:00] [Thread 13868] extDB3: SQL: Trace: Result: [1,[]]
[01:41:17:080589 -3:00] [Thread 8432] extDB3: Input from Server: 2:4808:SELECT pid, name, cash, bankacc, adminlevel, donorlevel, civ_licenses, arrested, civ_gear, civ_stats, civ_alive, civ_position, playtime FROM players WHERE pid='76561198091914176'
[01:41:17:080661 -3:00] [Thread 8432] extDB3: Output to Server: [2,"104"]
[01:41:17:080667 -3:00] [Thread 13868] extDB3: SQL: Trace: Input: SELECT pid, name, cash, bankacc, adminlevel, donorlevel, civ_licenses, arrested, civ_gear, civ_stats, civ_alive, civ_position, playtime FROM players WHERE pid='76561198091914176'
[01:41:17:080706 -3:00] [Thread 8432] extDB3: Input from Server: 4:104
[01:41:17:080726 -3:00] [Thread 8432] extDB3: Output to Server: [3]
[01:41:17:080755 -3:00] [Thread 8432] extDB3: Input from Server: 4:104
[01:41:17:080770 -3:00] [Thread 8432] extDB3: Output to Server: [3]
[01:41:17:080790 -3:00] [Thread 8432] extDB3: Input from Server: 4:104
[01:41:17:080804 -3:00] [Thread 8432] extDB3: Output to Server: [3]
[01:41:17:080823 -3:00] [Thread 8432] extDB3: Input from Server: 4:104
[01:41:17:080837 -3:00] [Thread 8432] extDB3: Output to Server: [3]
[01:41:17:080856 -3:00] [Thread 8432] extDB3: Input from Server: 4:104
[01:41:17:080871 -3:00] [Thread 8432] extDB3: Output to Server: [3]
[01:41:17:080890 -3:00] [Thread 8432] extDB3: Input from Server: 4:104
[01:41:17:080907 -3:00] [Thread 8432] extDB3: Output to Server: [3]
[01:41:17:080926 -3:00] [Thread 8432] extDB3: Input from Server: 4:104
[01:41:17:080940 -3:00] [Thread 8432] extDB3: Output to Server: [3]
[01:41:17:080958 -3:00] [Thread 8432] extDB3: Input from Server: 4:104
[01:41:17:080971 -3:00] [Thread 8432] extDB3: Output to Server: [3]
[01:41:17:080989 -3:00] [Thread 8432] extDB3: Input from Server: 4:104
[01:41:17:081003 -3:00] [Thread 8432] extDB3: Output to Server: [3]
[01:41:17:081021 -3:00] [Thread 8432] extDB3: Input from Server: 4:104
[01:41:17:081034 -3:00] [Thread 8432] extDB3: Output to Server: [3]
[01:41:17:081053 -3:00] [Thread 8432] extDB3: Input from Server: 4:104
[01:41:17:081066 -3:00] [Thread 8432] extDB3: Output to Server: [3]
[01:41:17:081086 -3:00] [Thread 8432] extDB3: Input from Server: 4:104
[01:41:17:081100 -3:00] [Thread 8432] extDB3: Output to Server: [3]
[01:41:17:081118 -3:00] [Thread 8432] extDB3: Input from Server: 4:104
[01:41:17:081132 -3:00] [Thread 8432] extDB3: Output to Server: [3]
[01:41:17:081137 -3:00] [Thread 13868] extDB3: SQL: Trace: Result: [1,[['76561198091914176','Heisemberg',0,1000000,0,0,"[]",0,"[]",'"[100,100,0]"',0,'"[]"','"[0,0,0]"']]]
[01:41:17:081150 -3:00] [Thread 8432] extDB3: Input from Server: 4:104
[01:41:17:081251 -3:00] [Thread 8432] extDB3: Output to Server: [1,[['76561198091914176','Heisemberg',0,1000000,0,0,"[]",0,"[]",'"[100,100,0]"',0,'"[]"','"[0,0,0]"']]]
[01:41:17:201916 -3:00] [Thread 8432] extDB3: Input from Server: 2:4808:SELECT pid, pos, classname, inventory, gear, dir, id FROM containers WHERE pid='76561198091914176' AND owned='1'
[01:41:17:201984 -3:00] [Thread 8432] extDB3: Output to Server: [2,"105"]
[01:41:17:202053 -3:00] [Thread 13868] extDB3: SQL: Trace: Input: SELECT pid, pos, classname, inventory, gear, dir, id FROM containers WHERE pid='76561198091914176' AND owned='1'
[01:41:17:202072 -3:00] [Thread 8432] extDB3: Input from Server: 4:105
[01:41:17:202102 -3:00] [Thread 8432] extDB3: Output to Server: [3]
[01:41:17:202136 -3:00] [Thread 8432] extDB3: Input from Server: 4:105
[01:41:17:202152 -3:00] [Thread 8432] extDB3: Output to Server: [3]
[01:41:17:202172 -3:00] [Thread 8432] extDB3: Input from Server: 4:105
[01:41:17:202187 -3:00] [Thread 8432] extDB3: Output to Server: [3]
[01:41:17:202211 -3:00] [Thread 8432] extDB3: Input from Server: 4:105
[01:41:17:202225 -3:00] [Thread 8432] extDB3: Output to Server: [3]
[01:41:17:202244 -3:00] [Thread 8432] extDB3: Input from Server: 4:105
[01:41:17:202257 -3:00] [Thread 8432] extDB3: Output to Server: [3]
[01:41:17:202275 -3:00] [Thread 8432] extDB3: Input from Server: 4:105
[01:41:17:202288 -3:00] [Thread 8432] extDB3: Output to Server: [3]
[01:41:17:202307 -3:00] [Thread 8432] extDB3: Input from Server: 4:105
[01:41:17:202320 -3:00] [Thread 8432] extDB3: Output to Server: [3]
[01:41:17:202339 -3:00] [Thread 8432] extDB3: Input from Server: 4:105
[01:41:17:202353 -3:00] [Thread 8432] extDB3: Output to Server: [3]
[01:41:17:202373 -3:00] [Thread 8432] extDB3: Input from Server: 4:105
[01:41:17:202388 -3:00] [Thread 8432] extDB3: Output to Server: [3]
[01:41:17:202407 -3:00] [Thread 8432] extDB3: Input from Server: 4:105
[01:41:17:202426 -3:00] [Thread 8432] extDB3: Output to Server: [3]
[01:41:17:202458 -3:00] [Thread 8432] extDB3: Input from Server: 4:105
[01:41:17:202475 -3:00] [Thread 8432] extDB3: Output to Server: [3]
[01:41:17:202504 -3:00] [Thread 8432] extDB3: Input from Server: 4:105
[01:41:17:202520 -3:00] [Thread 8432] extDB3: Output to Server: [3]
[01:41:17:202544 -3:00] [Thread 8432] extDB3: Input from Server: 4:105
[01:41:17:202558 -3:00] [Thread 8432] extDB3: Output to Server: [3]
[01:41:17:202579 -3:00] [Thread 8432] extDB3: Input from Server: 4:105
[01:41:17:202593 -3:00] [Thread 8432] extDB3: Output to Server: [3]
[01:41:17:202611 -3:00] [Thread 8432] extDB3: Input from Server: 4:105
[01:41:17:202625 -3:00] [Thread 8432] extDB3: Output to Server: [3]
[01:41:17:202644 -3:00] [Thread 8432] extDB3: Input from Server: 4:105
[01:41:17:202657 -3:00] [Thread 8432] extDB3: Output to Server: [3]
[01:41:17:202675 -3:00] [Thread 8432] extDB3: Input from Server: 4:105
[01:41:17:202689 -3:00] [Thread 8432] extDB3: Output to Server: [3]
[01:41:17:202709 -3:00] [Thread 8432] extDB3: Input from Server: 4:105
[01:41:17:202723 -3:00] [Thread 8432] extDB3: Output to Server: [3]
[01:41:17:202741 -3:00] [Thread 8432] extDB3: Input from Server: 4:105
[01:41:17:202754 -3:00] [Thread 8432] extDB3: Output to Server: [3]
[01:41:17:202773 -3:00] [Thread 8432] extDB3: Input from Server: 4:105
[01:41:17:202786 -3:00] [Thread 8432] extDB3: Output to Server: [3]
[01:41:17:202804 -3:00] [Thread 8432] extDB3: Input from Server: 4:105
[01:41:17:202817 -3:00] [Thread 8432] extDB3: Output to Server: [3]
[01:41:17:202835 -3:00] [Thread 8432] extDB3: Input from Server: 4:105
[01:41:17:202849 -3:00] [Thread 8432] extDB3: Output to Server: [3]
[01:41:17:202867 -3:00] [Thread 8432] extDB3: Input from Server: 4:105
[01:41:17:202882 -3:00] [Thread 8432] extDB3: Output to Server: [3]
[01:41:17:202901 -3:00] [Thread 8432] extDB3: Input from Server: 4:105
[01:41:17:202966 -3:00] [Thread 8432] extDB3: Output to Server: [3]
[01:41:17:203003 -3:00] [Thread 8432] extDB3: Input from Server: 4:105
[01:41:17:203018 -3:00] [Thread 8432] extDB3: Output to Server: [3]
[01:41:17:203037 -3:00] [Thread 8432] extDB3: Input from Server: 4:105
[01:41:17:203051 -3:00] [Thread 8432] extDB3: Output to Server: [3]
[01:41:17:203072 -3:00] [Thread 8432] extDB3: Input from Server: 4:105
[01:41:17:203085 -3:00] [Thread 8432] extDB3: Output to Server: [3]
[01:41:17:203111 -3:00] [Thread 8432] extDB3: Input from Server: 4:105
[01:41:17:203125 -3:00] [Thread 8432] extDB3: Output to Server: [3]
[01:41:17:203143 -3:00] [Thread 8432] extDB3: Input from Server: 4:105
[01:41:17:203157 -3:00] [Thread 8432] extDB3: Output to Server: [3]
[01:41:17:203178 -3:00] [Thread 8432] extDB3: Input from Server: 4:105
[01:41:17:203192 -3:00] [Thread 8432] extDB3: Output to Server: [3]
[01:41:17:203210 -3:00] [Thread 8432] extDB3: Input from Server: 4:105
[01:41:17:203224 -3:00] [Thread 8432] extDB3: Output to Server: [3]
[01:41:17:203242 -3:00] [Thread 8432] extDB3: Input from Server: 4:105
[01:41:17:203256 -3:00] [Thread 8432] extDB3: Output to Server: [3]
[01:41:17:203274 -3:00] [Thread 8432] extDB3: Input from Server: 4:105
[01:41:17:203288 -3:00] [Thread 8432] extDB3: Output to Server: [3]
[01:41:17:203309 -3:00] [Thread 8432] extDB3: Input from Server: 4:105
[01:41:17:203322 -3:00] [Thread 8432] extDB3: Output to Server: [3]
[01:41:17:203341 -3:00] [Thread 8432] extDB3: Input from Server: 4:105
[01:41:17:203354 -3:00] [Thread 8432] extDB3: Output to Server: [3]
[01:41:17:203372 -3:00] [Thread 8432] extDB3: Input from Server: 4:105
[01:41:17:203386 -3:00] [Thread 8432] extDB3: Output to Server: [3]
[01:41:17:203407 -3:00] [Thread 8432] extDB3: Input from Server: 4:105
[01:41:17:203420 -3:00] [Thread 8432] extDB3: Output to Server: [3]
[01:41:17:203439 -3:00] [Thread 8432] extDB3: Input from Server: 4:105
[01:41:17:203457 -3:00] [Thread 8432] extDB3: Output to Server: [3]
[01:41:17:203477 -3:00] [Thread 8432] extDB3: Input from Server: 4:105
[01:41:17:203558 -3:00] [Thread 8432] extDB3: Output to Server: [3]
[01:41:17:203582 -3:00] [Thread 8432] extDB3: Input from Server: 4:105
[01:41:17:203596 -3:00] [Thread 8432] extDB3: Output to Server: [3]
[01:41:17:203615 -3:00] [Thread 8432] extDB3: Input from Server: 4:105
[01:41:17:203628 -3:00] [Thread 8432] extDB3: Output to Server: [3]
[01:41:17:203647 -3:00] [Thread 8432] extDB3: Input from Server: 4:105
[01:41:17:203663 -3:00] [Thread 8432] extDB3: Output to Server: [3]
[01:41:17:203682 -3:00] [Thread 8432] extDB3: Input from Server: 4:105
[01:41:17:203696 -3:00] [Thread 8432] extDB3: Output to Server: [3]
[01:41:17:203714 -3:00] [Thread 8432] extDB3: Input from Server: 4:105
[01:41:17:203728 -3:00] [Thread 8432] extDB3: Output to Server: [3]
[01:41:17:203746 -3:00] [Thread 8432] extDB3: Input from Server: 4:105
[01:41:17:203760 -3:00] [Thread 8432] extDB3: Output to Server: [3]
[01:41:17:203778 -3:00] [Thread 8432] extDB3: Input from Server: 4:105
[01:41:17:203792 -3:00] [Thread 8432] extDB3: Output to Server: [3]
[01:41:17:203810 -3:00] [Thread 8432] extDB3: Input from Server: 4:105
[01:41:17:203824 -3:00] [Thread 8432] extDB3: Output to Server: [3]
[01:41:17:203843 -3:00] [Thread 8432] extDB3: Input from Server: 4:105
[01:41:17:203856 -3:00] [Thread 8432] extDB3: Output to Server: [3]
[01:41:17:203875 -3:00] [Thread 8432] extDB3: Input from Server: 4:105
[01:41:17:203889 -3:00] [Thread 8432] extDB3: Output to Server: [3]
[01:41:17:203907 -3:00] [Thread 8432] extDB3: Input from Server: 4:105
[01:41:17:203921 -3:00] [Thread 8432] extDB3: Output to Server: [3]
[01:41:17:203939 -3:00] [Thread 8432] extDB3: Input from Server: 4:105
[01:41:17:203953 -3:00] [Thread 8432] extDB3: Output to Server: [3]
[01:41:17:203972 -3:00] [Thread 8432] extDB3: Input from Server: 4:105
[01:41:17:203993 -3:00] [Thread 8432] extDB3: Output to Server: [3]
[01:41:17:204013 -3:00] [Thread 8432] extDB3: Input from Server: 4:105
[01:41:17:204060 -3:00] [Thread 8432] extDB3: Output to Server: [3]
[01:41:17:204086 -3:00] [Thread 8432] extDB3: Input from Server: 4:105
[01:41:17:204101 -3:00] [Thread 8432] extDB3: Output to Server: [3]
[01:41:17:204122 -3:00] [Thread 8432] extDB3: Input from Server: 4:105
[01:41:17:204136 -3:00] [Thread 8432] extDB3: Output to Server: [3]
[01:41:17:204154 -3:00] [Thread 8432] extDB3: Input from Server: 4:105
[01:41:17:204168 -3:00] [Thread 8432] extDB3: Output to Server: [3]
[01:41:17:204186 -3:00] [Thread 8432] extDB3: Input from Server: 4:105
[01:41:17:204200 -3:00] [Thread 8432] extDB3: Output to Server: [3]
[01:41:17:204219 -3:00] [Thread 8432] extDB3: Input from Server: 4:105
[01:41:17:204234 -3:00] [Thread 8432] extDB3: Output to Server: [3]
[01:41:17:204253 -3:00] [Thread 8432] extDB3: Input from Server: 4:105
[01:41:17:204271 -3:00] [Thread 8432] extDB3: Output to Server: [3]
[01:41:17:204291 -3:00] [Thread 8432] extDB3: Input from Server: 4:105
[01:41:17:204305 -3:00] [Thread 8432] extDB3: Output to Server: [3]
[01:41:17:204324 -3:00] [Thread 8432] extDB3: Input from Server: 4:105
[01:41:17:204339 -3:00] [Thread 8432] extDB3: Output to Server: [3]
[01:41:17:204357 -3:00] [Thread 8432] extDB3: Input from Server: 4:105
[01:41:17:204371 -3:00] [Thread 8432] extDB3: Output to Server: [3]
[01:41:17:204390 -3:00] [Thread 8432] extDB3: Input from Server: 4:105
[01:41:17:204403 -3:00] [Thread 8432] extDB3: Output to Server: [3]
[01:41:17:204422 -3:00] [Thread 8432] extDB3: Input from Server: 4:105
[01:41:17:204436 -3:00] [Thread 8432] extDB3: Output to Server: [3]
[01:41:17:204460 -3:00] [Thread 8432] extDB3: Input from Server: 4:105
[01:41:17:204475 -3:00] [Thread 8432] extDB3: Output to Server: [3]
[01:41:17:204501 -3:00] [Thread 8432] extDB3: Input from Server: 4:105
[01:41:17:204516 -3:00] [Thread 8432] extDB3: Output to Server: [3]
[01:41:17:204538 -3:00] [Thread 8432] extDB3: Input from Server: 4:105
[01:41:17:204552 -3:00] [Thread 8432] extDB3: Output to Server: [3]
[01:41:17:204573 -3:00] [Thread 8432] extDB3: Input from Server: 4:105
[01:41:17:204586 -3:00] [Thread 8432] extDB3: Output to Server: [3]
[01:41:17:204604 -3:00] [Thread 8432] extDB3: Input from Server: 4:105
[01:41:17:204618 -3:00] [Thread 8432] extDB3: Output to Server: [3]
[01:41:17:204636 -3:00] [Thread 8432] extDB3: Input from Server: 4:105
[01:41:17:204650 -3:00] [Thread 8432] extDB3: Output to Server: [3]
[01:41:17:204668 -3:00] [Thread 8432] extDB3: Input from Server: 4:105
[01:41:17:204682 -3:00] [Thread 8432] extDB3: Output to Server: [3]
[01:41:17:204702 -3:00] [Thread 8432] extDB3: Input from Server: 4:105
[01:41:17:204716 -3:00] [Thread 8432] extDB3: Output to Server: [3]
[01:41:17:204734 -3:00] [Thread 8432] extDB3: Input from Server: 4:105
[01:41:17:204747 -3:00] [Thread 8432] extDB3: Output to Server: [3]
[01:41:17:204903 -3:00] [Thread 13868] extDB3: SQL: Trace: Result: [1,[]]
[01:41:17:284686 -3:00] [Thread 8432] extDB3: Input from Server: 4:105
[01:41:17:284752 -3:00] [Thread 8432] extDB3: Output to Server: [1,[]]
[01:41:17:284948 -3:00] [Thread 8432] extDB3: Input from Server: 2:4808:SELECT pid, pos FROM houses WHERE pid='76561198091914176' AND owned='1'
[01:41:17:284976 -3:00] [Thread 8432] extDB3: Output to Server: [2,"106"]
[01:41:17:284984 -3:00] [Thread 13868] extDB3: SQL: Trace: Input: SELECT pid, pos FROM houses WHERE pid='76561198091914176' AND owned='1'
[01:41:17:285011 -3:00] [Thread 8432] extDB3: Input from Server: 4:106
[01:41:17:285028 -3:00] [Thread 8432] extDB3: Output to Server: [3]
[01:41:17:285057 -3:00] [Thread 8432] extDB3: Input from Server: 4:106
[01:41:17:285071 -3:00] [Thread 8432] extDB3: Output to Server: [3]
[01:41:17:285092 -3:00] [Thread 8432] extDB3: Input from Server: 4:106
[01:41:17:285106 -3:00] [Thread 8432] extDB3: Output to Server: [3]
[01:41:17:285125 -3:00] [Thread 8432] extDB3: Input from Server: 4:106
[01:41:17:285142 -3:00] [Thread 8432] extDB3: Output to Server: [3]
[01:41:17:285160 -3:00] [Thread 8432] extDB3: Input from Server: 4:106
[01:41:17:285179 -3:00] [Thread 8432] extDB3: Output to Server: [3]
[01:41:17:285203 -3:00] [Thread 8432] extDB3: Input from Server: 4:106
[01:41:17:285217 -3:00] [Thread 8432] extDB3: Output to Server: [3]
[01:41:17:285236 -3:00] [Thread 8432] extDB3: Input from Server: 4:106
[01:41:17:285249 -3:00] [Thread 8432] extDB3: Output to Server: [3]
[01:41:17:285268 -3:00] [Thread 8432] extDB3: Input from Server: 4:106
[01:41:17:285281 -3:00] [Thread 8432] extDB3: Output to Server: [3]
[01:41:17:285300 -3:00] [Thread 8432] extDB3: Input from Server: 4:106
[01:41:17:285313 -3:00] [Thread 8432] extDB3: Output to Server: [3]
[01:41:17:285334 -3:00] [Thread 8432] extDB3: Input from Server: 4:106
[01:41:17:285347 -3:00] [Thread 8432] extDB3: Output to Server: [3]
[01:41:17:285366 -3:00] [Thread 8432] extDB3: Input from Server: 4:106
[01:41:17:285379 -3:00] [Thread 8432] extDB3: Output to Server: [3]
[01:41:17:285398 -3:00] [Thread 8432] extDB3: Input from Server: 4:106
[01:41:17:285411 -3:00] [Thread 8432] extDB3: Output to Server: [3]
[01:41:17:285429 -3:00] [Thread 8432] extDB3: Input from Server: 4:106
[01:41:17:285443 -3:00] [Thread 8432] extDB3: Output to Server: [3]
[01:41:17:285464 -3:00] [Thread 8432] extDB3: Input from Server: 4:106
[01:41:17:285477 -3:00] [Thread 8432] extDB3: Output to Server: [3]
[01:41:17:285496 -3:00] [Thread 8432] extDB3: Input from Server: 4:106
[01:41:17:285509 -3:00] [Thread 8432] extDB3: Output to Server: [3]
[01:41:17:285528 -3:00] [Thread 8432] extDB3: Input from Server: 4:106
[01:41:17:285542 -3:00] [Thread 8432] extDB3: Output to Server: [3]
[01:41:17:285561 -3:00] [Thread 8432] extDB3: Input from Server: 4:106
[01:41:17:285574 -3:00] [Thread 8432] extDB3: Output to Server: [3]
[01:41:17:285595 -3:00] [Thread 8432] extDB3: Input from Server: 4:106
[01:41:17:285608 -3:00] [Thread 8432] extDB3: Output to Server: [3]
[01:41:17:285627 -3:00] [Thread 8432] extDB3: Input from Server: 4:106
[01:41:17:285640 -3:00] [Thread 8432] extDB3: Output to Server: [3]
[01:41:17:285659 -3:00] [Thread 8432] extDB3: Input from Server: 4:106
[01:41:17:285672 -3:00] [Thread 8432] extDB3: Output to Server: [3]
[01:41:17:285691 -3:00] [Thread 8432] extDB3: Input from Server: 4:106
[01:41:17:285706 -3:00] [Thread 8432] extDB3: Output to Server: [3]
[01:41:17:285725 -3:00] [Thread 8432] extDB3: Input from Server: 4:106
[01:41:17:285738 -3:00] [Thread 8432] extDB3: Output to Server: [3]
[01:41:17:285757 -3:00] [Thread 8432] extDB3: Input from Server: 4:106
[01:41:17:285771 -3:00] [Thread 8432] extDB3: Output to Server: [3]
[01:41:17:285789 -3:00] [Thread 8432] extDB3: Input from Server: 4:106
[01:41:17:285802 -3:00] [Thread 8432] extDB3: Output to Server: [3]
[01:41:17:285823 -3:00] [Thread 8432] extDB3: Input from Server: 4:106
[01:41:17:285837 -3:00] [Thread 8432] extDB3: Output to Server: [3]
[01:41:17:285855 -3:00] [Thread 8432] extDB3: Input from Server: 4:106
[01:41:17:285869 -3:00] [Thread 8432] extDB3: Output to Server: [3]
[01:41:17:285887 -3:00] [Thread 8432] extDB3: Input from Server: 4:106
[01:41:17:285901 -3:00] [Thread 8432] extDB3: Output to Server: [3]
[01:41:17:285922 -3:00] [Thread 8432] extDB3: Input from Server: 4:106
[01:41:17:285935 -3:00] [Thread 8432] extDB3: Output to Server: [3]
[01:41:17:285953 -3:00] [Thread 8432] extDB3: Input from Server: 4:106
[01:41:17:285967 -3:00] [Thread 8432] extDB3: Output to Server: [3]
[01:41:17:285985 -3:00] [Thread 8432] extDB3: Input from Server: 4:106
[01:41:17:285999 -3:00] [Thread 8432] extDB3: Output to Server: [3]
[01:41:17:286017 -3:00] [Thread 8432] extDB3: Input from Server: 4:106
[01:41:17:286031 -3:00] [Thread 8432] extDB3: Output to Server: [3]
[01:41:17:286051 -3:00] [Thread 8432] extDB3: Input from Server: 4:106
[01:41:17:286064 -3:00] [Thread 8432] extDB3: Output to Server: [3]
[01:41:17:286082 -3:00] [Thread 8432] extDB3: Input from Server: 4:106
[01:41:17:286096 -3:00] [Thread 8432] extDB3: Output to Server: [3]
[01:41:17:286115 -3:00] [Thread 8432] extDB3: Input from Server: 4:106
[01:41:17:286132 -3:00] [Thread 8432] extDB3: Output to Server: [3]
[01:41:17:286153 -3:00] [Thread 8432] extDB3: Input from Server: 4:106
[01:41:17:286167 -3:00] [Thread 8432] extDB3: Output to Server: [3]
[01:41:17:286186 -3:00] [Thread 8432] extDB3: Input from Server: 4:106
[01:41:17:286199 -3:00] [Thread 8432] extDB3: Output to Server: [3]
[01:41:17:286218 -3:00] [Thread 8432] extDB3: Input from Server: 4:106
[01:41:17:286232 -3:00] [Thread 8432] extDB3: Output to Server: [3]
[01:41:17:286253 -3:00] [Thread 8432] extDB3: Input from Server: 4:106
[01:41:17:286266 -3:00] [Thread 8432] extDB3: Output to Server: [3]
[01:41:17:286285 -3:00] [Thread 8432] extDB3: Input from Server: 4:106
[01:41:17:286299 -3:00] [Thread 8432] extDB3: Output to Server: [3]
[01:41:17:286317 -3:00] [Thread 8432] extDB3: Input from Server: 4:106
[01:41:17:286331 -3:00] [Thread 8432] extDB3: Output to Server: [3]
[01:41:17:286351 -3:00] [Thread 8432] extDB3: Input from Server: 4:106
[01:41:17:286365 -3:00] [Thread 8432] extDB3: Output to Server: [3]
[01:41:17:286384 -3:00] [Thread 8432] extDB3: Input from Server: 4:106
[01:41:17:286398 -3:00] [Thread 8432] extDB3: Output to Server: [3]
[01:41:17:286417 -3:00] [Thread 8432] extDB3: Input from Server: 4:106
[01:41:17:286430 -3:00] [Thread 8432] extDB3: Output to Server: [3]
[01:41:17:286449 -3:00] [Thread 8432] extDB3: Input from Server: 4:106
[01:41:17:286465 -3:00] [Thread 8432] extDB3: Output to Server: [3]
[01:41:17:286484 -3:00] [Thread 8432] extDB3: Input from Server: 4:106
[01:41:17:286497 -3:00] [Thread 8432] extDB3: Output to Server: [3]
[01:41:17:286515 -3:00] [Thread 8432] extDB3: Input from Server: 4:106
[01:41:17:286529 -3:00] [Thread 8432] extDB3: Output to Server: [3]
[01:41:17:286548 -3:00] [Thread 8432] extDB3: Input from Server: 4:106
[01:41:17:286571 -3:00] [Thread 8432] extDB3: Output to Server: [3]
[01:41:17:286694 -3:00] [Thread 8432] extDB3: Input from Server: 4:106
[01:41:17:286719 -3:00] [Thread 8432] extDB3: Output to Server: [3]
[01:41:17:286741 -3:00] [Thread 8432] extDB3: Input from Server: 4:106
[01:41:17:286756 -3:00] [Thread 8432] extDB3: Output to Server: [3]
[01:41:17:286776 -3:00] [Thread 8432] extDB3: Input from Server: 4:106
[01:41:17:286789 -3:00] [Thread 8432] extDB3: Output to Server: [3]
[01:41:17:286808 -3:00] [Thread 8432] extDB3: Input from Server: 4:106
[01:41:17:286822 -3:00] [Thread 8432] extDB3: Output to Server: [3]
[01:41:17:286841 -3:00] [Thread 8432] extDB3: Input from Server: 4:106
[01:41:17:286854 -3:00] [Thread 8432] extDB3: Output to Server: [3]
[01:41:17:286873 -3:00] [Thread 8432] extDB3: Input from Server: 4:106
[01:41:17:286886 -3:00] [Thread 8432] extDB3: Output to Server: [3]
[01:41:17:286907 -3:00] [Thread 8432] extDB3: Input from Server: 4:106
[01:41:17:286921 -3:00] [Thread 8432] extDB3: Output to Server: [3]
[01:41:17:286939 -3:00] [Thread 8432] extDB3: Input from Server: 4:106
[01:41:17:286953 -3:00] [Thread 8432] extDB3: Output to Server: [3]
[01:41:17:286972 -3:00] [Thread 8432] extDB3: Input from Server: 4:106
[01:41:17:286985 -3:00] [Thread 8432] extDB3: Output to Server: [3]
[01:41:17:287004 -3:00] [Thread 8432] extDB3: Input from Server: 4:106
[01:41:17:287018 -3:00] [Thread 8432] extDB3: Output to Server: [3]
[01:41:17:287042 -3:00] [Thread 8432] extDB3: Input from Server: 4:106
[01:41:17:287057 -3:00] [Thread 8432] extDB3: Output to Server: [3]
[01:41:17:287076 -3:00] [Thread 8432] extDB3: Input from Server: 4:106
[01:41:17:287090 -3:00] [Thread 8432] extDB3: Output to Server: [3]
[01:41:17:287109 -3:00] [Thread 8432] extDB3: Input from Server: 4:106
[01:41:17:287123 -3:00] [Thread 8432] extDB3: Output to Server: [3]
[01:41:17:287144 -3:00] [Thread 8432] extDB3: Input from Server: 4:106
[01:41:17:287158 -3:00] [Thread 8432] extDB3: Output to Server: [3]
[01:41:17:287177 -3:00] [Thread 8432] extDB3: Input from Server: 4:106
[01:41:17:287191 -3:00] [Thread 8432] extDB3: Output to Server: [3]
[01:41:17:287209 -3:00] [Thread 8432] extDB3: Input from Server: 4:106
[01:41:17:287229 -3:00] [Thread 8432] extDB3: Output to Server: [3]
[01:41:17:287255 -3:00] [Thread 8432] extDB3: Input from Server: 4:106
[01:41:17:287269 -3:00] [Thread 8432] extDB3: Output to Server: [3]
[01:41:17:287288 -3:00] [Thread 8432] extDB3: Input from Server: 4:106
[01:41:17:287301 -3:00] [Thread 8432] extDB3: Output to Server: [3]
[01:41:17:287320 -3:00] [Thread 8432] extDB3: Input from Server: 4:106
[01:41:17:287334 -3:00] [Thread 8432] extDB3: Output to Server: [3]
[01:41:17:287353 -3:00] [Thread 8432] extDB3: Input from Server: 4:106
[01:41:17:287367 -3:00] [Thread 8432] extDB3: Output to Server: [3]
[01:41:17:287386 -3:00] [Thread 8432] extDB3: Input from Server: 4:106
[01:41:17:287400 -3:00] [Thread 8432] extDB3: Output to Server: [3]
[01:41:17:287418 -3:00] [Thread 8432] extDB3: Input from Server: 4:106
[01:41:17:287432 -3:00] [Thread 8432] extDB3: Output to Server: [3]
[01:41:17:287458 -3:00] [Thread 8432] extDB3: Input from Server: 4:106
[01:41:17:287476 -3:00] [Thread 8432] extDB3: Output to Server: [3]
[01:41:17:287495 -3:00] [Thread 8432] extDB3: Input from Server: 4:106
[01:41:17:287508 -3:00] [Thread 8432] extDB3: Output to Server: [3]
[01:41:17:287530 -3:00] [Thread 8432] extDB3: Input from Server: 4:106
[01:41:17:287555 -3:00] [Thread 8432] extDB3: Output to Server: [3]
[01:41:17:287575 -3:00] [Thread 8432] extDB3: Input from Server: 4:106
[01:41:17:287589 -3:00] [Thread 8432] extDB3: Output to Server: [3]
[01:41:17:287608 -3:00] [Thread 8432] extDB3: Input from Server: 4:106
[01:41:17:287624 -3:00] [Thread 8432] extDB3: Output to Server: [3]
[01:41:17:287643 -3:00] [Thread 8432] extDB3: Input from Server: 4:106
[01:41:17:287656 -3:00] [Thread 8432] extDB3: Output to Server: [3]
[01:41:17:287985 -3:00] [Thread 13868] extDB3: SQL: Trace: Result: [1,[]]
[01:41:17:383897 -3:00] [Thread 8432] extDB3: Input from Server: 4:106
[01:41:17:383968 -3:00] [Thread 8432] extDB3: Output to Server: [1,[]]
[01:41:17:527004 -3:00] [Thread 8432] extDB3: Input from Server: 2:4808:SELECT id, owner, name, maxmembers, bank, members FROM gangs WHERE active='1' AND members LIKE '%76561198091914176%'
[01:41:17:527076 -3:00] [Thread 8432] extDB3: Output to Server: [2,"107"]
[01:41:17:527085 -3:00] [Thread 13868] extDB3: SQL: Trace: Input: SELECT id, owner, name, maxmembers, bank, members FROM gangs WHERE active='1' AND members LIKE '%76561198091914176%'
[01:41:17:527122 -3:00] [Thread 8432] extDB3: Input from Server: 4:107
[01:41:17:527141 -3:00] [Thread 8432] extDB3: Output to Server: [3]
[01:41:17:527171 -3:00] [Thread 8432] extDB3: Input from Server: 4:107
[01:41:17:527185 -3:00] [Thread 8432] extDB3: Output to Server: [3]
[01:41:17:527206 -3:00] [Thread 8432] extDB3: Input from Server: 4:107
[01:41:17:527221 -3:00] [Thread 8432] extDB3: Output to Server: [3]
[01:41:17:527241 -3:00] [Thread 8432] extDB3: Input from Server: 4:107
[01:41:17:527256 -3:00] [Thread 8432] extDB3: Output to Server: [3]
[01:41:17:527278 -3:00] [Thread 8432] extDB3: Input from Server: 4:107
[01:41:17:527291 -3:00] [Thread 8432] extDB3: Output to Server: [3]
[01:41:17:527309 -3:00] [Thread 8432] extDB3: Input from Server: 4:107
[01:41:17:527323 -3:00] [Thread 8432] extDB3: Output to Server: [3]
[01:41:17:527341 -3:00] [Thread 8432] extDB3: Input from Server: 4:107
[01:41:17:527354 -3:00] [Thread 8432] extDB3: Output to Server: [3]
[01:41:17:527372 -3:00] [Thread 8432] extDB3: Input from Server: 4:107
[01:41:17:527385 -3:00] [Thread 8432] extDB3: Output to Server: [3]
[01:41:17:527404 -3:00] [Thread 8432] extDB3: Input from Server: 4:107
[01:41:17:527417 -3:00] [Thread 8432] extDB3: Output to Server: [3]
[01:41:17:527436 -3:00] [Thread 8432] extDB3: Input from Server: 4:107
[01:41:17:527451 -3:00] [Thread 8432] extDB3: Output to Server: [3]
[01:41:17:527470 -3:00] [Thread 8432] extDB3: Input from Server: 4:107
[01:41:17:527483 -3:00] [Thread 8432] extDB3: Output to Server: [3]
[01:41:17:527502 -3:00] [Thread 8432] extDB3: Input from Server: 4:107
[01:41:17:527515 -3:00] [Thread 8432] extDB3: Output to Server: [3]
[01:41:17:527539 -3:00] [Thread 8432] extDB3: Input from Server: 4:107
[01:41:17:527557 -3:00] [Thread 8432] extDB3: Output to Server: [3]
[01:41:17:527577 -3:00] [Thread 8432] extDB3: Input from Server: 4:107
[01:41:17:527591 -3:00] [Thread 8432] extDB3: Output to Server: [3]
[01:41:17:527612 -3:00] [Thread 8432] extDB3: Input from Server: 4:107
[01:41:17:527626 -3:00] [Thread 8432] extDB3: Output to Server: [3]
[01:41:17:527644 -3:00] [Thread 8432] extDB3: Input from Server: 4:107
[01:41:17:527658 -3:00] [Thread 8432] extDB3: Output to Server: [3]
[01:41:17:527676 -3:00] [Thread 8432] extDB3: Input from Server: 4:107
[01:41:17:527690 -3:00] [Thread 8432] extDB3: Output to Server: [3]
[01:41:17:527710 -3:00] [Thread 8432] extDB3: Input from Server: 4:107
[01:41:17:527725 -3:00] [Thread 8432] extDB3: Output to Server: [3]
[01:41:17:527744 -3:00] [Thread 8432] extDB3: Input from Server: 4:107
[01:41:17:527758 -3:00] [Thread 8432] extDB3: Output to Server: [3]
[01:41:17:527777 -3:00] [Thread 8432] extDB3: Input from Server: 4:107
[01:41:17:527790 -3:00] [Thread 8432] extDB3: Output to Server: [3]
[01:41:17:527808 -3:00] [Thread 8432] extDB3: Input from Server: 4:107
[01:41:17:527822 -3:00] [Thread 8432] extDB3: Output to Server: [3]
[01:41:17:527842 -3:00] [Thread 8432] extDB3: Input from Server: 4:107
[01:41:17:527856 -3:00] [Thread 8432] extDB3: Output to Server: [3]
[01:41:17:527875 -3:00] [Thread 8432] extDB3: Input from Server: 4:107
[01:41:17:527888 -3:00] [Thread 8432] extDB3: Output to Server: [3]
[01:41:17:527906 -3:00] [Thread 8432] extDB3: Input from Server: 4:107
[01:41:17:527920 -3:00] [Thread 8432] extDB3: Output to Server: [3]
[01:41:17:527939 -3:00] [Thread 8432] extDB3: Input from Server: 4:107
[01:41:17:527954 -3:00] [Thread 8432] extDB3: Output to Server: [3]
[01:41:17:527973 -3:00] [Thread 8432] extDB3: Input from Server: 4:107
[01:41:17:527987 -3:00] [Thread 8432] extDB3: Output to Server: [3]
[01:41:17:528005 -3:00] [Thread 8432] extDB3: Input from Server: 4:107
[01:41:17:528019 -3:00] [Thread 8432] extDB3: Output to Server: [3]
[01:41:17:528037 -3:00] [Thread 8432] extDB3: Input from Server: 4:107
[01:41:17:528053 -3:00] [Thread 8432] extDB3: Output to Server: [3]
[01:41:17:528072 -3:00] [Thread 8432] extDB3: Input from Server: 4:107
[01:41:17:528085 -3:00] [Thread 8432] extDB3: Output to Server: [3]
[01:41:17:528104 -3:00] [Thread 8432] extDB3: Input from Server: 4:107
[01:41:17:528117 -3:00] [Thread 8432] extDB3: Output to Server: [3]
[01:41:17:528136 -3:00] [Thread 8432] extDB3: Input from Server: 4:107
[01:41:17:528150 -3:00] [Thread 8432] extDB3: Output to Server: [3]
[01:41:17:528170 -3:00] [Thread 8432] extDB3: Input from Server: 4:107
[01:41:17:528184 -3:00] [Thread 8432] extDB3: Output to Server: [3]
[01:41:17:528203 -3:00] [Thread 8432] extDB3: Input from Server: 4:107
[01:41:17:528217 -3:00] [Thread 8432] extDB3: Output to Server: [3]
[01:41:17:528235 -3:00] [Thread 8432] extDB3: Input from Server: 4:107
[01:41:17:528250 -3:00] [Thread 8432] extDB3: Output to Server: [3]
[01:41:17:528270 -3:00] [Thread 8432] extDB3: Input from Server: 4:107
[01:41:17:528283 -3:00] [Thread 8432] extDB3: Output to Server: [3]
[01:41:17:528302 -3:00] [Thread 8432] extDB3: Input from Server: 4:107
[01:41:17:528315 -3:00] [Thread 8432] extDB3: Output to Server: [3]
[01:41:17:528334 -3:00] [Thread 8432] extDB3: Input from Server: 4:107
[01:41:17:528347 -3:00] [Thread 8432] extDB3: Output to Server: [3]
[01:41:17:528366 -3:00] [Thread 8432] extDB3: Input from Server: 4:107
[01:41:17:528381 -3:00] [Thread 8432] extDB3: Output to Server: [3]
[01:41:17:528400 -3:00] [Thread 8432] extDB3: Input from Server: 4:107
[01:41:17:528413 -3:00] [Thread 8432] extDB3: Output to Server: [3]
[01:41:17:528432 -3:00] [Thread 8432] extDB3: Input from Server: 4:107
[01:41:17:528445 -3:00] [Thread 8432] extDB3: Output to Server: [3]
[01:41:17:528464 -3:00] [Thread 8432] extDB3: Input from Server: 4:107
[01:41:17:528479 -3:00] [Thread 8432] extDB3: Output to Server: [3]
[01:41:17:528500 -3:00] [Thread 8432] extDB3: Input from Server: 4:107
[01:41:17:528516 -3:00] [Thread 8432] extDB3: Output to Server: [3]
[01:41:17:528535 -3:00] [Thread 8432] extDB3: Input from Server: 4:107
[01:41:17:528549 -3:00] [Thread 8432] extDB3: Output to Server: [3]
[01:41:17:528567 -3:00] [Thread 8432] extDB3: Input from Server: 4:107
[01:41:17:528583 -3:00] [Thread 8432] extDB3: Output to Server: [3]
[01:41:17:528602 -3:00] [Thread 8432] extDB3: Input from Server: 4:107
[01:41:17:528615 -3:00] [Thread 8432] extDB3: Output to Server: [3]
[01:41:17:528634 -3:00] [Thread 8432] extDB3: Input from Server: 4:107
[01:41:17:528648 -3:00] [Thread 8432] extDB3: Output to Server: [3]
[01:41:17:528666 -3:00] [Thread 8432] extDB3: Input from Server: 4:107
[01:41:17:528682 -3:00] [Thread 8432] extDB3: Output to Server: [3]
[01:41:17:528701 -3:00] [Thread 8432] extDB3: Input from Server: 4:107
[01:41:17:528715 -3:00] [Thread 8432] extDB3: Output to Server: [3]
[01:41:17:528734 -3:00] [Thread 8432] extDB3: Input from Server: 4:107
[01:41:17:528747 -3:00] [Thread 8432] extDB3: Output to Server: [3]
[01:41:17:528765 -3:00] [Thread 8432] extDB3: Input from Server: 4:107
[01:41:17:528779 -3:00] [Thread 8432] extDB3: Output to Server: [3]
[01:41:17:528799 -3:00] [Thread 8432] extDB3: Input from Server: 4:107
[01:41:17:528812 -3:00] [Thread 8432] extDB3: Output to Server: [3]
[01:41:17:528831 -3:00] [Thread 8432] extDB3: Input from Server: 4:107
[01:41:17:528844 -3:00] [Thread 8432] extDB3: Output to Server: [3]
[01:41:17:528863 -3:00] [Thread 8432] extDB3: Input from Server: 4:107
[01:41:17:528877 -3:00] [Thread 8432] extDB3: Output to Server: [3]
[01:41:17:528895 -3:00] [Thread 8432] extDB3: Input from Server: 4:107
[01:41:17:528909 -3:00] [Thread 8432] extDB3: Output to Server: [3]
[01:41:17:528927 -3:00] [Thread 8432] extDB3: Input from Server: 4:107
[01:41:17:528941 -3:00] [Thread 8432] extDB3: Output to Server: [3]
[01:41:17:528959 -3:00] [Thread 8432] extDB3: Input from Server: 4:107
[01:41:17:528973 -3:00] [Thread 8432] extDB3: Output to Server: [3]
[01:41:17:528992 -3:00] [Thread 8432] extDB3: Input from Server: 4:107
[01:41:17:529007 -3:00] [Thread 8432] extDB3: Output to Server: [3]
[01:41:17:529026 -3:00] [Thread 8432] extDB3: Input from Server: 4:107
[01:41:17:529039 -3:00] [Thread 8432] extDB3: Output to Server: [3]
[01:41:17:529058 -3:00] [Thread 8432] extDB3: Input from Server: 4:107
[01:41:17:529072 -3:00] [Thread 8432] extDB3: Output to Server: [3]
[01:41:17:529090 -3:00] [Thread 8432] extDB3: Input from Server: 4:107
[01:41:17:529107 -3:00] [Thread 8432] extDB3: Output to Server: [3]
[01:41:17:529125 -3:00] [Thread 8432] extDB3: Input from Server: 4:107
[01:41:17:529138 -3:00] [Thread 8432] extDB3: Output to Server: [3]
[01:41:17:529157 -3:00] [Thread 8432] extDB3: Input from Server: 4:107
[01:41:17:529170 -3:00] [Thread 8432] extDB3: Output to Server: [3]
[01:41:17:529189 -3:00] [Thread 8432] extDB3: Input from Server: 4:107
[01:41:17:529203 -3:00] [Thread 8432] extDB3: Output to Server: [3]
[01:41:17:529260 -3:00] [Thread 8432] extDB3: Input from Server: 4:107
[01:41:17:529281 -3:00] [Thread 8432] extDB3: Output to Server: [3]
[01:41:17:529305 -3:00] [Thread 8432] extDB3: Input from Server: 4:107
[01:41:17:529319 -3:00] [Thread 8432] extDB3: Output to Server: [3]
[01:41:17:529339 -3:00] [Thread 8432] extDB3: Input from Server: 4:107
[01:41:17:529353 -3:00] [Thread 8432] extDB3: Output to Server: [3]
[01:41:17:529372 -3:00] [Thread 8432] extDB3: Input from Server: 4:107
[01:41:17:529385 -3:00] [Thread 8432] extDB3: Output to Server: [3]
[01:41:17:529404 -3:00] [Thread 8432] extDB3: Input from Server: 4:107
[01:41:17:529418 -3:00] [Thread 8432] extDB3: Output to Server: [3]
[01:41:17:529437 -3:00] [Thread 8432] extDB3: Input from Server: 4:107
[01:41:17:529451 -3:00] [Thread 8432] extDB3: Output to Server: [3]
[01:41:17:529471 -3:00] [Thread 8432] extDB3: Input from Server: 4:107
[01:41:17:529485 -3:00] [Thread 8432] extDB3: Output to Server: [3]
[01:41:17:529507 -3:00] [Thread 8432] extDB3: Input from Server: 4:107
[01:41:17:529525 -3:00] [Thread 8432] extDB3: Output to Server: [3]
[01:41:17:529544 -3:00] [Thread 8432] extDB3: Input from Server: 4:107
[01:41:17:529557 -3:00] [Thread 8432] extDB3: Output to Server: [3]
[01:41:17:529576 -3:00] [Thread 8432] extDB3: Input from Server: 4:107
[01:41:17:529579 -3:00] [Thread 13868] extDB3: SQL: Trace: Result: [1,[]]
[01:41:17:529592 -3:00] [Thread 8432] extDB3: Output to Server: [3]
[01:41:17:529651 -3:00] [Thread 8432] extDB3: Input from Server: 4:107
[01:41:17:529669 -3:00] [Thread 8432] extDB3: Output to Server: [1,[]]
[01:41:27:380315 -3:00] [Thread 8432] extDB3: Input from Server: 2:4808:SELECT wantedName FROM wanted WHERE wantedID='76561198091914176'
[01:41:27:380394 -3:00] [Thread 8432] extDB3: Output to Server: [2,"108"]
[01:41:27:380401 -3:00] [Thread 13868] extDB3: SQL: Trace: Input: SELECT wantedName FROM wanted WHERE wantedID='76561198091914176'
[01:41:27:380439 -3:00] [Thread 8432] extDB3: Input from Server: 4:108
[01:41:27:380463 -3:00] [Thread 8432] extDB3: Output to Server: [3]
[01:41:27:380495 -3:00] [Thread 8432] extDB3: Input from Server: 4:108
[01:41:27:380510 -3:00] [Thread 8432] extDB3: Output to Server: [3]
[01:41:27:380536 -3:00] [Thread 8432] extDB3: Input from Server: 4:108
[01:41:27:380549 -3:00] [Thread 8432] extDB3: Output to Server: [3]
[01:41:27:380568 -3:00] [Thread 8432] extDB3: Input from Server: 4:108
[01:41:27:380581 -3:00] [Thread 8432] extDB3: Output to Server: [3]
[01:41:27:380600 -3:00] [Thread 8432] extDB3: Input from Server: 4:108
[01:41:27:380691 -3:00] [Thread 8432] extDB3: Output to Server: [3]
[01:41:27:380716 -3:00] [Thread 8432] extDB3: Input from Server: 4:108
[01:41:27:380730 -3:00] [Thread 8432] extDB3: Output to Server: [3]
[01:41:27:380750 -3:00] [Thread 8432] extDB3: Input from Server: 4:108
[01:41:27:380769 -3:00] [Thread 8432] extDB3: Output to Server: [3]
[01:41:27:380795 -3:00] [Thread 8432] extDB3: Input from Server: 4:108
[01:41:27:380812 -3:00] [Thread 8432] extDB3: Output to Server: [3]
[01:41:27:380834 -3:00] [Thread 8432] extDB3: Input from Server: 4:108
[01:41:27:380851 -3:00] [Thread 8432] extDB3: Output to Server: [3]
[01:41:27:380874 -3:00] [Thread 8432] extDB3: Input from Server: 4:108
[01:41:27:380888 -3:00] [Thread 8432] extDB3: Output to Server: [3]
[01:41:27:380906 -3:00] [Thread 8432] extDB3: Input from Server: 4:108
[01:41:27:380920 -3:00] [Thread 8432] extDB3: Output to Server: [3]
[01:41:27:380938 -3:00] [Thread 8432] extDB3: Input from Server: 4:108
[01:41:27:380954 -3:00] [Thread 8432] extDB3: Output to Server: [3]
[01:41:27:380973 -3:00] [Thread 8432] extDB3: Input from Server: 4:108
[01:41:27:380986 -3:00] [Thread 8432] extDB3: Output to Server: [3]
[01:41:27:381005 -3:00] [Thread 8432] extDB3: Input from Server: 4:108
[01:41:27:381018 -3:00] [Thread 8432] extDB3: Output to Server: [3]
[01:41:27:381036 -3:00] [Thread 8432] extDB3: Input from Server: 4:108
[01:41:27:381050 -3:00] [Thread 8432] extDB3: Output to Server: [3]
[01:41:27:381068 -3:00] [Thread 8432] extDB3: Input from Server: 4:108
[01:41:27:381082 -3:00] [Thread 8432] extDB3: Output to Server: [3]
[01:41:27:381101 -3:00] [Thread 8432] extDB3: Input from Server: 4:108
[01:41:27:381114 -3:00] [Thread 8432] extDB3: Output to Server: [3]
[01:41:27:381133 -3:00] [Thread 8432] extDB3: Input from Server: 4:108
[01:41:27:381146 -3:00] [Thread 8432] extDB3: Output to Server: [3]
[01:41:27:381164 -3:00] [Thread 8432] extDB3: Input from Server: 4:108
[01:41:27:381177 -3:00] [Thread 8432] extDB3: Output to Server: [3]
[01:41:27:381195 -3:00] [Thread 8432] extDB3: Input from Server: 4:108
[01:41:27:381208 -3:00] [Thread 8432] extDB3: Output to Server: [3]
[01:41:27:381227 -3:00] [Thread 8432] extDB3: Input from Server: 4:108
[01:41:27:381241 -3:00] [Thread 8432] extDB3: Output to Server: [3]
[01:41:27:381259 -3:00] [Thread 8432] extDB3: Input from Server: 4:108
[01:41:27:381273 -3:00] [Thread 8432] extDB3: Output to Server: [3]
[01:41:27:381297 -3:00] [Thread 8432] extDB3: Input from Server: 4:108
[01:41:27:381312 -3:00] [Thread 8432] extDB3: Output to Server: [3]
[01:41:27:381331 -3:00] [Thread 8432] extDB3: Input from Server: 4:108
[01:41:27:381345 -3:00] [Thread 8432] extDB3: Output to Server: [3]
[01:41:27:381365 -3:00] [Thread 8432] extDB3: Input from Server: 4:108
[01:41:27:381383 -3:00] [Thread 8432] extDB3: Output to Server: [3]
[01:41:27:381404 -3:00] [Thread 8432] extDB3: Input from Server: 4:108
[01:41:27:381418 -3:00] [Thread 8432] extDB3: Output to Server: [3]
[01:41:27:381437 -3:00] [Thread 8432] extDB3: Input from Server: 4:108
[01:41:27:381456 -3:00] [Thread 8432] extDB3: Output to Server: [3]
[01:41:27:381479 -3:00] [Thread 8432] extDB3: Input from Server: 4:108
[01:41:27:381494 -3:00] [Thread 8432] extDB3: Output to Server: [3]
[01:41:27:381514 -3:00] [Thread 8432] extDB3: Input from Server: 4:108
[01:41:27:381527 -3:00] [Thread 8432] extDB3: Output to Server: [3]
[01:41:27:381546 -3:00] [Thread 8432] extDB3: Input from Server: 4:108
[01:41:27:381559 -3:00] [Thread 8432] extDB3: Output to Server: [3]
[01:41:27:381578 -3:00] [Thread 8432] extDB3: Input from Server: 4:108
[01:41:27:381591 -3:00] [Thread 8432] extDB3: Output to Server: [3]
[01:41:27:381610 -3:00] [Thread 8432] extDB3: Input from Server: 4:108
[01:41:27:381670 -3:00] [Thread 8432] extDB3: Output to Server: [3]
[01:41:27:381692 -3:00] [Thread 8432] extDB3: Input from Server: 4:108
[01:41:27:381706 -3:00] [Thread 8432] extDB3: Output to Server: [3]
[01:41:27:381724 -3:00] [Thread 8432] extDB3: Input from Server: 4:108
[01:41:27:381738 -3:00] [Thread 8432] extDB3: Output to Server: [3]
[01:41:27:381759 -3:00] [Thread 8432] extDB3: Input from Server: 4:108
[01:41:27:381773 -3:00] [Thread 8432] extDB3: Output to Server: [3]
[01:41:27:381791 -3:00] [Thread 8432] extDB3: Input from Server: 4:108
[01:41:27:381805 -3:00] [Thread 8432] extDB3: Output to Server: [3]
[01:41:27:381823 -3:00] [Thread 8432] extDB3: Input from Server: 4:108
[01:41:27:381837 -3:00] [Thread 8432] extDB3: Output to Server: [3]
[01:41:27:381857 -3:00] [Thread 8432] extDB3: Input from Server: 4:108
[01:41:27:381872 -3:00] [Thread 8432] extDB3: Output to Server: [3]
[01:41:27:381891 -3:00] [Thread 8432] extDB3: Input from Server: 4:108
[01:41:27:381904 -3:00] [Thread 8432] extDB3: Output to Server: [3]
[01:41:27:381923 -3:00] [Thread 8432] extDB3: Input from Server: 4:108
[01:41:27:381936 -3:00] [Thread 8432] extDB3: Output to Server: [3]
[01:41:27:381955 -3:00] [Thread 8432] extDB3: Input from Server: 4:108
[01:41:27:381970 -3:00] [Thread 8432] extDB3: Output to Server: [3]
[01:41:27:381989 -3:00] [Thread 8432] extDB3: Input from Server: 4:108
[01:41:27:382002 -3:00] [Thread 8432] extDB3: Output to Server: [3]
[01:41:27:382021 -3:00] [Thread 8432] extDB3: Input from Server: 4:108
[01:41:27:382034 -3:00] [Thread 8432] extDB3: Output to Server: [3]
[01:41:27:382053 -3:00] [Thread 8432] extDB3: Input from Server: 4:108
[01:41:27:382066 -3:00] [Thread 8432] extDB3: Output to Server: [3]
[01:41:27:382085 -3:00] [Thread 8432] extDB3: Input from Server: 4:108
[01:41:27:382099 -3:00] [Thread 8432] extDB3: Output to Server: [3]
[01:41:27:382117 -3:00] [Thread 8432] extDB3: Input from Server: 4:108
[01:41:27:382130 -3:00] [Thread 8432] extDB3: Output to Server: [3]
[01:41:27:382149 -3:00] [Thread 8432] extDB3: Input from Server: 4:108
[01:41:27:382163 -3:00] [Thread 8432] extDB3: Output to Server: [3]
[01:41:27:382183 -3:00] [Thread 8432] extDB3: Input from Server: 4:108
[01:41:27:382197 -3:00] [Thread 8432] extDB3: Output to Server: [3]
[01:41:27:382215 -3:00] [Thread 8432] extDB3: Input from Server: 4:108
[01:41:27:382229 -3:00] [Thread 8432] extDB3: Output to Server: [3]
[01:41:27:382247 -3:00] [Thread 8432] extDB3: Input from Server: 4:108
[01:41:27:382261 -3:00] [Thread 8432] extDB3: Output to Server: [3]
[01:41:27:382280 -3:00] [Thread 8432] extDB3: Input from Server: 4:108
[01:41:27:382295 -3:00] [Thread 8432] extDB3: Output to Server: [3]
[01:41:27:382317 -3:00] [Thread 8432] extDB3: Input from Server: 4:108
[01:41:27:382333 -3:00] [Thread 8432] extDB3: Output to Server: [3]
[01:41:27:382352 -3:00] [Thread 8432] extDB3: Input from Server: 4:108
[01:41:27:382501 -3:00] [Thread 8432] extDB3: Output to Server: [3]
[01:41:27:382529 -3:00] [Thread 8432] extDB3: Input from Server: 4:108
[01:41:27:382544 -3:00] [Thread 8432] extDB3: Output to Server: [3]
[01:41:27:382563 -3:00] [Thread 8432] extDB3: Input from Server: 4:108
[01:41:27:382576 -3:00] [Thread 8432] extDB3: Output to Server: [3]
[01:41:27:382595 -3:00] [Thread 8432] extDB3: Input from Server: 4:108
[01:41:27:382609 -3:00] [Thread 8432] extDB3: Output to Server: [3]
[01:41:27:382628 -3:00] [Thread 8432] extDB3: Input from Server: 4:108
[01:41:27:382642 -3:00] [Thread 8432] extDB3: Output to Server: [3]
[01:41:27:382660 -3:00] [Thread 8432] extDB3: Input from Server: 4:108
[01:41:27:382674 -3:00] [Thread 8432] extDB3: Output to Server: [3]
[01:41:27:382692 -3:00] [Thread 8432] extDB3: Input from Server: 4:108
[01:41:27:382706 -3:00] [Thread 8432] extDB3: Output to Server: [3]
[01:41:27:382724 -3:00] [Thread 8432] extDB3: Input from Server: 4:108
[01:41:27:382740 -3:00] [Thread 8432] extDB3: Output to Server: [3]
[01:41:27:382759 -3:00] [Thread 8432] extDB3: Input from Server: 4:108
[01:41:27:382773 -3:00] [Thread 8432] extDB3: Output to Server: [3]
[01:41:27:382791 -3:00] [Thread 8432] extDB3: Input from Server: 4:108
[01:41:27:382804 -3:00] [Thread 8432] extDB3: Output to Server: [3]
[01:41:27:382823 -3:00] [Thread 8432] extDB3: Input from Server: 4:108
[01:41:27:382836 -3:00] [Thread 8432] extDB3: Output to Server: [3]
[01:41:27:382857 -3:00] [Thread 8432] extDB3: Input from Server: 4:108
[01:41:27:382872 -3:00] [Thread 8432] extDB3: Output to Server: [3]
[01:41:27:382890 -3:00] [Thread 8432] extDB3: Input from Server: 4:108
[01:41:27:382904 -3:00] [Thread 8432] extDB3: Output to Server: [3]
[01:41:27:382922 -3:00] [Thread 8432] extDB3: Input from Server: 4:108
[01:41:27:382972 -3:00] [Thread 8432] extDB3: Output to Server: [3]
[01:41:27:383022 -3:00] [Thread 8432] extDB3: Input from Server: 4:108
[01:41:27:383040 -3:00] [Thread 8432] extDB3: Output to Server: [3]
[01:41:27:383060 -3:00] [Thread 8432] extDB3: Input from Server: 4:108
[01:41:27:383074 -3:00] [Thread 8432] extDB3: Output to Server: [3]
[01:41:27:383092 -3:00] [Thread 8432] extDB3: Input from Server: 4:108
[01:41:27:383106 -3:00] [Thread 8432] extDB3: Output to Server: [3]
[01:41:27:383124 -3:00] [Thread 8432] extDB3: Input from Server: 4:108
[01:41:27:383138 -3:00] [Thread 8432] extDB3: Output to Server: [3]
[01:41:27:383335 -3:00] [Thread 13868] extDB3: SQL: Trace: Result: [1,[]]
[01:41:27:505440 -3:00] [Thread 8432] extDB3: Input from Server: 4:108
[01:41:27:505500 -3:00] [Thread 8432] extDB3: Output to Server: [1,[]]
